



Namespace(cuda='cuda', mode='train', module='Lucky', backbone='resnet50', occluded_duke_path='/home/hy/project/data/Occluded_Duke', occluded_reid_path='/opt/data/private/data/Occluded_REID', partial_duke_path='/opt/data/private/data/P_Duke_OURS/new', partial_reid_path='/opt/data/private/data/Partial-REID_Dataset', partial_ilids_path='/opt/data/private/data/Partial_iLIDS', market_path='/opt/data/private/data//Market-1501-v15.09.15', duke_path='/opt/data/private/data/DukeMTMC-reID', msmt_path='/opt/data/private/data/MSMT17', train_dataset='occluded_duke', test_dataset='occluded_duke', image_size=[256, 128], use_rea=True, use_colorjitor=False, seed=1, batchsize=64, num_instances=8, pid_num=702, in_dim=2048, learning_rate=0.0003, lambda1=0.007, weight_decay=0.0005, milestones=[40, 70], output_path='results/occluded_duke', max_save_model_num=1, resume_train_epoch=-1, auto_resume_training_from_lastest_step=True, total_train_epoch=120, eval_epoch=5, resume_test_model=119, test_mode='inter-camera')
Time: 2024-10-25 23:13:53; Epoch: 0; pid_loss: 6.5506244;  quantified_localized_integrating_pid_loss: 6.547088;  quantified_localized_integrating_reasoning_loss: 367.18698;  
Time: 2024-10-25 23:14:55; Epoch: 1; pid_loss: 6.3858232;  quantified_localized_integrating_pid_loss: 6.3096337;  quantified_localized_integrating_reasoning_loss: 351.752;  
Time: 2024-10-25 23:15:57; Epoch: 2; pid_loss: 5.7894206;  quantified_localized_integrating_pid_loss: 5.5880876;  quantified_localized_integrating_reasoning_loss: 339.0448;  
Time: 2024-10-25 23:16:59; Epoch: 3; pid_loss: 5.0187316;  quantified_localized_integrating_pid_loss: 4.7113175;  quantified_localized_integrating_reasoning_loss: 333.3917;  
Time: 2024-10-25 23:18:01; Epoch: 4; pid_loss: 4.270171;  quantified_localized_integrating_pid_loss: 3.8186944;  quantified_localized_integrating_reasoning_loss: 327.97882;  
Time: 2024-10-25 23:18:58; Test on Dataset: occluded_duke, 
mAP: 0.25710396326803736 
 Rank: [0.37556561 0.44977376 0.49049774 0.51900452 0.54298643 0.55746606
 0.57511312 0.58642534 0.59457014 0.60361991 0.61312217 0.62352941
 0.6321267  0.64027149 0.6479638  0.65429864 0.66063348 0.66470588
 0.6678733  0.67285068]
Time: 2024-10-25 23:19:59; Epoch: 5; pid_loss: 3.6025543;  quantified_localized_integrating_pid_loss: 3.00198;  quantified_localized_integrating_reasoning_loss: 322.63324;  
Time: 2024-10-25 23:21:01; Epoch: 6; pid_loss: 3.0421717;  quantified_localized_integrating_pid_loss: 2.3203495;  quantified_localized_integrating_reasoning_loss: 317.326;  
Time: 2024-10-25 23:22:03; Epoch: 7; pid_loss: 2.627426;  quantified_localized_integrating_pid_loss: 1.850491;  quantified_localized_integrating_reasoning_loss: 308.79504;  
Time: 2024-10-25 23:23:06; Epoch: 8; pid_loss: 2.2923899;  quantified_localized_integrating_pid_loss: 1.5659953;  quantified_localized_integrating_reasoning_loss: 299.60245;  
Time: 2024-10-25 23:24:08; Epoch: 9; pid_loss: 2.075699;  quantified_localized_integrating_pid_loss: 1.409338;  quantified_localized_integrating_reasoning_loss: 287.45337;  
Time: 2024-10-25 23:25:05; Test on Dataset: occluded_duke, 
mAP: 0.35470688248530813 
 Rank: [0.47058824 0.56334842 0.60542986 0.63574661 0.65565611 0.67647059
 0.68914027 0.69954751 0.71085973 0.72081448 0.73122172 0.73755656
 0.74343891 0.74841629 0.75384615 0.76199095 0.76832579 0.77149321
 0.77782805 0.78099548]
Time: 2024-10-25 23:26:07; Epoch: 10; pid_loss: 1.9202594;  quantified_localized_integrating_pid_loss: 1.3292739;  quantified_localized_integrating_reasoning_loss: 273.82025;  
Time: 2024-10-25 23:27:09; Epoch: 11; pid_loss: 1.7857795;  quantified_localized_integrating_pid_loss: 1.2737842;  quantified_localized_integrating_reasoning_loss: 259.26318;  
Time: 2024-10-25 23:28:11; Epoch: 12; pid_loss: 1.65442;  quantified_localized_integrating_pid_loss: 1.2295847;  quantified_localized_integrating_reasoning_loss: 244.42342;  
Time: 2024-10-25 23:29:13; Epoch: 13; pid_loss: 1.5942453;  quantified_localized_integrating_pid_loss: 1.2127157;  quantified_localized_integrating_reasoning_loss: 230.29576;  
Time: 2024-10-25 23:30:16; Epoch: 14; pid_loss: 1.5500975;  quantified_localized_integrating_pid_loss: 1.2005718;  quantified_localized_integrating_reasoning_loss: 216.8979;  
Time: 2024-10-25 23:31:13; Test on Dataset: occluded_duke, 
mAP: 0.38077955828817084 
 Rank: [0.51131222 0.58371041 0.62986425 0.66108597 0.68280543 0.69773756
 0.71266968 0.72443439 0.73438914 0.74253394 0.74977376 0.75520362
 0.760181   0.76651584 0.77104072 0.77782805 0.78054299 0.78642534
 0.79140271 0.79457014]
Time: 2024-10-25 23:32:15; Epoch: 15; pid_loss: 1.5086007;  quantified_localized_integrating_pid_loss: 1.1883122;  quantified_localized_integrating_reasoning_loss: 204.86845;  
Time: 2024-10-25 23:33:17; Epoch: 16; pid_loss: 1.4849323;  quantified_localized_integrating_pid_loss: 1.1792091;  quantified_localized_integrating_reasoning_loss: 193.23256;  
Time: 2024-10-25 23:34:19; Epoch: 17; pid_loss: 1.4892427;  quantified_localized_integrating_pid_loss: 1.1802642;  quantified_localized_integrating_reasoning_loss: 184.29405;  
Time: 2024-10-25 23:35:21; Epoch: 18; pid_loss: 1.4579337;  quantified_localized_integrating_pid_loss: 1.1692202;  quantified_localized_integrating_reasoning_loss: 175.13553;  
Time: 2024-10-25 23:36:23; Epoch: 19; pid_loss: 1.4379005;  quantified_localized_integrating_pid_loss: 1.1555902;  quantified_localized_integrating_reasoning_loss: 167.03574;  
Time: 2024-10-25 23:37:20; Test on Dataset: occluded_duke, 
mAP: 0.3968630746517117 
 Rank: [0.52171946 0.58823529 0.62850679 0.65927602 0.67782805 0.69502262
 0.70859729 0.71945701 0.7280543  0.7361991  0.74479638 0.75158371
 0.75746606 0.76334842 0.7678733  0.77556561 0.78280543 0.78959276
 0.79321267 0.79773756]
Time: 2024-10-25 23:38:22; Epoch: 20; pid_loss: 1.4317535;  quantified_localized_integrating_pid_loss: 1.1630737;  quantified_localized_integrating_reasoning_loss: 159.63542;  
Time: 2024-10-25 23:39:24; Epoch: 21; pid_loss: 1.404769;  quantified_localized_integrating_pid_loss: 1.1523385;  quantified_localized_integrating_reasoning_loss: 153.07507;  
Time: 2024-10-25 23:40:26; Epoch: 22; pid_loss: 1.3884096;  quantified_localized_integrating_pid_loss: 1.141971;  quantified_localized_integrating_reasoning_loss: 146.47748;  
Time: 2024-10-25 23:41:29; Epoch: 23; pid_loss: 1.4065156;  quantified_localized_integrating_pid_loss: 1.1487386;  quantified_localized_integrating_reasoning_loss: 141.53297;  
Time: 2024-10-25 23:42:31; Epoch: 24; pid_loss: 1.3879489;  quantified_localized_integrating_pid_loss: 1.1425501;  quantified_localized_integrating_reasoning_loss: 137.81485;  
Time: 2024-10-25 23:43:28; Test on Dataset: occluded_duke, 
mAP: 0.4338174157179314 
 Rank: [0.56108597 0.62624434 0.66606335 0.69004525 0.71221719 0.73122172
 0.74524887 0.76199095 0.77013575 0.77963801 0.78959276 0.79638009
 0.80090498 0.80588235 0.80950226 0.81357466 0.8199095  0.82624434
 0.82986425 0.83257919]
Time: 2024-10-25 23:44:31; Epoch: 25; pid_loss: 1.3655336;  quantified_localized_integrating_pid_loss: 1.1330318;  quantified_localized_integrating_reasoning_loss: 132.9152;  
Time: 2024-10-25 23:45:33; Epoch: 26; pid_loss: 1.363073;  quantified_localized_integrating_pid_loss: 1.1311502;  quantified_localized_integrating_reasoning_loss: 129.08453;  
Time: 2024-10-25 23:46:36; Epoch: 27; pid_loss: 1.361227;  quantified_localized_integrating_pid_loss: 1.1284611;  quantified_localized_integrating_reasoning_loss: 125.715996;  
Time: 2024-10-25 23:47:38; Epoch: 28; pid_loss: 1.3424112;  quantified_localized_integrating_pid_loss: 1.1250656;  quantified_localized_integrating_reasoning_loss: 122.25374;  
Time: 2024-10-25 23:48:40; Epoch: 29; pid_loss: 1.3415284;  quantified_localized_integrating_pid_loss: 1.1231402;  quantified_localized_integrating_reasoning_loss: 119.165596;  
Time: 2024-10-25 23:49:37; Test on Dataset: occluded_duke, 
mAP: 0.3876104465272097 
 Rank: [0.50723982 0.58371041 0.61900452 0.64751131 0.66877828 0.68687783
 0.70226244 0.71357466 0.7239819  0.73076923 0.73891403 0.7479638
 0.75746606 0.7638009  0.76968326 0.77647059 0.78325792 0.78778281
 0.79366516 0.79773756]
Time: 2024-10-25 23:50:39; Epoch: 30; pid_loss: 1.3192544;  quantified_localized_integrating_pid_loss: 1.1191182;  quantified_localized_integrating_reasoning_loss: 116.54996;  
Time: 2024-10-25 23:51:42; Epoch: 31; pid_loss: 1.3367633;  quantified_localized_integrating_pid_loss: 1.1246681;  quantified_localized_integrating_reasoning_loss: 114.16873;  
Time: 2024-10-25 23:52:44; Epoch: 32; pid_loss: 1.323425;  quantified_localized_integrating_pid_loss: 1.1216232;  quantified_localized_integrating_reasoning_loss: 112.43798;  
Time: 2024-10-25 23:53:46; Epoch: 33; pid_loss: 1.3168639;  quantified_localized_integrating_pid_loss: 1.1127023;  quantified_localized_integrating_reasoning_loss: 110.126785;  
Time: 2024-10-25 23:54:47; Epoch: 34; pid_loss: 1.3091191;  quantified_localized_integrating_pid_loss: 1.1109917;  quantified_localized_integrating_reasoning_loss: 108.02776;  
Time: 2024-10-25 23:55:44; Test on Dataset: occluded_duke, 
mAP: 0.4100563948131247 
 Rank: [0.52126697 0.59230769 0.63122172 0.66244344 0.6841629  0.69773756
 0.71538462 0.72895928 0.74117647 0.7479638  0.75429864 0.760181
 0.76606335 0.77330317 0.77828054 0.78506787 0.78868778 0.79411765
 0.79683258 0.80180995]
Time: 2024-10-25 23:56:46; Epoch: 35; pid_loss: 1.298172;  quantified_localized_integrating_pid_loss: 1.1100575;  quantified_localized_integrating_reasoning_loss: 105.92204;  
Time: 2024-10-25 23:57:48; Epoch: 36; pid_loss: 1.2965472;  quantified_localized_integrating_pid_loss: 1.1105022;  quantified_localized_integrating_reasoning_loss: 104.205284;  
Time: 2024-10-25 23:58:50; Epoch: 37; pid_loss: 1.3018428;  quantified_localized_integrating_pid_loss: 1.1092789;  quantified_localized_integrating_reasoning_loss: 103.42792;  
Time: 2024-10-25 23:59:52; Epoch: 38; pid_loss: 1.2909952;  quantified_localized_integrating_pid_loss: 1.1022764;  quantified_localized_integrating_reasoning_loss: 101.78233;  
Time: 2024-10-26 00:00:54; Epoch: 39; pid_loss: 1.2786964;  quantified_localized_integrating_pid_loss: 1.1010478;  quantified_localized_integrating_reasoning_loss: 100.10825;  
Time: 2024-10-26 00:01:50; Test on Dataset: occluded_duke, 
mAP: 0.4355566883082857 
 Rank: [0.54434389 0.62171946 0.67149321 0.70180995 0.72036199 0.73800905
 0.75113122 0.76244344 0.77330317 0.78371041 0.79230769 0.79773756
 0.8040724  0.80995475 0.81447964 0.81900452 0.82352941 0.82579186
 0.82760181 0.82941176]
Time: 2024-10-26 00:02:52; Epoch: 40; pid_loss: 1.2033234;  quantified_localized_integrating_pid_loss: 1.0832092;  quantified_localized_integrating_reasoning_loss: 98.43762;  
Time: 2024-10-26 00:03:54; Epoch: 41; pid_loss: 1.1557277;  quantified_localized_integrating_pid_loss: 1.060751;  quantified_localized_integrating_reasoning_loss: 97.02899;  
Time: 2024-10-26 00:04:56; Epoch: 42; pid_loss: 1.1448371;  quantified_localized_integrating_pid_loss: 1.0554008;  quantified_localized_integrating_reasoning_loss: 95.99446;  
Time: 2024-10-26 00:05:59; Epoch: 43; pid_loss: 1.1394836;  quantified_localized_integrating_pid_loss: 1.0529324;  quantified_localized_integrating_reasoning_loss: 94.79303;  
Time: 2024-10-26 00:07:01; Epoch: 44; pid_loss: 1.1347256;  quantified_localized_integrating_pid_loss: 1.0507516;  quantified_localized_integrating_reasoning_loss: 93.80548;  
Time: 2024-10-26 00:07:58; Test on Dataset: occluded_duke, 
mAP: 0.5125014601250673 
 Rank: [0.62941176 0.70135747 0.73936652 0.76289593 0.78099548 0.7959276
 0.81040724 0.82171946 0.83257919 0.83936652 0.8438914  0.84886878
 0.85746606 0.860181   0.86696833 0.87104072 0.87420814 0.87692308
 0.87873303 0.88325792]
Time: 2024-10-26 00:08:59; Epoch: 45; pid_loss: 1.1321123;  quantified_localized_integrating_pid_loss: 1.0513604;  quantified_localized_integrating_reasoning_loss: 93.054214;  
Time: 2024-10-26 00:10:02; Epoch: 46; pid_loss: 1.1317346;  quantified_localized_integrating_pid_loss: 1.0498422;  quantified_localized_integrating_reasoning_loss: 92.16693;  
Time: 2024-10-26 00:11:04; Epoch: 47; pid_loss: 1.127174;  quantified_localized_integrating_pid_loss: 1.0492119;  quantified_localized_integrating_reasoning_loss: 91.17117;  
Time: 2024-10-26 00:12:06; Epoch: 48; pid_loss: 1.1290956;  quantified_localized_integrating_pid_loss: 1.0488011;  quantified_localized_integrating_reasoning_loss: 90.692924;  
Time: 2024-10-26 00:13:09; Epoch: 49; pid_loss: 1.1283177;  quantified_localized_integrating_pid_loss: 1.0487647;  quantified_localized_integrating_reasoning_loss: 89.90562;  
Time: 2024-10-26 00:14:05; Test on Dataset: occluded_duke, 
mAP: 0.5272712246125599 
 Rank: [0.64434389 0.71312217 0.74253394 0.76923077 0.79004525 0.80678733
 0.82352941 0.83393665 0.84117647 0.84615385 0.85158371 0.85927602
 0.86244344 0.86651584 0.87285068 0.87782805 0.87963801 0.88099548
 0.8841629  0.88642534]
Time: 2024-10-26 00:15:07; Epoch: 50; pid_loss: 1.1289082;  quantified_localized_integrating_pid_loss: 1.0495951;  quantified_localized_integrating_reasoning_loss: 89.31405;  
Time: 2024-10-26 00:16:09; Epoch: 51; pid_loss: 1.1237718;  quantified_localized_integrating_pid_loss: 1.046683;  quantified_localized_integrating_reasoning_loss: 88.668;  
Time: 2024-10-26 00:17:11; Epoch: 52; pid_loss: 1.126041;  quantified_localized_integrating_pid_loss: 1.047797;  quantified_localized_integrating_reasoning_loss: 88.09492;  
Time: 2024-10-26 00:18:13; Epoch: 53; pid_loss: 1.1268146;  quantified_localized_integrating_pid_loss: 1.0473983;  quantified_localized_integrating_reasoning_loss: 87.754135;  
Time: 2024-10-26 00:19:16; Epoch: 54; pid_loss: 1.1213638;  quantified_localized_integrating_pid_loss: 1.0463116;  quantified_localized_integrating_reasoning_loss: 87.253944;  
Time: 2024-10-26 00:20:13; Test on Dataset: occluded_duke, 
mAP: 0.5345743832243008 
 Rank: [0.64886878 0.7199095  0.75701357 0.78280543 0.8        0.81447964
 0.82624434 0.83665158 0.84615385 0.85113122 0.85791855 0.86199095
 0.86561086 0.87104072 0.87330317 0.87647059 0.87828054 0.88144796
 0.88371041 0.88687783]
Time: 2024-10-26 00:21:15; Epoch: 55; pid_loss: 1.1212568;  quantified_localized_integrating_pid_loss: 1.0470194;  quantified_localized_integrating_reasoning_loss: 86.97813;  
Time: 2024-10-26 00:22:17; Epoch: 56; pid_loss: 1.1264856;  quantified_localized_integrating_pid_loss: 1.0464684;  quantified_localized_integrating_reasoning_loss: 86.6493;  
Time: 2024-10-26 00:23:20; Epoch: 57; pid_loss: 1.1205264;  quantified_localized_integrating_pid_loss: 1.0471576;  quantified_localized_integrating_reasoning_loss: 86.252785;  
Time: 2024-10-26 00:24:22; Epoch: 58; pid_loss: 1.1167719;  quantified_localized_integrating_pid_loss: 1.0464574;  quantified_localized_integrating_reasoning_loss: 86.008766;  
Time: 2024-10-26 00:25:24; Epoch: 59; pid_loss: 1.119228;  quantified_localized_integrating_pid_loss: 1.0449755;  quantified_localized_integrating_reasoning_loss: 85.70053;  
Time: 2024-10-26 00:26:21; Test on Dataset: occluded_duke, 
mAP: 0.5402093487261553 
 Rank: [0.66153846 0.72217195 0.75656109 0.78190045 0.8        0.81447964
 0.82895928 0.84208145 0.85248869 0.85927602 0.86470588 0.86877828
 0.87330317 0.87692308 0.88099548 0.8841629  0.88733032 0.88959276
 0.89366516 0.8959276 ]
Time: 2024-10-26 00:27:23; Epoch: 60; pid_loss: 1.1194382;  quantified_localized_integrating_pid_loss: 1.0458124;  quantified_localized_integrating_reasoning_loss: 85.391914;  
Time: 2024-10-26 00:28:25; Epoch: 61; pid_loss: 1.1137944;  quantified_localized_integrating_pid_loss: 1.0444546;  quantified_localized_integrating_reasoning_loss: 85.050316;  
Time: 2024-10-26 00:29:27; Epoch: 62; pid_loss: 1.1161193;  quantified_localized_integrating_pid_loss: 1.0433867;  quantified_localized_integrating_reasoning_loss: 84.8471;  
Time: 2024-10-26 00:30:28; Epoch: 63; pid_loss: 1.1163418;  quantified_localized_integrating_pid_loss: 1.0436965;  quantified_localized_integrating_reasoning_loss: 84.612175;  
Time: 2024-10-26 00:31:31; Epoch: 64; pid_loss: 1.1106474;  quantified_localized_integrating_pid_loss: 1.0437895;  quantified_localized_integrating_reasoning_loss: 84.25469;  
Time: 2024-10-26 00:32:27; Test on Dataset: occluded_duke, 
mAP: 0.5404658541988295 
 Rank: [0.66199095 0.72669683 0.75791855 0.78597285 0.80271493 0.81628959
 0.82895928 0.83755656 0.84570136 0.85158371 0.85882353 0.86334842
 0.87285068 0.87828054 0.87963801 0.88325792 0.88823529 0.88959276
 0.89140271 0.89411765]
Time: 2024-10-26 00:33:29; Epoch: 65; pid_loss: 1.1138647;  quantified_localized_integrating_pid_loss: 1.043798;  quantified_localized_integrating_reasoning_loss: 84.15817;  
Time: 2024-10-26 00:34:31; Epoch: 66; pid_loss: 1.1131561;  quantified_localized_integrating_pid_loss: 1.0430156;  quantified_localized_integrating_reasoning_loss: 83.86303;  
Time: 2024-10-26 00:35:33; Epoch: 67; pid_loss: 1.1104367;  quantified_localized_integrating_pid_loss: 1.0413692;  quantified_localized_integrating_reasoning_loss: 83.66946;  
Time: 2024-10-26 00:36:35; Epoch: 68; pid_loss: 1.1059211;  quantified_localized_integrating_pid_loss: 1.0406052;  quantified_localized_integrating_reasoning_loss: 83.359314;  
Time: 2024-10-26 00:37:37; Epoch: 69; pid_loss: 1.1092771;  quantified_localized_integrating_pid_loss: 1.0411463;  quantified_localized_integrating_reasoning_loss: 83.234406;  
Time: 2024-10-26 00:38:34; Test on Dataset: occluded_duke, 
mAP: 0.5431711502697756 
 Rank: [0.66153846 0.73122172 0.7638009  0.78461538 0.80226244 0.81674208
 0.8280543  0.839819   0.84705882 0.85429864 0.86063348 0.86561086
 0.87330317 0.87828054 0.88144796 0.8841629  0.88687783 0.88959276
 0.89321267 0.8959276 ]
Time: 2024-10-26 00:39:36; Epoch: 70; pid_loss: 1.1011097;  quantified_localized_integrating_pid_loss: 1.0392808;  quantified_localized_integrating_reasoning_loss: 82.97911;  
Time: 2024-10-26 00:40:39; Epoch: 71; pid_loss: 1.1014433;  quantified_localized_integrating_pid_loss: 1.0374421;  quantified_localized_integrating_reasoning_loss: 82.937515;  
Time: 2024-10-26 00:41:41; Epoch: 72; pid_loss: 1.0902865;  quantified_localized_integrating_pid_loss: 1.0357969;  quantified_localized_integrating_reasoning_loss: 82.83978;  
Time: 2024-10-26 00:42:43; Epoch: 73; pid_loss: 1.0963353;  quantified_localized_integrating_pid_loss: 1.0368248;  quantified_localized_integrating_reasoning_loss: 82.88307;  
Time: 2024-10-26 00:43:45; Epoch: 74; pid_loss: 1.0931284;  quantified_localized_integrating_pid_loss: 1.036542;  quantified_localized_integrating_reasoning_loss: 82.68712;  
Time: 2024-10-26 00:44:42; Test on Dataset: occluded_duke, 
mAP: 0.547560665532246 
 Rank: [0.66153846 0.73348416 0.76561086 0.78823529 0.80497738 0.81719457
 0.8321267  0.84479638 0.85520362 0.86289593 0.86696833 0.87149321
 0.87692308 0.8800905  0.88325792 0.88461538 0.88778281 0.8918552
 0.89411765 0.89638009]
Time: 2024-10-26 00:45:43; Epoch: 75; pid_loss: 1.0926048;  quantified_localized_integrating_pid_loss: 1.036639;  quantified_localized_integrating_reasoning_loss: 82.73415;  
Time: 2024-10-26 00:46:46; Epoch: 76; pid_loss: 1.0940554;  quantified_localized_integrating_pid_loss: 1.0356896;  quantified_localized_integrating_reasoning_loss: 82.588875;  
Time: 2024-10-26 00:47:48; Epoch: 77; pid_loss: 1.092719;  quantified_localized_integrating_pid_loss: 1.035914;  quantified_localized_integrating_reasoning_loss: 82.58842;  
Time: 2024-10-26 00:48:50; Epoch: 78; pid_loss: 1.0893879;  quantified_localized_integrating_pid_loss: 1.0356251;  quantified_localized_integrating_reasoning_loss: 82.54957;  
Time: 2024-10-26 00:49:52; Epoch: 79; pid_loss: 1.0953768;  quantified_localized_integrating_pid_loss: 1.0353394;  quantified_localized_integrating_reasoning_loss: 82.44255;  
Time: 2024-10-26 00:50:49; Test on Dataset: occluded_duke, 
mAP: 0.5473403256544758 
 Rank: [0.660181   0.73348416 0.76968326 0.79230769 0.80769231 0.81945701
 0.83303167 0.84570136 0.85248869 0.85927602 0.86289593 0.86877828
 0.87511312 0.87918552 0.88325792 0.88597285 0.88868778 0.89276018
 0.89411765 0.89864253]
Time: 2024-10-26 00:51:51; Epoch: 80; pid_loss: 1.0885999;  quantified_localized_integrating_pid_loss: 1.0358801;  quantified_localized_integrating_reasoning_loss: 82.37621;  
Time: 2024-10-26 00:52:53; Epoch: 81; pid_loss: 1.0915064;  quantified_localized_integrating_pid_loss: 1.0357933;  quantified_localized_integrating_reasoning_loss: 82.32029;  
Time: 2024-10-26 00:53:55; Epoch: 82; pid_loss: 1.0942633;  quantified_localized_integrating_pid_loss: 1.0361755;  quantified_localized_integrating_reasoning_loss: 82.32211;  
Time: 2024-10-26 00:54:57; Epoch: 83; pid_loss: 1.0923204;  quantified_localized_integrating_pid_loss: 1.0351187;  quantified_localized_integrating_reasoning_loss: 82.1904;  
Time: 2024-10-26 00:55:58; Epoch: 84; pid_loss: 1.0914075;  quantified_localized_integrating_pid_loss: 1.0353959;  quantified_localized_integrating_reasoning_loss: 82.141495;  
Time: 2024-10-26 00:56:55; Test on Dataset: occluded_duke, 
mAP: 0.5497196916307756 
 Rank: [0.6678733  0.73393665 0.76696833 0.79140271 0.80769231 0.82307692
 0.83800905 0.84841629 0.85429864 0.86199095 0.86561086 0.87149321
 0.87466063 0.87692308 0.88235294 0.88461538 0.88868778 0.89276018
 0.89638009 0.89909502]
Time: 2024-10-26 00:57:57; Epoch: 85; pid_loss: 1.0870669;  quantified_localized_integrating_pid_loss: 1.0339457;  quantified_localized_integrating_reasoning_loss: 82.1271;  
Time: 2024-10-26 00:58:59; Epoch: 86; pid_loss: 1.0925387;  quantified_localized_integrating_pid_loss: 1.0360324;  quantified_localized_integrating_reasoning_loss: 82.207756;  
Time: 2024-10-26 01:00:01; Epoch: 87; pid_loss: 1.0873864;  quantified_localized_integrating_pid_loss: 1.0348508;  quantified_localized_integrating_reasoning_loss: 81.99397;  
Time: 2024-10-26 01:01:03; Epoch: 88; pid_loss: 1.0927846;  quantified_localized_integrating_pid_loss: 1.0356276;  quantified_localized_integrating_reasoning_loss: 82.07963;  
Time: 2024-10-26 01:02:05; Epoch: 89; pid_loss: 1.0914301;  quantified_localized_integrating_pid_loss: 1.0355545;  quantified_localized_integrating_reasoning_loss: 81.88045;  
Time: 2024-10-26 01:03:02; Test on Dataset: occluded_duke, 
mAP: 0.54997924943494 
 Rank: [0.66742081 0.7361991  0.77104072 0.79457014 0.81221719 0.82488688
 0.83891403 0.84705882 0.8561086  0.86108597 0.86651584 0.87466063
 0.87782805 0.88190045 0.88597285 0.88868778 0.89230769 0.8959276
 0.89864253 0.90045249]
Time: 2024-10-26 01:04:04; Epoch: 90; pid_loss: 1.0863724;  quantified_localized_integrating_pid_loss: 1.0344236;  quantified_localized_integrating_reasoning_loss: 81.806595;  
Time: 2024-10-26 01:05:05; Epoch: 91; pid_loss: 1.0885271;  quantified_localized_integrating_pid_loss: 1.0348421;  quantified_localized_integrating_reasoning_loss: 81.862434;  
Time: 2024-10-26 01:06:07; Epoch: 92; pid_loss: 1.0899532;  quantified_localized_integrating_pid_loss: 1.0352138;  quantified_localized_integrating_reasoning_loss: 81.88926;  
Time: 2024-10-26 01:07:09; Epoch: 93; pid_loss: 1.09261;  quantified_localized_integrating_pid_loss: 1.0361547;  quantified_localized_integrating_reasoning_loss: 81.82437;  
Time: 2024-10-26 01:08:11; Epoch: 94; pid_loss: 1.0880027;  quantified_localized_integrating_pid_loss: 1.034587;  quantified_localized_integrating_reasoning_loss: 81.71932;  
Time: 2024-10-26 01:09:08; Test on Dataset: occluded_duke, 
mAP: 0.5496709518314817 
 Rank: [0.66832579 0.73574661 0.76561086 0.79321267 0.81131222 0.82352941
 0.83438914 0.84570136 0.85248869 0.85791855 0.86470588 0.86968326
 0.87692308 0.88144796 0.88506787 0.88778281 0.89004525 0.89366516
 0.89773756 0.89954751]
Time: 2024-10-26 01:10:10; Epoch: 95; pid_loss: 1.0902753;  quantified_localized_integrating_pid_loss: 1.0348537;  quantified_localized_integrating_reasoning_loss: 81.66013;  
Time: 2024-10-26 01:11:12; Epoch: 96; pid_loss: 1.0906459;  quantified_localized_integrating_pid_loss: 1.0355351;  quantified_localized_integrating_reasoning_loss: 81.70703;  
Time: 2024-10-26 01:12:14; Epoch: 97; pid_loss: 1.0897818;  quantified_localized_integrating_pid_loss: 1.0349777;  quantified_localized_integrating_reasoning_loss: 81.62224;  
Time: 2024-10-26 01:13:16; Epoch: 98; pid_loss: 1.0882357;  quantified_localized_integrating_pid_loss: 1.0345204;  quantified_localized_integrating_reasoning_loss: 81.66455;  
Time: 2024-10-26 01:14:18; Epoch: 99; pid_loss: 1.0865781;  quantified_localized_integrating_pid_loss: 1.035088;  quantified_localized_integrating_reasoning_loss: 81.44896;  
Time: 2024-10-26 01:15:15; Test on Dataset: occluded_duke, 
mAP: 0.5486564599753178 
 Rank: [0.66923077 0.73031674 0.76877828 0.7918552  0.80904977 0.82217195
 0.83393665 0.84343891 0.85113122 0.85791855 0.86515837 0.87013575
 0.87330317 0.87737557 0.88235294 0.88506787 0.88778281 0.89140271
 0.89502262 0.89819005]
Time: 2024-10-26 01:16:17; Epoch: 100; pid_loss: 1.0882033;  quantified_localized_integrating_pid_loss: 1.0341555;  quantified_localized_integrating_reasoning_loss: 81.501755;  
Time: 2024-10-26 01:17:19; Epoch: 101; pid_loss: 1.0903558;  quantified_localized_integrating_pid_loss: 1.035121;  quantified_localized_integrating_reasoning_loss: 81.44732;  
Time: 2024-10-26 01:18:21; Epoch: 102; pid_loss: 1.0911822;  quantified_localized_integrating_pid_loss: 1.0345486;  quantified_localized_integrating_reasoning_loss: 81.53345;  
Time: 2024-10-26 01:19:24; Epoch: 103; pid_loss: 1.0881916;  quantified_localized_integrating_pid_loss: 1.0355179;  quantified_localized_integrating_reasoning_loss: 81.41572;  
Time: 2024-10-26 01:20:26; Epoch: 104; pid_loss: 1.0838555;  quantified_localized_integrating_pid_loss: 1.0345489;  quantified_localized_integrating_reasoning_loss: 81.31074;  
Time: 2024-10-26 01:21:23; Test on Dataset: occluded_duke, 
mAP: 0.5507331625418701 
 Rank: [0.67239819 0.73800905 0.77239819 0.79457014 0.81357466 0.82714932
 0.84072398 0.85022624 0.85701357 0.86199095 0.8678733  0.87239819
 0.87692308 0.88099548 0.88461538 0.88868778 0.89230769 0.89411765
 0.89728507 0.89954751]
Time: 2024-10-26 01:22:25; Epoch: 105; pid_loss: 1.0885509;  quantified_localized_integrating_pid_loss: 1.0341707;  quantified_localized_integrating_reasoning_loss: 81.379005;  
Time: 2024-10-26 01:23:27; Epoch: 106; pid_loss: 1.0871481;  quantified_localized_integrating_pid_loss: 1.034727;  quantified_localized_integrating_reasoning_loss: 81.32161;  
Time: 2024-10-26 01:24:29; Epoch: 107; pid_loss: 1.087244;  quantified_localized_integrating_pid_loss: 1.0346577;  quantified_localized_integrating_reasoning_loss: 81.24261;  
Time: 2024-10-26 01:25:31; Epoch: 108; pid_loss: 1.0877773;  quantified_localized_integrating_pid_loss: 1.033115;  quantified_localized_integrating_reasoning_loss: 81.22248;  
Time: 2024-10-26 01:26:33; Epoch: 109; pid_loss: 1.0904454;  quantified_localized_integrating_pid_loss: 1.0343058;  quantified_localized_integrating_reasoning_loss: 81.24689;  
Time: 2024-10-26 01:27:30; Test on Dataset: occluded_duke, 
mAP: 0.5497805665800938 
 Rank: [0.66877828 0.73393665 0.76425339 0.78959276 0.81131222 0.82669683
 0.83846154 0.84615385 0.85113122 0.85656109 0.86334842 0.87058824
 0.87511312 0.87918552 0.88235294 0.88733032 0.89230769 0.89502262
 0.8959276  0.89728507]
Time: 2024-10-26 01:28:32; Epoch: 110; pid_loss: 1.0870793;  quantified_localized_integrating_pid_loss: 1.0342499;  quantified_localized_integrating_reasoning_loss: 81.274956;  
Time: 2024-10-26 01:29:34; Epoch: 111; pid_loss: 1.0868402;  quantified_localized_integrating_pid_loss: 1.0348989;  quantified_localized_integrating_reasoning_loss: 81.02068;  
Time: 2024-10-26 01:30:36; Epoch: 112; pid_loss: 1.0859852;  quantified_localized_integrating_pid_loss: 1.0334723;  quantified_localized_integrating_reasoning_loss: 81.00923;  
Time: 2024-10-26 01:31:38; Epoch: 113; pid_loss: 1.0851693;  quantified_localized_integrating_pid_loss: 1.0338315;  quantified_localized_integrating_reasoning_loss: 81.1086;  
Time: 2024-10-26 01:32:40; Epoch: 114; pid_loss: 1.0836865;  quantified_localized_integrating_pid_loss: 1.0344808;  quantified_localized_integrating_reasoning_loss: 80.98922;  
Time: 2024-10-26 01:33:37; Test on Dataset: occluded_duke, 
mAP: 0.5534711647309899 
 Rank: [0.67647059 0.74343891 0.77239819 0.80497738 0.81764706 0.82760181
 0.83891403 0.84841629 0.85565611 0.86199095 0.86877828 0.87330317
 0.87737557 0.88190045 0.88461538 0.88868778 0.89321267 0.89502262
 0.89954751 0.90090498]
Time: 2024-10-26 01:34:39; Epoch: 115; pid_loss: 1.0842097;  quantified_localized_integrating_pid_loss: 1.0339094;  quantified_localized_integrating_reasoning_loss: 81.09275;  
Time: 2024-10-26 01:35:41; Epoch: 116; pid_loss: 1.0875807;  quantified_localized_integrating_pid_loss: 1.0346471;  quantified_localized_integrating_reasoning_loss: 80.93846;  
Time: 2024-10-26 01:36:43; Epoch: 117; pid_loss: 1.0876018;  quantified_localized_integrating_pid_loss: 1.0334958;  quantified_localized_integrating_reasoning_loss: 80.87882;  
Time: 2024-10-26 01:37:45; Epoch: 118; pid_loss: 1.0872346;  quantified_localized_integrating_pid_loss: 1.0346005;  quantified_localized_integrating_reasoning_loss: 80.910324;  
Time: 2024-10-26 01:38:47; Epoch: 119; pid_loss: 1.0875573;  quantified_localized_integrating_pid_loss: 1.0340583;  quantified_localized_integrating_reasoning_loss: 80.863716;  
Time: 2024-10-26 01:39:44; Test on Dataset: occluded_duke, 
mAP: 0.5481822063940288 
 Rank: [0.66515837 0.73710407 0.76877828 0.78959276 0.80361991 0.82081448
 0.83393665 0.84162896 0.8479638  0.85429864 0.86108597 0.86606335
 0.87149321 0.87647059 0.88054299 0.88371041 0.88733032 0.88868778
 0.89140271 0.8959276 ]
