



Namespace(cuda='cuda', mode='train', module='Lucky', backbone='resnet50', occluded_duke_path='/home/hy/project/data/Occluded_Duke', occluded_reid_path='/opt/data/private/data/Occluded_REID', partial_duke_path='/opt/data/private/data/P_Duke_OURS/new', partial_reid_path='/opt/data/private/data/Partial-REID_Dataset', partial_ilids_path='/opt/data/private/data/Partial_iLIDS', market_path='/opt/data/private/data//Market-1501-v15.09.15', duke_path='/opt/data/private/data/DukeMTMC-reID', msmt_path='/opt/data/private/data/MSMT17', train_dataset='occluded_duke', test_dataset='occluded_duke', image_size=[256, 128], use_rea=True, use_colorjitor=False, seed=1, batchsize=64, num_instances=8, pid_num=702, in_dim=2048, learning_rate=0.0003, lambda1=0.007, weight_decay=0.0005, milestones=[40, 70], output_path='results/occluded_duke', max_save_model_num=1, resume_train_epoch=-1, auto_resume_training_from_lastest_step=True, total_train_epoch=120, eval_epoch=5, resume_test_model=119, test_mode='inter-camera')
Time: 2024-10-27 13:03:17; Epoch: 0; pid_loss: 6.55062;  localized_integrating_pid_loss: 6.547085;  localized_integrating_reasoning_loss: 367.1494;  
Time: 2024-10-27 13:04:18; Epoch: 1; pid_loss: 6.3866324;  localized_integrating_pid_loss: 6.3188963;  localized_integrating_reasoning_loss: 350.84436;  
Time: 2024-10-27 13:05:19; Epoch: 2; pid_loss: 5.796288;  localized_integrating_pid_loss: 5.6331444;  localized_integrating_reasoning_loss: 338.16693;  
Time: 2024-10-27 13:06:20; Epoch: 3; pid_loss: 5.0357385;  localized_integrating_pid_loss: 4.7979198;  localized_integrating_reasoning_loss: 331.90497;  
Time: 2024-10-27 13:07:20; Epoch: 4; pid_loss: 4.301071;  localized_integrating_pid_loss: 3.9513748;  localized_integrating_reasoning_loss: 326.8247;  
Time: 2024-10-27 13:08:17; Test on Dataset: occluded_duke, 
mAP: 0.24136903549400004 
 Rank: [0.35701357 0.43076923 0.47375566 0.50271493 0.52352941 0.53800905
 0.54932127 0.56153846 0.57239819 0.58461538 0.59140271 0.59773756
 0.60723982 0.61357466 0.61764706 0.62488688 0.63122172 0.63710407
 0.64117647 0.64479638]
Time: 2024-10-27 13:09:18; Epoch: 5; pid_loss: 3.6398568;  localized_integrating_pid_loss: 3.158327;  localized_integrating_reasoning_loss: 321.2826;  
Time: 2024-10-27 13:10:19; Epoch: 6; pid_loss: 3.0719602;  localized_integrating_pid_loss: 2.48086;  localized_integrating_reasoning_loss: 315.60117;  
Time: 2024-10-27 13:11:19; Epoch: 7; pid_loss: 2.6643922;  localized_integrating_pid_loss: 1.9933636;  localized_integrating_reasoning_loss: 307.56232;  
Time: 2024-10-27 13:12:20; Epoch: 8; pid_loss: 2.3036213;  localized_integrating_pid_loss: 1.65609;  localized_integrating_reasoning_loss: 298.2716;  
Time: 2024-10-27 13:13:21; Epoch: 9; pid_loss: 2.094543;  localized_integrating_pid_loss: 1.4943755;  localized_integrating_reasoning_loss: 286.60956;  
Time: 2024-10-27 13:14:18; Test on Dataset: occluded_duke, 
mAP: 0.3454677900515928 
 Rank: [0.45927602 0.52895928 0.57104072 0.60452489 0.63348416 0.65475113
 0.66425339 0.67692308 0.68506787 0.6959276  0.70497738 0.71357466
 0.72171946 0.72714932 0.73031674 0.73800905 0.74208145 0.7479638
 0.75339367 0.75927602]
Time: 2024-10-27 13:15:18; Epoch: 10; pid_loss: 1.9376853;  localized_integrating_pid_loss: 1.3968883;  localized_integrating_reasoning_loss: 273.55667;  
Time: 2024-10-27 13:16:19; Epoch: 11; pid_loss: 1.7995107;  localized_integrating_pid_loss: 1.3294507;  localized_integrating_reasoning_loss: 259.1239;  
Time: 2024-10-27 13:17:20; Epoch: 12; pid_loss: 1.6704295;  localized_integrating_pid_loss: 1.2806431;  localized_integrating_reasoning_loss: 244.9198;  
Time: 2024-10-27 13:18:21; Epoch: 13; pid_loss: 1.5966253;  localized_integrating_pid_loss: 1.2514584;  localized_integrating_reasoning_loss: 231.02753;  
Time: 2024-10-27 13:19:22; Epoch: 14; pid_loss: 1.5473897;  localized_integrating_pid_loss: 1.2281567;  localized_integrating_reasoning_loss: 217.75275;  
Time: 2024-10-27 13:20:19; Test on Dataset: occluded_duke, 
mAP: 0.356825715115515 
 Rank: [0.4678733  0.55022624 0.59411765 0.62443439 0.6479638  0.66561086
 0.67873303 0.68959276 0.69954751 0.70723982 0.71447964 0.72533937
 0.73348416 0.739819   0.74479638 0.7479638  0.75113122 0.75475113
 0.75972851 0.76561086]
Time: 2024-10-27 13:21:20; Epoch: 15; pid_loss: 1.5086353;  localized_integrating_pid_loss: 1.2155857;  localized_integrating_reasoning_loss: 205.7706;  
Time: 2024-10-27 13:22:21; Epoch: 16; pid_loss: 1.4888914;  localized_integrating_pid_loss: 1.2103683;  localized_integrating_reasoning_loss: 194.14565;  
Time: 2024-10-27 13:23:21; Epoch: 17; pid_loss: 1.484377;  localized_integrating_pid_loss: 1.2028024;  localized_integrating_reasoning_loss: 185.23698;  
Time: 2024-10-27 13:24:22; Epoch: 18; pid_loss: 1.4496876;  localized_integrating_pid_loss: 1.1913545;  localized_integrating_reasoning_loss: 176.26172;  
Time: 2024-10-27 13:25:23; Epoch: 19; pid_loss: 1.4399915;  localized_integrating_pid_loss: 1.183798;  localized_integrating_reasoning_loss: 168.47739;  
Time: 2024-10-27 13:26:19; Test on Dataset: occluded_duke, 
mAP: 0.3790336632345944 
 Rank: [0.49276018 0.56334842 0.60135747 0.63574661 0.66108597 0.67782805
 0.68959276 0.70271493 0.71176471 0.71945701 0.73303167 0.74208145
 0.74751131 0.75475113 0.75972851 0.76651584 0.77013575 0.77737557
 0.78190045 0.78506787]
Time: 2024-10-27 13:27:20; Epoch: 20; pid_loss: 1.4320682;  localized_integrating_pid_loss: 1.1817404;  localized_integrating_reasoning_loss: 161.06061;  
Time: 2024-10-27 13:28:21; Epoch: 21; pid_loss: 1.4176563;  localized_integrating_pid_loss: 1.175282;  localized_integrating_reasoning_loss: 154.74657;  
Time: 2024-10-27 13:29:22; Epoch: 22; pid_loss: 1.3877742;  localized_integrating_pid_loss: 1.1596383;  localized_integrating_reasoning_loss: 148.1771;  
Time: 2024-10-27 13:30:23; Epoch: 23; pid_loss: 1.404257;  localized_integrating_pid_loss: 1.1679672;  localized_integrating_reasoning_loss: 143.09286;  
Time: 2024-10-27 13:31:25; Epoch: 24; pid_loss: 1.3871077;  localized_integrating_pid_loss: 1.162927;  localized_integrating_reasoning_loss: 139.17772;  
Time: 2024-10-27 13:32:21; Test on Dataset: occluded_duke, 
mAP: 0.40020710586335606 
 Rank: [0.50180995 0.58371041 0.62624434 0.6520362  0.6760181  0.69366516
 0.70859729 0.71674208 0.72714932 0.73710407 0.74117647 0.74977376
 0.75927602 0.76696833 0.77239819 0.77737557 0.78190045 0.78552036
 0.78959276 0.79366516]
Time: 2024-10-27 13:33:23; Epoch: 25; pid_loss: 1.3654461;  localized_integrating_pid_loss: 1.1536331;  localized_integrating_reasoning_loss: 134.4318;  
Time: 2024-10-27 13:34:24; Epoch: 26; pid_loss: 1.3565013;  localized_integrating_pid_loss: 1.144711;  localized_integrating_reasoning_loss: 130.4195;  
Time: 2024-10-27 13:35:25; Epoch: 27; pid_loss: 1.3580917;  localized_integrating_pid_loss: 1.1453152;  localized_integrating_reasoning_loss: 126.866035;  
Time: 2024-10-27 13:36:26; Epoch: 28; pid_loss: 1.3394188;  localized_integrating_pid_loss: 1.1433926;  localized_integrating_reasoning_loss: 123.4618;  
Time: 2024-10-27 13:37:27; Epoch: 29; pid_loss: 1.3485137;  localized_integrating_pid_loss: 1.1423854;  localized_integrating_reasoning_loss: 120.733604;  
Time: 2024-10-27 13:38:24; Test on Dataset: occluded_duke, 
mAP: 0.3303818755534525 
 Rank: [0.42941176 0.50045249 0.53800905 0.56334842 0.58461538 0.60316742
 0.62081448 0.63122172 0.64162896 0.65248869 0.65882353 0.66470588
 0.67285068 0.67737557 0.68506787 0.69004525 0.69683258 0.70090498
 0.7040724  0.70950226]
Time: 2024-10-27 13:39:24; Epoch: 30; pid_loss: 1.3173677;  localized_integrating_pid_loss: 1.1335487;  localized_integrating_reasoning_loss: 118.05473;  
Time: 2024-10-27 13:40:26; Epoch: 31; pid_loss: 1.3332984;  localized_integrating_pid_loss: 1.135721;  localized_integrating_reasoning_loss: 115.50854;  
Time: 2024-10-27 13:41:26; Epoch: 32; pid_loss: 1.3132108;  localized_integrating_pid_loss: 1.1290977;  localized_integrating_reasoning_loss: 113.41267;  
Time: 2024-10-27 13:42:27; Epoch: 33; pid_loss: 1.3131238;  localized_integrating_pid_loss: 1.1258868;  localized_integrating_reasoning_loss: 111.29194;  
Time: 2024-10-27 13:43:28; Epoch: 34; pid_loss: 1.3046962;  localized_integrating_pid_loss: 1.1223694;  localized_integrating_reasoning_loss: 109.20619;  
Time: 2024-10-27 13:44:24; Test on Dataset: occluded_duke, 
mAP: 0.3698371221304939 
 Rank: [0.4678733  0.53755656 0.57149321 0.60633484 0.62941176 0.64615385
 0.66425339 0.67692308 0.68461538 0.69321267 0.70090498 0.7081448
 0.70950226 0.71312217 0.72171946 0.72488688 0.73303167 0.73846154
 0.74208145 0.74434389]
Time: 2024-10-27 13:45:25; Epoch: 35; pid_loss: 1.2979378;  localized_integrating_pid_loss: 1.123389;  localized_integrating_reasoning_loss: 107.46813;  
Time: 2024-10-27 13:46:25; Epoch: 36; pid_loss: 1.296237;  localized_integrating_pid_loss: 1.1206229;  localized_integrating_reasoning_loss: 105.5742;  
Time: 2024-10-27 13:47:26; Epoch: 37; pid_loss: 1.3003534;  localized_integrating_pid_loss: 1.1169559;  localized_integrating_reasoning_loss: 104.629845;  
Time: 2024-10-27 13:48:27; Epoch: 38; pid_loss: 1.2902168;  localized_integrating_pid_loss: 1.1129777;  localized_integrating_reasoning_loss: 103.012634;  
Time: 2024-10-27 13:49:27; Epoch: 39; pid_loss: 1.2775322;  localized_integrating_pid_loss: 1.1111838;  localized_integrating_reasoning_loss: 101.41994;  
Time: 2024-10-27 13:50:24; Test on Dataset: occluded_duke, 
mAP: 0.398257696489412 
 Rank: [0.50316742 0.57239819 0.61674208 0.64570136 0.66968326 0.68823529
 0.69954751 0.7081448  0.71674208 0.72714932 0.73574661 0.74117647
 0.74570136 0.7520362  0.75882353 0.76561086 0.77013575 0.77375566
 0.78054299 0.78506787]
Time: 2024-10-27 13:51:24; Epoch: 40; pid_loss: 1.2058618;  localized_integrating_pid_loss: 1.0906843;  localized_integrating_reasoning_loss: 99.87607;  
Time: 2024-10-27 13:52:25; Epoch: 41; pid_loss: 1.1560313;  localized_integrating_pid_loss: 1.0662311;  localized_integrating_reasoning_loss: 98.52919;  
Time: 2024-10-27 13:53:26; Epoch: 42; pid_loss: 1.1478479;  localized_integrating_pid_loss: 1.0614474;  localized_integrating_reasoning_loss: 97.49629;  
Time: 2024-10-27 13:54:27; Epoch: 43; pid_loss: 1.1399837;  localized_integrating_pid_loss: 1.0603045;  localized_integrating_reasoning_loss: 96.26993;  
Time: 2024-10-27 13:55:28; Epoch: 44; pid_loss: 1.1360173;  localized_integrating_pid_loss: 1.0560733;  localized_integrating_reasoning_loss: 95.388535;  
Time: 2024-10-27 13:56:25; Test on Dataset: occluded_duke, 
mAP: 0.49738384826062376 
 Rank: [0.59457014 0.67104072 0.70859729 0.73438914 0.75565611 0.77285068
 0.78597285 0.79683258 0.80497738 0.81312217 0.8199095  0.83031674
 0.83348416 0.83936652 0.8438914  0.8479638  0.85294118 0.85520362
 0.85972851 0.86289593]
Time: 2024-10-27 13:57:26; Epoch: 45; pid_loss: 1.1336647;  localized_integrating_pid_loss: 1.0561268;  localized_integrating_reasoning_loss: 94.4736;  
Time: 2024-10-27 13:58:27; Epoch: 46; pid_loss: 1.1328163;  localized_integrating_pid_loss: 1.0544446;  localized_integrating_reasoning_loss: 93.67117;  
Time: 2024-10-27 13:59:28; Epoch: 47; pid_loss: 1.1284907;  localized_integrating_pid_loss: 1.0546435;  localized_integrating_reasoning_loss: 92.63221;  
Time: 2024-10-27 14:00:28; Epoch: 48; pid_loss: 1.129903;  localized_integrating_pid_loss: 1.0537547;  localized_integrating_reasoning_loss: 92.031105;  
Time: 2024-10-27 14:01:30; Epoch: 49; pid_loss: 1.1293007;  localized_integrating_pid_loss: 1.0532842;  localized_integrating_reasoning_loss: 91.241974;  
Time: 2024-10-27 14:02:27; Test on Dataset: occluded_duke, 
mAP: 0.5137375660547815 
 Rank: [0.61447964 0.6841629  0.72579186 0.74886878 0.76742081 0.78642534
 0.79638009 0.80723982 0.81628959 0.82217195 0.82895928 0.83393665
 0.839819   0.84660633 0.8520362  0.85339367 0.85791855 0.86153846
 0.86561086 0.86651584]
Time: 2024-10-27 14:03:27; Epoch: 50; pid_loss: 1.1291615;  localized_integrating_pid_loss: 1.0527837;  localized_integrating_reasoning_loss: 90.707275;  
Time: 2024-10-27 14:04:28; Epoch: 51; pid_loss: 1.124544;  localized_integrating_pid_loss: 1.0509079;  localized_integrating_reasoning_loss: 90.05641;  
Time: 2024-10-27 14:05:28; Epoch: 52; pid_loss: 1.124957;  localized_integrating_pid_loss: 1.0533856;  localized_integrating_reasoning_loss: 89.48603;  
Time: 2024-10-27 14:06:29; Epoch: 53; pid_loss: 1.1274732;  localized_integrating_pid_loss: 1.05226;  localized_integrating_reasoning_loss: 89.095406;  
Time: 2024-10-27 14:07:30; Epoch: 54; pid_loss: 1.1226536;  localized_integrating_pid_loss: 1.0508716;  localized_integrating_reasoning_loss: 88.60541;  
Time: 2024-10-27 14:08:27; Test on Dataset: occluded_duke, 
mAP: 0.5211258970283561 
 Rank: [0.61628959 0.68506787 0.72714932 0.7520362  0.76968326 0.78190045
 0.79276018 0.80633484 0.81357466 0.82126697 0.8280543  0.83529412
 0.84208145 0.84751131 0.85158371 0.85520362 0.85837104 0.86153846
 0.8638009  0.86651584]
Time: 2024-10-27 14:09:28; Epoch: 55; pid_loss: 1.1217461;  localized_integrating_pid_loss: 1.051718;  localized_integrating_reasoning_loss: 88.328636;  
Time: 2024-10-27 14:10:29; Epoch: 56; pid_loss: 1.1278602;  localized_integrating_pid_loss: 1.0521756;  localized_integrating_reasoning_loss: 88.020905;  
Time: 2024-10-27 14:11:30; Epoch: 57; pid_loss: 1.1207359;  localized_integrating_pid_loss: 1.0513499;  localized_integrating_reasoning_loss: 87.57541;  
Time: 2024-10-27 14:12:31; Epoch: 58; pid_loss: 1.1175686;  localized_integrating_pid_loss: 1.0494277;  localized_integrating_reasoning_loss: 87.35742;  
Time: 2024-10-27 14:13:32; Epoch: 59; pid_loss: 1.1198766;  localized_integrating_pid_loss: 1.0493003;  localized_integrating_reasoning_loss: 86.97614;  
Time: 2024-10-27 14:14:29; Test on Dataset: occluded_duke, 
mAP: 0.5288023622731858 
 Rank: [0.63257919 0.70135747 0.73303167 0.75656109 0.7760181  0.79366516
 0.80361991 0.81447964 0.82533937 0.83122172 0.83665158 0.8438914
 0.8479638  0.85294118 0.85701357 0.86063348 0.86515837 0.86877828
 0.87330317 0.87692308]
Time: 2024-10-27 14:15:30; Epoch: 60; pid_loss: 1.1198974;  localized_integrating_pid_loss: 1.0505741;  localized_integrating_reasoning_loss: 86.65871;  
Time: 2024-10-27 14:16:30; Epoch: 61; pid_loss: 1.1145273;  localized_integrating_pid_loss: 1.0485624;  localized_integrating_reasoning_loss: 86.34824;  
Time: 2024-10-27 14:17:31; Epoch: 62; pid_loss: 1.1178615;  localized_integrating_pid_loss: 1.0493412;  localized_integrating_reasoning_loss: 86.14062;  
Time: 2024-10-27 14:18:31; Epoch: 63; pid_loss: 1.117382;  localized_integrating_pid_loss: 1.048287;  localized_integrating_reasoning_loss: 85.92592;  
Time: 2024-10-27 14:19:32; Epoch: 64; pid_loss: 1.1110567;  localized_integrating_pid_loss: 1.0467082;  localized_integrating_reasoning_loss: 85.60834;  
Time: 2024-10-27 14:20:29; Test on Dataset: occluded_duke, 
mAP: 0.524165412986765 
 Rank: [0.62488688 0.6959276  0.73031674 0.75113122 0.77375566 0.78914027
 0.80135747 0.81085973 0.81719457 0.82669683 0.83438914 0.84072398
 0.84660633 0.85067873 0.85294118 0.85791855 0.86063348 0.86561086
 0.86923077 0.87239819]
Time: 2024-10-27 14:21:30; Epoch: 65; pid_loss: 1.1137695;  localized_integrating_pid_loss: 1.0477117;  localized_integrating_reasoning_loss: 85.462265;  
Time: 2024-10-27 14:22:30; Epoch: 66; pid_loss: 1.1136825;  localized_integrating_pid_loss: 1.0471606;  localized_integrating_reasoning_loss: 85.16149;  
Time: 2024-10-27 14:23:30; Epoch: 67; pid_loss: 1.1125176;  localized_integrating_pid_loss: 1.0456796;  localized_integrating_reasoning_loss: 84.99518;  
Time: 2024-10-27 14:24:31; Epoch: 68; pid_loss: 1.1067617;  localized_integrating_pid_loss: 1.0442262;  localized_integrating_reasoning_loss: 84.71474;  
Time: 2024-10-27 14:25:32; Epoch: 69; pid_loss: 1.1103951;  localized_integrating_pid_loss: 1.0453451;  localized_integrating_reasoning_loss: 84.514824;  
Time: 2024-10-27 14:26:29; Test on Dataset: occluded_duke, 
mAP: 0.5339710198096095 
 Rank: [0.63800905 0.71266968 0.74615385 0.77013575 0.78778281 0.80361991
 0.81085973 0.82126697 0.82850679 0.83257919 0.83574661 0.84072398
 0.84479638 0.85022624 0.85475113 0.85837104 0.86515837 0.86742081
 0.87149321 0.87556561]
Time: 2024-10-27 14:27:30; Epoch: 70; pid_loss: 1.1006695;  localized_integrating_pid_loss: 1.0430982;  localized_integrating_reasoning_loss: 84.27705;  
Time: 2024-10-27 14:28:31; Epoch: 71; pid_loss: 1.1026101;  localized_integrating_pid_loss: 1.0419742;  localized_integrating_reasoning_loss: 84.21705;  
Time: 2024-10-27 14:29:32; Epoch: 72; pid_loss: 1.0910249;  localized_integrating_pid_loss: 1.039956;  localized_integrating_reasoning_loss: 84.17429;  
Time: 2024-10-27 14:30:33; Epoch: 73; pid_loss: 1.0970694;  localized_integrating_pid_loss: 1.0403211;  localized_integrating_reasoning_loss: 84.10155;  
Time: 2024-10-27 14:31:34; Epoch: 74; pid_loss: 1.0936272;  localized_integrating_pid_loss: 1.0398568;  localized_integrating_reasoning_loss: 84.014336;  
Time: 2024-10-27 14:32:31; Test on Dataset: occluded_duke, 
mAP: 0.5384284638802112 
 Rank: [0.63800905 0.71357466 0.74570136 0.77013575 0.78959276 0.80180995
 0.81493213 0.82262443 0.82986425 0.83529412 0.84117647 0.84705882
 0.85248869 0.85746606 0.86199095 0.86696833 0.87239819 0.87556561
 0.87737557 0.88099548]
Time: 2024-10-27 14:33:31; Epoch: 75; pid_loss: 1.0937663;  localized_integrating_pid_loss: 1.0399642;  localized_integrating_reasoning_loss: 84.01228;  
Time: 2024-10-27 14:34:32; Epoch: 76; pid_loss: 1.093448;  localized_integrating_pid_loss: 1.0389346;  localized_integrating_reasoning_loss: 83.82811;  
Time: 2024-10-27 14:35:33; Epoch: 77; pid_loss: 1.0940417;  localized_integrating_pid_loss: 1.0389853;  localized_integrating_reasoning_loss: 83.82443;  
Time: 2024-10-27 14:36:34; Epoch: 78; pid_loss: 1.0898219;  localized_integrating_pid_loss: 1.0390034;  localized_integrating_reasoning_loss: 83.84211;  
Time: 2024-10-27 14:37:35; Epoch: 79; pid_loss: 1.0957396;  localized_integrating_pid_loss: 1.0400321;  localized_integrating_reasoning_loss: 83.70673;  
Time: 2024-10-27 14:38:32; Test on Dataset: occluded_duke, 
mAP: 0.5387203851549126 
 Rank: [0.64208145 0.71085973 0.74570136 0.76923077 0.78868778 0.80180995
 0.81221719 0.82352941 0.83122172 0.83710407 0.84343891 0.84886878
 0.85294118 0.85746606 0.86289593 0.86651584 0.87330317 0.87647059
 0.87918552 0.88144796]
Time: 2024-10-27 14:39:32; Epoch: 80; pid_loss: 1.0891411;  localized_integrating_pid_loss: 1.0391405;  localized_integrating_reasoning_loss: 83.694855;  
Time: 2024-10-27 14:40:34; Epoch: 81; pid_loss: 1.0919336;  localized_integrating_pid_loss: 1.039352;  localized_integrating_reasoning_loss: 83.59918;  
Time: 2024-10-27 14:41:34; Epoch: 82; pid_loss: 1.0942008;  localized_integrating_pid_loss: 1.0395004;  localized_integrating_reasoning_loss: 83.559105;  
Time: 2024-10-27 14:42:35; Epoch: 83; pid_loss: 1.0926481;  localized_integrating_pid_loss: 1.0389935;  localized_integrating_reasoning_loss: 83.49969;  
Time: 2024-10-27 14:43:35; Epoch: 84; pid_loss: 1.0922526;  localized_integrating_pid_loss: 1.038492;  localized_integrating_reasoning_loss: 83.44795;  
Time: 2024-10-27 14:44:32; Test on Dataset: occluded_duke, 
mAP: 0.5392054748100017 
 Rank: [0.63891403 0.71493213 0.74705882 0.77149321 0.78959276 0.80497738
 0.81493213 0.82488688 0.82895928 0.83438914 0.84117647 0.84660633
 0.85113122 0.85565611 0.860181   0.86244344 0.87058824 0.87511312
 0.87873303 0.88144796]
Time: 2024-10-27 14:45:33; Epoch: 85; pid_loss: 1.0874814;  localized_integrating_pid_loss: 1.0366375;  localized_integrating_reasoning_loss: 83.43367;  
Time: 2024-10-27 14:46:33; Epoch: 86; pid_loss: 1.0936334;  localized_integrating_pid_loss: 1.0393785;  localized_integrating_reasoning_loss: 83.439705;  
Time: 2024-10-27 14:47:34; Epoch: 87; pid_loss: 1.0880818;  localized_integrating_pid_loss: 1.0372092;  localized_integrating_reasoning_loss: 83.32791;  
Time: 2024-10-27 14:48:35; Epoch: 88; pid_loss: 1.0943674;  localized_integrating_pid_loss: 1.0391338;  localized_integrating_reasoning_loss: 83.337;  
Time: 2024-10-27 14:49:36; Epoch: 89; pid_loss: 1.0920925;  localized_integrating_pid_loss: 1.0393102;  localized_integrating_reasoning_loss: 83.086845;  
Time: 2024-10-27 14:50:32; Test on Dataset: occluded_duke, 
mAP: 0.5407748836874092 
 Rank: [0.64027149 0.71628959 0.7520362  0.76923077 0.79366516 0.80361991
 0.81357466 0.82443439 0.83076923 0.83529412 0.84072398 0.84570136
 0.85294118 0.85746606 0.86199095 0.86561086 0.87239819 0.87828054
 0.88054299 0.88371041]
Time: 2024-10-27 14:51:33; Epoch: 90; pid_loss: 1.0874119;  localized_integrating_pid_loss: 1.0370678;  localized_integrating_reasoning_loss: 83.09986;  
Time: 2024-10-27 14:52:33; Epoch: 91; pid_loss: 1.0891747;  localized_integrating_pid_loss: 1.0378764;  localized_integrating_reasoning_loss: 83.105896;  
Time: 2024-10-27 14:53:34; Epoch: 92; pid_loss: 1.0906519;  localized_integrating_pid_loss: 1.0381159;  localized_integrating_reasoning_loss: 83.17398;  
Time: 2024-10-27 14:54:34; Epoch: 93; pid_loss: 1.0933174;  localized_integrating_pid_loss: 1.040347;  localized_integrating_reasoning_loss: 83.106804;  
Time: 2024-10-27 14:55:36; Epoch: 94; pid_loss: 1.0888473;  localized_integrating_pid_loss: 1.03799;  localized_integrating_reasoning_loss: 82.988976;  
Time: 2024-10-27 14:56:32; Test on Dataset: occluded_duke, 
mAP: 0.5392458507872864 
 Rank: [0.64027149 0.71809955 0.74886878 0.76742081 0.79004525 0.80316742
 0.81266968 0.81900452 0.82850679 0.83438914 0.83846154 0.84434389
 0.84886878 0.85339367 0.85882353 0.86153846 0.86651584 0.87013575
 0.87466063 0.87873303]
Time: 2024-10-27 14:57:33; Epoch: 95; pid_loss: 1.0906;  localized_integrating_pid_loss: 1.0386397;  localized_integrating_reasoning_loss: 82.96188;  
Time: 2024-10-27 14:58:34; Epoch: 96; pid_loss: 1.0916561;  localized_integrating_pid_loss: 1.0389253;  localized_integrating_reasoning_loss: 82.976;  
Time: 2024-10-27 14:59:35; Epoch: 97; pid_loss: 1.091054;  localized_integrating_pid_loss: 1.0371294;  localized_integrating_reasoning_loss: 82.86205;  
Time: 2024-10-27 15:00:36; Epoch: 98; pid_loss: 1.0887725;  localized_integrating_pid_loss: 1.037856;  localized_integrating_reasoning_loss: 82.942604;  
Time: 2024-10-27 15:01:36; Epoch: 99; pid_loss: 1.0866547;  localized_integrating_pid_loss: 1.0377516;  localized_integrating_reasoning_loss: 82.706024;  
Time: 2024-10-27 15:02:33; Test on Dataset: occluded_duke, 
mAP: 0.541392475832646 
 Rank: [0.64298643 0.71764706 0.74977376 0.76923077 0.78687783 0.80452489
 0.81266968 0.82217195 0.83031674 0.83665158 0.84072398 0.84434389
 0.84932127 0.85429864 0.85927602 0.86470588 0.87013575 0.8760181
 0.87963801 0.88099548]
Time: 2024-10-27 15:03:34; Epoch: 100; pid_loss: 1.0891187;  localized_integrating_pid_loss: 1.0374097;  localized_integrating_reasoning_loss: 82.78827;  
Time: 2024-10-27 15:04:35; Epoch: 101; pid_loss: 1.0909709;  localized_integrating_pid_loss: 1.0385516;  localized_integrating_reasoning_loss: 82.73927;  
Time: 2024-10-27 15:05:36; Epoch: 102; pid_loss: 1.0914382;  localized_integrating_pid_loss: 1.0380492;  localized_integrating_reasoning_loss: 82.77312;  
Time: 2024-10-27 15:06:37; Epoch: 103; pid_loss: 1.089302;  localized_integrating_pid_loss: 1.0380436;  localized_integrating_reasoning_loss: 82.69322;  
Time: 2024-10-27 15:07:38; Epoch: 104; pid_loss: 1.0848919;  localized_integrating_pid_loss: 1.037806;  localized_integrating_reasoning_loss: 82.53767;  
Time: 2024-10-27 15:08:35; Test on Dataset: occluded_duke, 
mAP: 0.5414451556220157 
 Rank: [0.64615385 0.71855204 0.75294118 0.77239819 0.79230769 0.80361991
 0.81131222 0.8239819  0.83393665 0.83755656 0.84208145 0.84615385
 0.85113122 0.8561086  0.85927602 0.86515837 0.86968326 0.8760181
 0.87828054 0.88190045]
Time: 2024-10-27 15:09:35; Epoch: 105; pid_loss: 1.0880703;  localized_integrating_pid_loss: 1.0365409;  localized_integrating_reasoning_loss: 82.58685;  
Time: 2024-10-27 15:10:36; Epoch: 106; pid_loss: 1.0876693;  localized_integrating_pid_loss: 1.0380276;  localized_integrating_reasoning_loss: 82.56562;  
Time: 2024-10-27 15:11:37; Epoch: 107; pid_loss: 1.088579;  localized_integrating_pid_loss: 1.0377783;  localized_integrating_reasoning_loss: 82.51217;  
Time: 2024-10-27 15:12:38; Epoch: 108; pid_loss: 1.0881946;  localized_integrating_pid_loss: 1.0372212;  localized_integrating_reasoning_loss: 82.47131;  
Time: 2024-10-27 15:13:39; Epoch: 109; pid_loss: 1.0908917;  localized_integrating_pid_loss: 1.0375494;  localized_integrating_reasoning_loss: 82.4999;  
Time: 2024-10-27 15:14:36; Test on Dataset: occluded_duke, 
mAP: 0.5420198242294602 
 Rank: [0.64524887 0.71764706 0.75248869 0.77239819 0.79140271 0.80361991
 0.81357466 0.82262443 0.83076923 0.83529412 0.84072398 0.84570136
 0.85294118 0.85882353 0.86425339 0.86742081 0.87375566 0.87918552
 0.88144796 0.88371041]
Time: 2024-10-27 15:15:37; Epoch: 110; pid_loss: 1.0884024;  localized_integrating_pid_loss: 1.0377923;  localized_integrating_reasoning_loss: 82.49612;  
Time: 2024-10-27 15:16:37; Epoch: 111; pid_loss: 1.0878159;  localized_integrating_pid_loss: 1.0373949;  localized_integrating_reasoning_loss: 82.27701;  
Time: 2024-10-27 15:17:38; Epoch: 112; pid_loss: 1.0881974;  localized_integrating_pid_loss: 1.0362954;  localized_integrating_reasoning_loss: 82.30495;  
Time: 2024-10-27 15:18:39; Epoch: 113; pid_loss: 1.0862076;  localized_integrating_pid_loss: 1.036923;  localized_integrating_reasoning_loss: 82.309685;  
Time: 2024-10-27 15:19:40; Epoch: 114; pid_loss: 1.0846634;  localized_integrating_pid_loss: 1.0370442;  localized_integrating_reasoning_loss: 82.248375;  
Time: 2024-10-27 15:20:36; Test on Dataset: occluded_duke, 
mAP: 0.5455058251630619 
 Rank: [0.65067873 0.72081448 0.75565611 0.77420814 0.79411765 0.80723982
 0.81764706 0.82579186 0.83484163 0.84162896 0.84660633 0.85294118
 0.85746606 0.86199095 0.8678733  0.8719457  0.87375566 0.87737557
 0.88235294 0.88552036]
Time: 2024-10-27 15:21:37; Epoch: 115; pid_loss: 1.0852897;  localized_integrating_pid_loss: 1.036397;  localized_integrating_reasoning_loss: 82.31275;  
Time: 2024-10-27 15:22:38; Epoch: 116; pid_loss: 1.0889006;  localized_integrating_pid_loss: 1.0384368;  localized_integrating_reasoning_loss: 82.176254;  
Time: 2024-10-27 15:23:39; Epoch: 117; pid_loss: 1.0883808;  localized_integrating_pid_loss: 1.0368019;  localized_integrating_reasoning_loss: 82.117096;  
Time: 2024-10-27 15:24:39; Epoch: 118; pid_loss: 1.0885324;  localized_integrating_pid_loss: 1.0378369;  localized_integrating_reasoning_loss: 82.148315;  
Time: 2024-10-27 15:25:40; Epoch: 119; pid_loss: 1.0873367;  localized_integrating_pid_loss: 1.0373336;  localized_integrating_reasoning_loss: 82.0265;  
Time: 2024-10-27 15:26:37; Test on Dataset: occluded_duke, 
mAP: 0.541191264338152 
 Rank: [0.64886878 0.71945701 0.74886878 0.77013575 0.79049774 0.80452489
 0.81040724 0.81945701 0.83167421 0.83891403 0.84253394 0.84660633
 0.85429864 0.86063348 0.86561086 0.87058824 0.87466063 0.87737557
 0.88099548 0.88506787]
