



Namespace(cuda='cuda', mode='train', module='CIP', backbone='resnet50', occluded_duke_path='/home/hy/project/data/Occluded_Duke', occluded_reid_path='/opt/data/private/data/Occluded_REID', partial_duke_path='/opt/data/private/data/P_Duke_OURS/new', partial_reid_path='/opt/data/private/data/Partial-REID_Dataset', partial_ilids_path='/opt/data/private/data/Partial_iLIDS', market_path='/opt/data/private/data//Market-1501-v15.09.15', duke_path='/opt/data/private/data/DukeMTMC-reID', msmt_path='/opt/data/private/data/MSMT17', train_dataset='occluded_duke', test_dataset='occluded_duke', image_size=[256, 128], use_rea=True, use_colorjitor=False, seed=1, batchsize=64, num_instances=8, pid_num=702, in_dim=2048, learning_rate=0.0003, lambda1=0.007, weight_decay=0.0005, milestones=[40, 70], output_path='results/occluded_duke', max_save_model_num=1, resume_train_epoch=-1, auto_resume_training_from_lastest_step=True, total_train_epoch=120, eval_epoch=5, resume_test_model=119, test_mode='inter-camera')




Namespace(cuda='cuda', mode='train', module='CIP', backbone='resnet50', occluded_duke_path='/home/hy/project/data/Occluded_Duke', occluded_reid_path='/opt/data/private/data/Occluded_REID', partial_duke_path='/opt/data/private/data/P_Duke_OURS/new', partial_reid_path='/opt/data/private/data/Partial-REID_Dataset', partial_ilids_path='/opt/data/private/data/Partial_iLIDS', market_path='/opt/data/private/data//Market-1501-v15.09.15', duke_path='/opt/data/private/data/DukeMTMC-reID', msmt_path='/opt/data/private/data/MSMT17', train_dataset='occluded_duke', test_dataset='occluded_duke', image_size=[256, 128], use_rea=True, use_colorjitor=False, seed=1, batchsize=64, num_instances=8, pid_num=702, in_dim=2048, learning_rate=0.0003, lambda1=0.007, weight_decay=0.0005, milestones=[40, 70], output_path='results/occluded_duke', max_save_model_num=1, resume_train_epoch=-1, auto_resume_training_from_lastest_step=True, total_train_epoch=120, eval_epoch=5, resume_test_model=119, test_mode='inter-camera')




Namespace(cuda='cuda', mode='train', module='CIP', backbone='resnet50', occluded_duke_path='/home/hy/project/data/Occluded_Duke', occluded_reid_path='/opt/data/private/data/Occluded_REID', partial_duke_path='/opt/data/private/data/P_Duke_OURS/new', partial_reid_path='/opt/data/private/data/Partial-REID_Dataset', partial_ilids_path='/opt/data/private/data/Partial_iLIDS', market_path='/opt/data/private/data//Market-1501-v15.09.15', duke_path='/opt/data/private/data/DukeMTMC-reID', msmt_path='/opt/data/private/data/MSMT17', train_dataset='occluded_duke', test_dataset='occluded_duke', image_size=[256, 128], use_rea=True, use_colorjitor=False, seed=1, batchsize=64, num_instances=8, pid_num=702, in_dim=2048, learning_rate=0.0003, lambda1=0.007, weight_decay=0.0005, milestones=[40, 70], output_path='results/occluded_duke', max_save_model_num=1, resume_train_epoch=-1, auto_resume_training_from_lastest_step=True, total_train_epoch=120, eval_epoch=5, resume_test_model=119, test_mode='inter-camera')
Time: 2024-10-25 17:53:20; Epoch: 0; pid_loss: 6.551266;  quantified_localized_integrating_pid_loss: 6.5484176;  quantified_localized_integrating_reasoning_loss: 402.73434;  




Namespace(cuda='cuda', mode='train', module='Lucky', backbone='resnet50', occluded_duke_path='/home/hy/project/data/Occluded_Duke', occluded_reid_path='/opt/data/private/data/Occluded_REID', partial_duke_path='/opt/data/private/data/P_Duke_OURS/new', partial_reid_path='/opt/data/private/data/Partial-REID_Dataset', partial_ilids_path='/opt/data/private/data/Partial_iLIDS', market_path='/opt/data/private/data//Market-1501-v15.09.15', duke_path='/opt/data/private/data/DukeMTMC-reID', msmt_path='/opt/data/private/data/MSMT17', train_dataset='occluded_duke', test_dataset='occluded_duke', image_size=[256, 128], use_rea=True, use_colorjitor=False, seed=1, batchsize=64, num_instances=8, pid_num=702, in_dim=2048, learning_rate=0.0003, lambda1=0.007, weight_decay=0.0005, milestones=[40, 70], output_path='results/occluded_duke', max_save_model_num=1, resume_train_epoch=-1, auto_resume_training_from_lastest_step=True, total_train_epoch=120, eval_epoch=5, resume_test_model=119, test_mode='inter-camera')




Namespace(cuda='cuda', mode='train', module='Lucky', backbone='resnet50', occluded_duke_path='/home/hy/project/data/Occluded_Duke', occluded_reid_path='/opt/data/private/data/Occluded_REID', partial_duke_path='/opt/data/private/data/P_Duke_OURS/new', partial_reid_path='/opt/data/private/data/Partial-REID_Dataset', partial_ilids_path='/opt/data/private/data/Partial_iLIDS', market_path='/opt/data/private/data//Market-1501-v15.09.15', duke_path='/opt/data/private/data/DukeMTMC-reID', msmt_path='/opt/data/private/data/MSMT17', train_dataset='occluded_duke', test_dataset='occluded_duke', image_size=[256, 128], use_rea=True, use_colorjitor=False, seed=1, batchsize=64, num_instances=8, pid_num=702, in_dim=2048, learning_rate=0.0003, lambda1=0.007, weight_decay=0.0005, milestones=[40, 70], output_path='results/occluded_duke', max_save_model_num=1, resume_train_epoch=-1, auto_resume_training_from_lastest_step=True, total_train_epoch=120, eval_epoch=5, resume_test_model=119, test_mode='inter-camera')
Time: 2024-10-25 17:55:48; Epoch: 0; pid_loss: 6.551266;  quantified_localized_integrating_pid_loss: 6.5484176;  quantified_localized_integrating_reasoning_loss: 402.73434;  
Time: 2024-10-25 17:56:55; Epoch: 1; pid_loss: 6.498603;  quantified_localized_integrating_pid_loss: 6.4333286;  quantified_localized_integrating_reasoning_loss: 382.80225;  
Time: 2024-10-25 17:58:01; Epoch: 2; pid_loss: 6.1213355;  quantified_localized_integrating_pid_loss: 5.9486504;  quantified_localized_integrating_reasoning_loss: 368.65482;  
Time: 2024-10-25 17:59:08; Epoch: 3; pid_loss: 5.346731;  quantified_localized_integrating_pid_loss: 5.1274095;  quantified_localized_integrating_reasoning_loss: 360.0169;  
Time: 2024-10-25 18:00:14; Epoch: 4; pid_loss: 4.5186176;  quantified_localized_integrating_pid_loss: 4.2448406;  quantified_localized_integrating_reasoning_loss: 354.17786;  
Time: 2024-10-25 18:01:11; Test on Dataset: occluded_duke, 
mAP: 0.19510123973126553 
 Rank: [0.29276018 0.3479638  0.38506787 0.41628959 0.44162896 0.45882353
 0.4719457  0.4841629  0.5        0.51402715 0.52262443 0.5280543
 0.53891403 0.54705882 0.55384615 0.56334842 0.57058824 0.57692308
 0.58099548 0.58506787]
Time: 2024-10-25 18:02:17; Epoch: 5; pid_loss: 3.7686267;  quantified_localized_integrating_pid_loss: 3.4112155;  quantified_localized_integrating_reasoning_loss: 347.82202;  
Time: 2024-10-25 18:03:24; Epoch: 6; pid_loss: 3.1063406;  quantified_localized_integrating_pid_loss: 2.6305969;  quantified_localized_integrating_reasoning_loss: 341.44208;  
Time: 2024-10-25 18:04:31; Epoch: 7; pid_loss: 2.6497045;  quantified_localized_integrating_pid_loss: 2.081884;  quantified_localized_integrating_reasoning_loss: 332.6367;  
Time: 2024-10-25 18:05:37; Epoch: 8; pid_loss: 2.3022943;  quantified_localized_integrating_pid_loss: 1.734347;  quantified_localized_integrating_reasoning_loss: 321.76602;  
Time: 2024-10-25 18:06:44; Epoch: 9; pid_loss: 2.061172;  quantified_localized_integrating_pid_loss: 1.5128279;  quantified_localized_integrating_reasoning_loss: 307.81824;  
Time: 2024-10-25 18:07:41; Test on Dataset: occluded_duke, 
mAP: 0.2755763225069664 
 Rank: [0.37104072 0.43891403 0.47918552 0.51221719 0.54208145 0.56244344
 0.57963801 0.59321267 0.60316742 0.61538462 0.62443439 0.62986425
 0.63574661 0.64434389 0.65158371 0.65656109 0.66063348 0.66470588
 0.67058824 0.67420814]
Time: 2024-10-25 18:08:47; Epoch: 10; pid_loss: 1.9303137;  quantified_localized_integrating_pid_loss: 1.4168652;  quantified_localized_integrating_reasoning_loss: 292.40134;  
Time: 2024-10-25 18:09:54; Epoch: 11; pid_loss: 1.7802018;  quantified_localized_integrating_pid_loss: 1.3353121;  quantified_localized_integrating_reasoning_loss: 275.59665;  
Time: 2024-10-25 18:11:01; Epoch: 12; pid_loss: 1.6496977;  quantified_localized_integrating_pid_loss: 1.2753091;  quantified_localized_integrating_reasoning_loss: 258.6693;  
Time: 2024-10-25 18:12:08; Epoch: 13; pid_loss: 1.5767559;  quantified_localized_integrating_pid_loss: 1.2477925;  quantified_localized_integrating_reasoning_loss: 242.36324;  
Time: 2024-10-25 18:13:15; Epoch: 14; pid_loss: 1.5403166;  quantified_localized_integrating_pid_loss: 1.2332636;  quantified_localized_integrating_reasoning_loss: 228.33238;  
Time: 2024-10-25 18:14:12; Test on Dataset: occluded_duke, 
mAP: 0.35259712603608373 
 Rank: [0.45701357 0.54253394 0.58235294 0.61221719 0.63800905 0.65972851
 0.67692308 0.69004525 0.70045249 0.71131222 0.72036199 0.72760181
 0.73529412 0.74117647 0.7479638  0.75384615 0.75746606 0.75791855
 0.76289593 0.76923077]
Time: 2024-10-25 18:15:18; Epoch: 15; pid_loss: 1.5077865;  quantified_localized_integrating_pid_loss: 1.2166656;  quantified_localized_integrating_reasoning_loss: 215.73653;  
Time: 2024-10-25 18:16:25; Epoch: 16; pid_loss: 1.4858606;  quantified_localized_integrating_pid_loss: 1.2089987;  quantified_localized_integrating_reasoning_loss: 204.37971;  
Time: 2024-10-25 18:17:32; Epoch: 17; pid_loss: 1.4730426;  quantified_localized_integrating_pid_loss: 1.2082025;  quantified_localized_integrating_reasoning_loss: 194.20987;  
Time: 2024-10-25 18:18:38; Epoch: 18; pid_loss: 1.4480699;  quantified_localized_integrating_pid_loss: 1.1937144;  quantified_localized_integrating_reasoning_loss: 184.39476;  
Time: 2024-10-25 18:19:45; Epoch: 19; pid_loss: 1.4327548;  quantified_localized_integrating_pid_loss: 1.191928;  quantified_localized_integrating_reasoning_loss: 176.09392;  
Time: 2024-10-25 18:20:41; Test on Dataset: occluded_duke, 
mAP: 0.35607124128427114 
 Rank: [0.44615385 0.52760181 0.56923077 0.59773756 0.61674208 0.63936652
 0.6561086  0.66923077 0.6800905  0.68868778 0.69909502 0.70678733
 0.71266968 0.72262443 0.72941176 0.7361991  0.74162896 0.7438914
 0.74841629 0.75294118]
Time: 2024-10-25 18:21:48; Epoch: 20; pid_loss: 1.4403268;  quantified_localized_integrating_pid_loss: 1.1913311;  quantified_localized_integrating_reasoning_loss: 169.02232;  
Time: 2024-10-25 18:22:55; Epoch: 21; pid_loss: 1.4059582;  quantified_localized_integrating_pid_loss: 1.1757917;  quantified_localized_integrating_reasoning_loss: 161.37062;  
Time: 2024-10-25 18:24:02; Epoch: 22; pid_loss: 1.395125;  quantified_localized_integrating_pid_loss: 1.1708958;  quantified_localized_integrating_reasoning_loss: 154.53448;  
Time: 2024-10-25 18:25:08; Epoch: 23; pid_loss: 1.4022969;  quantified_localized_integrating_pid_loss: 1.1710283;  quantified_localized_integrating_reasoning_loss: 149.27745;  
Time: 2024-10-25 18:26:16; Epoch: 24; pid_loss: 1.3822181;  quantified_localized_integrating_pid_loss: 1.1633574;  quantified_localized_integrating_reasoning_loss: 144.90343;  
Time: 2024-10-25 18:27:13; Test on Dataset: occluded_duke, 
mAP: 0.41104477786082166 
 Rank: [0.53031674 0.60588235 0.64886878 0.67420814 0.69502262 0.71357466
 0.72760181 0.739819   0.75022624 0.76063348 0.7678733  0.77330317
 0.78099548 0.78642534 0.7918552  0.7959276  0.79954751 0.8040724
 0.80859729 0.81402715]
Time: 2024-10-25 18:28:20; Epoch: 25; pid_loss: 1.358071;  quantified_localized_integrating_pid_loss: 1.1550965;  quantified_localized_integrating_reasoning_loss: 139.54669;  
Time: 2024-10-25 18:29:27; Epoch: 26; pid_loss: 1.3694777;  quantified_localized_integrating_pid_loss: 1.1544344;  quantified_localized_integrating_reasoning_loss: 135.67648;  
Time: 2024-10-25 18:30:34; Epoch: 27; pid_loss: 1.3468302;  quantified_localized_integrating_pid_loss: 1.1467805;  quantified_localized_integrating_reasoning_loss: 131.44704;  
Time: 2024-10-25 18:31:41; Epoch: 28; pid_loss: 1.3521527;  quantified_localized_integrating_pid_loss: 1.1515414;  quantified_localized_integrating_reasoning_loss: 128.3841;  
Time: 2024-10-25 18:32:48; Epoch: 29; pid_loss: 1.3416253;  quantified_localized_integrating_pid_loss: 1.147192;  quantified_localized_integrating_reasoning_loss: 124.964645;  
Time: 2024-10-25 18:33:44; Test on Dataset: occluded_duke, 
mAP: 0.38684443122752427 
 Rank: [0.48914027 0.56832579 0.61266968 0.64751131 0.67104072 0.69004525
 0.70316742 0.71402715 0.72171946 0.73257919 0.74253394 0.74932127
 0.75384615 0.760181   0.76515837 0.76968326 0.77285068 0.77692308
 0.78461538 0.79049774]
Time: 2024-10-25 18:34:51; Epoch: 30; pid_loss: 1.3203909;  quantified_localized_integrating_pid_loss: 1.1391467;  quantified_localized_integrating_reasoning_loss: 121.95275;  
Time: 2024-10-25 18:35:58; Epoch: 31; pid_loss: 1.311882;  quantified_localized_integrating_pid_loss: 1.1378015;  quantified_localized_integrating_reasoning_loss: 118.74805;  
Time: 2024-10-25 18:37:05; Epoch: 32; pid_loss: 1.3138458;  quantified_localized_integrating_pid_loss: 1.1366982;  quantified_localized_integrating_reasoning_loss: 116.23638;  
Time: 2024-10-25 18:38:12; Epoch: 33; pid_loss: 1.3323879;  quantified_localized_integrating_pid_loss: 1.1366773;  quantified_localized_integrating_reasoning_loss: 114.77477;  
Time: 2024-10-25 18:39:18; Epoch: 34; pid_loss: 1.2947906;  quantified_localized_integrating_pid_loss: 1.1290698;  quantified_localized_integrating_reasoning_loss: 112.591;  
Time: 2024-10-25 18:40:14; Test on Dataset: occluded_duke, 
mAP: 0.4118252500219692 
 Rank: [0.50769231 0.58190045 0.6239819  0.65384615 0.68099548 0.69321267
 0.70723982 0.71628959 0.72533937 0.7321267  0.74343891 0.7520362
 0.75882353 0.76742081 0.77285068 0.77692308 0.7841629  0.78914027
 0.79502262 0.79954751]
Time: 2024-10-25 18:41:21; Epoch: 35; pid_loss: 1.2849052;  quantified_localized_integrating_pid_loss: 1.122106;  quantified_localized_integrating_reasoning_loss: 109.630936;  
Time: 2024-10-25 18:42:27; Epoch: 36; pid_loss: 1.2975191;  quantified_localized_integrating_pid_loss: 1.1280388;  quantified_localized_integrating_reasoning_loss: 107.953545;  
Time: 2024-10-25 18:43:34; Epoch: 37; pid_loss: 1.3041384;  quantified_localized_integrating_pid_loss: 1.1290362;  quantified_localized_integrating_reasoning_loss: 107.376335;  
Time: 2024-10-25 18:44:40; Epoch: 38; pid_loss: 1.2834198;  quantified_localized_integrating_pid_loss: 1.1255358;  quantified_localized_integrating_reasoning_loss: 105.6362;  
Time: 2024-10-25 18:45:46; Epoch: 39; pid_loss: 1.2787911;  quantified_localized_integrating_pid_loss: 1.1248782;  quantified_localized_integrating_reasoning_loss: 104.07783;  
Time: 2024-10-25 18:46:43; Test on Dataset: occluded_duke, 
mAP: 0.4297470354398521 
 Rank: [0.54343891 0.62126697 0.66651584 0.69502262 0.72262443 0.74072398
 0.75339367 0.76470588 0.77466063 0.78325792 0.78959276 0.79547511
 0.79954751 0.80859729 0.81221719 0.81719457 0.82307692 0.82850679
 0.83348416 0.83710407]
Time: 2024-10-25 18:47:49; Epoch: 40; pid_loss: 1.2081243;  quantified_localized_integrating_pid_loss: 1.0995289;  quantified_localized_integrating_reasoning_loss: 101.76361;  
Time: 2024-10-25 18:48:56; Epoch: 41; pid_loss: 1.1603969;  quantified_localized_integrating_pid_loss: 1.073764;  quantified_localized_integrating_reasoning_loss: 99.78575;  
Time: 2024-10-25 18:50:03; Epoch: 42; pid_loss: 1.1444234;  quantified_localized_integrating_pid_loss: 1.0668283;  quantified_localized_integrating_reasoning_loss: 98.099365;  
Time: 2024-10-25 18:51:10; Epoch: 43; pid_loss: 1.1442081;  quantified_localized_integrating_pid_loss: 1.066144;  quantified_localized_integrating_reasoning_loss: 96.66458;  
Time: 2024-10-25 18:52:16; Epoch: 44; pid_loss: 1.1401442;  quantified_localized_integrating_pid_loss: 1.0629479;  quantified_localized_integrating_reasoning_loss: 95.58193;  
Time: 2024-10-25 18:53:13; Test on Dataset: occluded_duke, 
mAP: 0.5039866425426457 
 Rank: [0.61085973 0.68687783 0.72714932 0.75656109 0.77873303 0.7959276
 0.80769231 0.8158371  0.82579186 0.8361991  0.84298643 0.8479638
 0.85294118 0.85565611 0.86063348 0.86515837 0.86742081 0.87104072
 0.87375566 0.87511312]
Time: 2024-10-25 18:54:20; Epoch: 45; pid_loss: 1.1387846;  quantified_localized_integrating_pid_loss: 1.0609332;  quantified_localized_integrating_reasoning_loss: 94.57471;  
Time: 2024-10-25 18:55:26; Epoch: 46; pid_loss: 1.1324264;  quantified_localized_integrating_pid_loss: 1.0601904;  quantified_localized_integrating_reasoning_loss: 93.692154;  
Time: 2024-10-25 18:56:33; Epoch: 47; pid_loss: 1.1366671;  quantified_localized_integrating_pid_loss: 1.0592551;  quantified_localized_integrating_reasoning_loss: 92.730896;  
Time: 2024-10-25 18:57:40; Epoch: 48; pid_loss: 1.1377178;  quantified_localized_integrating_pid_loss: 1.0592884;  quantified_localized_integrating_reasoning_loss: 92.132805;  
Time: 2024-10-25 18:58:47; Epoch: 49; pid_loss: 1.1319509;  quantified_localized_integrating_pid_loss: 1.0591465;  quantified_localized_integrating_reasoning_loss: 91.41293;  
Time: 2024-10-25 18:59:44; Test on Dataset: occluded_duke, 
mAP: 0.5235745475912494 
 Rank: [0.63438914 0.70723982 0.74524887 0.76923077 0.79366516 0.80452489
 0.81357466 0.82714932 0.83665158 0.84615385 0.85339367 0.85972851
 0.86425339 0.86696833 0.87149321 0.87375566 0.87828054 0.88235294
 0.88597285 0.88823529]
Time: 2024-10-25 19:00:50; Epoch: 50; pid_loss: 1.1337973;  quantified_localized_integrating_pid_loss: 1.057819;  quantified_localized_integrating_reasoning_loss: 90.836845;  
Time: 2024-10-25 19:01:57; Epoch: 51; pid_loss: 1.128057;  quantified_localized_integrating_pid_loss: 1.0561976;  quantified_localized_integrating_reasoning_loss: 90.22898;  
Time: 2024-10-25 19:03:03; Epoch: 52; pid_loss: 1.1353656;  quantified_localized_integrating_pid_loss: 1.0573405;  quantified_localized_integrating_reasoning_loss: 89.99515;  
Time: 2024-10-25 19:04:10; Epoch: 53; pid_loss: 1.1289153;  quantified_localized_integrating_pid_loss: 1.0572351;  quantified_localized_integrating_reasoning_loss: 89.46681;  
Time: 2024-10-25 19:05:17; Epoch: 54; pid_loss: 1.1272101;  quantified_localized_integrating_pid_loss: 1.0568801;  quantified_localized_integrating_reasoning_loss: 89.07412;  
Time: 2024-10-25 19:06:14; Test on Dataset: occluded_duke, 
mAP: 0.5269532394205562 
 Rank: [0.63438914 0.7081448  0.74027149 0.76470588 0.78823529 0.80180995
 0.81493213 0.82533937 0.8321267  0.83936652 0.84932127 0.85565611
 0.860181   0.86561086 0.87013575 0.87420814 0.87737557 0.88054299
 0.8841629  0.88687783]
Time: 2024-10-25 19:07:21; Epoch: 55; pid_loss: 1.1289848;  quantified_localized_integrating_pid_loss: 1.0559888;  quantified_localized_integrating_reasoning_loss: 88.61274;  
Time: 2024-10-25 19:08:28; Epoch: 56; pid_loss: 1.1242099;  quantified_localized_integrating_pid_loss: 1.0571276;  quantified_localized_integrating_reasoning_loss: 88.32896;  
Time: 2024-10-25 19:09:35; Epoch: 57; pid_loss: 1.1299516;  quantified_localized_integrating_pid_loss: 1.0564064;  quantified_localized_integrating_reasoning_loss: 87.96374;  
Time: 2024-10-25 19:10:42; Epoch: 58; pid_loss: 1.1255443;  quantified_localized_integrating_pid_loss: 1.057216;  quantified_localized_integrating_reasoning_loss: 87.76466;  
Time: 2024-10-25 19:11:49; Epoch: 59; pid_loss: 1.1198287;  quantified_localized_integrating_pid_loss: 1.0542585;  quantified_localized_integrating_reasoning_loss: 87.455154;  
Time: 2024-10-25 19:12:46; Test on Dataset: occluded_duke, 
mAP: 0.5264064482631599 
 Rank: [0.63800905 0.70723982 0.73710407 0.76153846 0.78461538 0.8040724
 0.81764706 0.82714932 0.83710407 0.84479638 0.85113122 0.860181
 0.86470588 0.86923077 0.87330317 0.87692308 0.88054299 0.88144796
 0.88597285 0.88868778]
Time: 2024-10-25 19:13:52; Epoch: 60; pid_loss: 1.1233512;  quantified_localized_integrating_pid_loss: 1.0541396;  quantified_localized_integrating_reasoning_loss: 87.135185;  
Time: 2024-10-25 19:14:58; Epoch: 61; pid_loss: 1.1167425;  quantified_localized_integrating_pid_loss: 1.0546483;  quantified_localized_integrating_reasoning_loss: 86.86921;  
Time: 2024-10-25 19:16:05; Epoch: 62; pid_loss: 1.1198756;  quantified_localized_integrating_pid_loss: 1.0539916;  quantified_localized_integrating_reasoning_loss: 86.64062;  
Time: 2024-10-25 19:17:11; Epoch: 63; pid_loss: 1.1192188;  quantified_localized_integrating_pid_loss: 1.0535805;  quantified_localized_integrating_reasoning_loss: 86.41381;  
Time: 2024-10-25 19:18:18; Epoch: 64; pid_loss: 1.1181582;  quantified_localized_integrating_pid_loss: 1.0525628;  quantified_localized_integrating_reasoning_loss: 86.137665;  
Time: 2024-10-25 19:19:15; Test on Dataset: occluded_duke, 
mAP: 0.5288125874528348 
 Rank: [0.64208145 0.70859729 0.73846154 0.76877828 0.78959276 0.80723982
 0.81945701 0.83076923 0.84072398 0.84886878 0.85429864 0.86153846
 0.86651584 0.86877828 0.87104072 0.87511312 0.87918552 0.88235294
 0.88687783 0.89004525]
Time: 2024-10-25 19:20:21; Epoch: 65; pid_loss: 1.1170529;  quantified_localized_integrating_pid_loss: 1.0510902;  quantified_localized_integrating_reasoning_loss: 85.81541;  
Time: 2024-10-25 19:21:27; Epoch: 66; pid_loss: 1.1143098;  quantified_localized_integrating_pid_loss: 1.0519612;  quantified_localized_integrating_reasoning_loss: 85.64629;  
Time: 2024-10-25 19:22:34; Epoch: 67; pid_loss: 1.1180174;  quantified_localized_integrating_pid_loss: 1.0522673;  quantified_localized_integrating_reasoning_loss: 85.619026;  
Time: 2024-10-25 19:23:41; Epoch: 68; pid_loss: 1.1126993;  quantified_localized_integrating_pid_loss: 1.0513829;  quantified_localized_integrating_reasoning_loss: 85.289085;  
Time: 2024-10-25 19:24:47; Epoch: 69; pid_loss: 1.1133811;  quantified_localized_integrating_pid_loss: 1.0498941;  quantified_localized_integrating_reasoning_loss: 85.051285;  
Time: 2024-10-25 19:25:44; Test on Dataset: occluded_duke, 
mAP: 0.5391048180866664 
 Rank: [0.64841629 0.7199095  0.7520362  0.77737557 0.79547511 0.81357466
 0.82714932 0.8361991  0.84253394 0.84841629 0.8561086  0.86244344
 0.86606335 0.87104072 0.87647059 0.88054299 0.88687783 0.88959276
 0.89140271 0.89457014]
Time: 2024-10-25 19:26:52; Epoch: 70; pid_loss: 1.1010087;  quantified_localized_integrating_pid_loss: 1.0463699;  quantified_localized_integrating_reasoning_loss: 84.597435;  
Time: 2024-10-25 19:27:58; Epoch: 71; pid_loss: 1.0993898;  quantified_localized_integrating_pid_loss: 1.0447984;  quantified_localized_integrating_reasoning_loss: 84.41699;  
Time: 2024-10-25 19:29:05; Epoch: 72; pid_loss: 1.0965403;  quantified_localized_integrating_pid_loss: 1.044316;  quantified_localized_integrating_reasoning_loss: 84.48026;  
Time: 2024-10-25 19:30:12; Epoch: 73; pid_loss: 1.0963371;  quantified_localized_integrating_pid_loss: 1.0434588;  quantified_localized_integrating_reasoning_loss: 84.32678;  
Time: 2024-10-25 19:31:18; Epoch: 74; pid_loss: 1.0977815;  quantified_localized_integrating_pid_loss: 1.0433037;  quantified_localized_integrating_reasoning_loss: 84.33277;  
Time: 2024-10-25 19:32:15; Test on Dataset: occluded_duke, 
mAP: 0.5439040465220969 
 Rank: [0.65520362 0.7199095  0.75837104 0.78642534 0.80226244 0.81447964
 0.82488688 0.83574661 0.84660633 0.85294118 0.85746606 0.86470588
 0.87375566 0.87873303 0.88597285 0.88823529 0.89095023 0.89276018
 0.8959276  0.90090498]
Time: 2024-10-25 19:33:22; Epoch: 75; pid_loss: 1.0968963;  quantified_localized_integrating_pid_loss: 1.043594;  quantified_localized_integrating_reasoning_loss: 84.14848;  
Time: 2024-10-25 19:34:28; Epoch: 76; pid_loss: 1.0948603;  quantified_localized_integrating_pid_loss: 1.0428175;  quantified_localized_integrating_reasoning_loss: 84.13271;  
Time: 2024-10-25 19:35:35; Epoch: 77; pid_loss: 1.0955443;  quantified_localized_integrating_pid_loss: 1.0431559;  quantified_localized_integrating_reasoning_loss: 84.114815;  
Time: 2024-10-25 19:36:42; Epoch: 78; pid_loss: 1.0932423;  quantified_localized_integrating_pid_loss: 1.042909;  quantified_localized_integrating_reasoning_loss: 84.00065;  
Time: 2024-10-25 19:37:49; Epoch: 79; pid_loss: 1.094715;  quantified_localized_integrating_pid_loss: 1.0426843;  quantified_localized_integrating_reasoning_loss: 83.868996;  
Time: 2024-10-25 19:38:46; Test on Dataset: occluded_duke, 
mAP: 0.5419696991063749 
 Rank: [0.65067873 0.71493213 0.7561086  0.78190045 0.79547511 0.81131222
 0.82307692 0.83665158 0.84343891 0.85067873 0.85565611 0.86515837
 0.86877828 0.87466063 0.87963801 0.8841629  0.88778281 0.89140271
 0.89366516 0.89819005]
Time: 2024-10-25 19:39:52; Epoch: 80; pid_loss: 1.094841;  quantified_localized_integrating_pid_loss: 1.0427897;  quantified_localized_integrating_reasoning_loss: 83.84155;  
Time: 2024-10-25 19:40:59; Epoch: 81; pid_loss: 1.0950263;  quantified_localized_integrating_pid_loss: 1.0425516;  quantified_localized_integrating_reasoning_loss: 83.8158;  
Time: 2024-10-25 19:42:06; Epoch: 82; pid_loss: 1.0949031;  quantified_localized_integrating_pid_loss: 1.0427271;  quantified_localized_integrating_reasoning_loss: 83.70331;  
Time: 2024-10-25 19:43:12; Epoch: 83; pid_loss: 1.0967859;  quantified_localized_integrating_pid_loss: 1.0432159;  quantified_localized_integrating_reasoning_loss: 83.73397;  
Time: 2024-10-25 19:44:19; Epoch: 84; pid_loss: 1.0953612;  quantified_localized_integrating_pid_loss: 1.0421386;  quantified_localized_integrating_reasoning_loss: 83.642784;  
Time: 2024-10-25 19:45:16; Test on Dataset: occluded_duke, 
mAP: 0.5439191315038174 
 Rank: [0.65384615 0.72036199 0.75475113 0.77918552 0.7959276  0.81402715
 0.82669683 0.83846154 0.84434389 0.85339367 0.85837104 0.86334842
 0.86877828 0.87420814 0.87918552 0.88325792 0.88733032 0.89140271
 0.89411765 0.8959276 ]
Time: 2024-10-25 19:46:22; Epoch: 85; pid_loss: 1.0920627;  quantified_localized_integrating_pid_loss: 1.0406526;  quantified_localized_integrating_reasoning_loss: 83.6027;  
Time: 2024-10-25 19:47:28; Epoch: 86; pid_loss: 1.0915469;  quantified_localized_integrating_pid_loss: 1.0424638;  quantified_localized_integrating_reasoning_loss: 83.473785;  
Time: 2024-10-25 19:48:35; Epoch: 87; pid_loss: 1.0931655;  quantified_localized_integrating_pid_loss: 1.0432739;  quantified_localized_integrating_reasoning_loss: 83.53629;  
Time: 2024-10-25 19:49:42; Epoch: 88; pid_loss: 1.0933095;  quantified_localized_integrating_pid_loss: 1.0426596;  quantified_localized_integrating_reasoning_loss: 83.512054;  
Time: 2024-10-25 19:50:49; Epoch: 89; pid_loss: 1.0930786;  quantified_localized_integrating_pid_loss: 1.0419167;  quantified_localized_integrating_reasoning_loss: 83.19635;  
Time: 2024-10-25 19:51:46; Test on Dataset: occluded_duke, 
mAP: 0.5434026173935207 
 Rank: [0.65837104 0.71945701 0.75791855 0.78144796 0.8        0.81357466
 0.82579186 0.83755656 0.8438914  0.8520362  0.86153846 0.86561086
 0.87239819 0.87692308 0.88144796 0.88461538 0.88778281 0.8918552
 0.8959276  0.89728507]
Time: 2024-10-25 19:52:52; Epoch: 90; pid_loss: 1.0923862;  quantified_localized_integrating_pid_loss: 1.0427892;  quantified_localized_integrating_reasoning_loss: 83.3215;  
Time: 2024-10-25 19:53:58; Epoch: 91; pid_loss: 1.0937505;  quantified_localized_integrating_pid_loss: 1.0427766;  quantified_localized_integrating_reasoning_loss: 83.37333;  
Time: 2024-10-25 19:55:05; Epoch: 92; pid_loss: 1.0919517;  quantified_localized_integrating_pid_loss: 1.0425495;  quantified_localized_integrating_reasoning_loss: 83.20975;  
Time: 2024-10-25 19:56:11; Epoch: 93; pid_loss: 1.0919913;  quantified_localized_integrating_pid_loss: 1.0426306;  quantified_localized_integrating_reasoning_loss: 83.2196;  
Time: 2024-10-25 19:57:18; Epoch: 94; pid_loss: 1.0928915;  quantified_localized_integrating_pid_loss: 1.0410794;  quantified_localized_integrating_reasoning_loss: 83.07557;  
Time: 2024-10-25 19:58:15; Test on Dataset: occluded_duke, 
mAP: 0.5467244376990522 
 Rank: [0.65701357 0.72307692 0.75565611 0.78190045 0.80045249 0.81764706
 0.83031674 0.84253394 0.84886878 0.85882353 0.86470588 0.87013575
 0.87466063 0.8800905  0.88280543 0.88552036 0.88687783 0.8918552
 0.89547511 0.89909502]
Time: 2024-10-25 19:59:22; Epoch: 95; pid_loss: 1.0914081;  quantified_localized_integrating_pid_loss: 1.0411689;  quantified_localized_integrating_reasoning_loss: 83.10587;  
Time: 2024-10-25 20:00:28; Epoch: 96; pid_loss: 1.0911326;  quantified_localized_integrating_pid_loss: 1.0411515;  quantified_localized_integrating_reasoning_loss: 83.02031;  
Time: 2024-10-25 20:01:35; Epoch: 97; pid_loss: 1.0929081;  quantified_localized_integrating_pid_loss: 1.0419911;  quantified_localized_integrating_reasoning_loss: 83.03106;  
Time: 2024-10-25 20:02:42; Epoch: 98; pid_loss: 1.0907112;  quantified_localized_integrating_pid_loss: 1.0415713;  quantified_localized_integrating_reasoning_loss: 83.09289;  
Time: 2024-10-25 20:03:49; Epoch: 99; pid_loss: 1.0929216;  quantified_localized_integrating_pid_loss: 1.0418221;  quantified_localized_integrating_reasoning_loss: 82.838104;  
Time: 2024-10-25 20:04:45; Test on Dataset: occluded_duke, 
mAP: 0.5455467793118107 
 Rank: [0.6561086  0.72036199 0.75565611 0.78190045 0.80045249 0.81538462
 0.82669683 0.83800905 0.84524887 0.85294118 0.85927602 0.86561086
 0.87058824 0.87511312 0.87918552 0.88325792 0.88733032 0.88959276
 0.89366516 0.8959276 ]
Time: 2024-10-25 20:05:52; Epoch: 100; pid_loss: 1.0903615;  quantified_localized_integrating_pid_loss: 1.0417401;  quantified_localized_integrating_reasoning_loss: 82.87395;  
Time: 2024-10-25 20:06:59; Epoch: 101; pid_loss: 1.0912871;  quantified_localized_integrating_pid_loss: 1.0404203;  quantified_localized_integrating_reasoning_loss: 82.831955;  
Time: 2024-10-25 20:08:05; Epoch: 102; pid_loss: 1.0912364;  quantified_localized_integrating_pid_loss: 1.0415326;  quantified_localized_integrating_reasoning_loss: 82.81786;  
Time: 2024-10-25 20:09:12; Epoch: 103; pid_loss: 1.0933576;  quantified_localized_integrating_pid_loss: 1.0409272;  quantified_localized_integrating_reasoning_loss: 82.83211;  
Time: 2024-10-25 20:10:19; Epoch: 104; pid_loss: 1.0919062;  quantified_localized_integrating_pid_loss: 1.0410254;  quantified_localized_integrating_reasoning_loss: 82.76016;  
Time: 2024-10-25 20:11:16; Test on Dataset: occluded_duke, 
mAP: 0.5450713937014958 
 Rank: [0.65475113 0.72081448 0.75882353 0.78733032 0.79954751 0.81855204
 0.83393665 0.8438914  0.84932127 0.85701357 0.86199095 0.86877828
 0.87420814 0.87692308 0.88280543 0.88687783 0.88959276 0.8918552
 0.89547511 0.89683258]
Time: 2024-10-25 20:12:22; Epoch: 105; pid_loss: 1.092453;  quantified_localized_integrating_pid_loss: 1.0411787;  quantified_localized_integrating_reasoning_loss: 82.71366;  
Time: 2024-10-25 20:13:29; Epoch: 106; pid_loss: 1.0938243;  quantified_localized_integrating_pid_loss: 1.0410185;  quantified_localized_integrating_reasoning_loss: 82.72842;  
Time: 2024-10-25 20:14:36; Epoch: 107; pid_loss: 1.0944707;  quantified_localized_integrating_pid_loss: 1.0424598;  quantified_localized_integrating_reasoning_loss: 82.69553;  
Time: 2024-10-25 20:15:43; Epoch: 108; pid_loss: 1.0898039;  quantified_localized_integrating_pid_loss: 1.0399295;  quantified_localized_integrating_reasoning_loss: 82.690674;  




Namespace(cuda='cuda', mode='train', module='Lucky', backbone='resnet50', occluded_duke_path='/home/hy/project/data/Occluded_Duke', occluded_reid_path='/opt/data/private/data/Occluded_REID', partial_duke_path='/opt/data/private/data/P_Duke_OURS/new', partial_reid_path='/opt/data/private/data/Partial-REID_Dataset', partial_ilids_path='/opt/data/private/data/Partial_iLIDS', market_path='/opt/data/private/data//Market-1501-v15.09.15', duke_path='/opt/data/private/data/DukeMTMC-reID', msmt_path='/opt/data/private/data/MSMT17', train_dataset='occluded_duke', test_dataset='occluded_duke', image_size=[256, 128], use_rea=True, use_colorjitor=False, seed=1, batchsize=64, num_instances=8, pid_num=702, in_dim=2048, learning_rate=0.0003, lambda1=0.007, weight_decay=0.0005, milestones=[40, 70], output_path='results/occluded_duke', max_save_model_num=1, resume_train_epoch=-1, auto_resume_training_from_lastest_step=True, total_train_epoch=120, eval_epoch=5, resume_test_model=119, test_mode='inter-camera')




Namespace(cuda='cuda', mode='train', module='Lucky', backbone='resnet50', occluded_duke_path='/home/hy/project/data/Occluded_Duke', occluded_reid_path='/opt/data/private/data/Occluded_REID', partial_duke_path='/opt/data/private/data/P_Duke_OURS/new', partial_reid_path='/opt/data/private/data/Partial-REID_Dataset', partial_ilids_path='/opt/data/private/data/Partial_iLIDS', market_path='/opt/data/private/data//Market-1501-v15.09.15', duke_path='/opt/data/private/data/DukeMTMC-reID', msmt_path='/opt/data/private/data/MSMT17', train_dataset='occluded_duke', test_dataset='occluded_duke', image_size=[256, 128], use_rea=True, use_colorjitor=False, seed=1, batchsize=64, num_instances=8, pid_num=702, in_dim=2048, learning_rate=0.0003, lambda1=0.007, weight_decay=0.0005, milestones=[40, 70], output_path='results/occluded_duke', max_save_model_num=1, resume_train_epoch=-1, auto_resume_training_from_lastest_step=True, total_train_epoch=120, eval_epoch=5, resume_test_model=119, test_mode='inter-camera')
Time: 2024-10-25 20:17:44; Epoch: 0; pid_loss: 6.550908;  quantified_localized_integrating_pid_loss: 6.54705;  quantified_localized_integrating_reasoning_loss: 367.10257;  
Time: 2024-10-25 20:18:47; Epoch: 1; pid_loss: 6.389528;  quantified_localized_integrating_pid_loss: 6.3187175;  quantified_localized_integrating_reasoning_loss: 351.71323;  
Time: 2024-10-25 20:19:51; Epoch: 2; pid_loss: 5.7852015;  quantified_localized_integrating_pid_loss: 5.61806;  quantified_localized_integrating_reasoning_loss: 338.04932;  
Time: 2024-10-25 20:20:54; Epoch: 3; pid_loss: 5.0182905;  quantified_localized_integrating_pid_loss: 4.7713475;  quantified_localized_integrating_reasoning_loss: 332.51797;  
Time: 2024-10-25 20:21:58; Epoch: 4; pid_loss: 4.2817345;  quantified_localized_integrating_pid_loss: 3.924044;  quantified_localized_integrating_reasoning_loss: 327.3264;  
Time: 2024-10-25 20:22:54; Test on Dataset: occluded_duke, 
mAP: 0.223091606737219 
 Rank: [0.3239819  0.38959276 0.43257919 0.46606335 0.49049774 0.50769231
 0.51945701 0.5321267  0.54072398 0.55475113 0.5638009  0.57285068
 0.58054299 0.58914027 0.59638009 0.59954751 0.60497738 0.60995475
 0.6158371  0.61945701]
Time: 2024-10-25 20:23:58; Epoch: 5; pid_loss: 3.6056545;  quantified_localized_integrating_pid_loss: 3.1173403;  quantified_localized_integrating_reasoning_loss: 321.61346;  
Time: 2024-10-25 20:25:01; Epoch: 6; pid_loss: 3.0480342;  quantified_localized_integrating_pid_loss: 2.4254067;  quantified_localized_integrating_reasoning_loss: 316.0707;  
Time: 2024-10-25 20:26:05; Epoch: 7; pid_loss: 2.6226146;  quantified_localized_integrating_pid_loss: 1.9580357;  quantified_localized_integrating_reasoning_loss: 307.80783;  
Time: 2024-10-25 20:27:08; Epoch: 8; pid_loss: 2.2865965;  quantified_localized_integrating_pid_loss: 1.6521552;  quantified_localized_integrating_reasoning_loss: 298.46445;  
Time: 2024-10-25 20:28:12; Epoch: 9; pid_loss: 2.0935557;  quantified_localized_integrating_pid_loss: 1.4948367;  quantified_localized_integrating_reasoning_loss: 286.7412;  
Time: 2024-10-25 20:29:09; Test on Dataset: occluded_duke, 
mAP: 0.3153952439155444 
 Rank: [0.42579186 0.50723982 0.54660633 0.57963801 0.60542986 0.62941176
 0.64660633 0.66063348 0.67058824 0.67963801 0.68868778 0.69683258
 0.70090498 0.70995475 0.71628959 0.72352941 0.72624434 0.72941176
 0.73574661 0.74027149]
Time: 2024-10-25 20:30:12; Epoch: 10; pid_loss: 1.932237;  quantified_localized_integrating_pid_loss: 1.4006407;  quantified_localized_integrating_reasoning_loss: 273.48853;  
Time: 2024-10-25 20:31:16; Epoch: 11; pid_loss: 1.7920325;  quantified_localized_integrating_pid_loss: 1.3365759;  quantified_localized_integrating_reasoning_loss: 259.14423;  
Time: 2024-10-25 20:32:19; Epoch: 12; pid_loss: 1.6640601;  quantified_localized_integrating_pid_loss: 1.272924;  quantified_localized_integrating_reasoning_loss: 244.93582;  
Time: 2024-10-25 20:33:23; Epoch: 13; pid_loss: 1.589363;  quantified_localized_integrating_pid_loss: 1.2426767;  quantified_localized_integrating_reasoning_loss: 230.78072;  
Time: 2024-10-25 20:34:27; Epoch: 14; pid_loss: 1.5504602;  quantified_localized_integrating_pid_loss: 1.2359275;  quantified_localized_integrating_reasoning_loss: 217.70068;  
Time: 2024-10-25 20:35:24; Test on Dataset: occluded_duke, 
mAP: 0.3531388750071367 
 Rank: [0.46696833 0.53936652 0.57918552 0.61402715 0.63484163 0.65158371
 0.66334842 0.67420814 0.68778281 0.69683258 0.70723982 0.71266968
 0.72036199 0.72443439 0.72986425 0.73438914 0.739819   0.74343891
 0.74751131 0.75022624]
Time: 2024-10-25 20:36:27; Epoch: 15; pid_loss: 1.5179863;  quantified_localized_integrating_pid_loss: 1.2099657;  quantified_localized_integrating_reasoning_loss: 205.78935;  
Time: 2024-10-25 20:37:31; Epoch: 16; pid_loss: 1.4821618;  quantified_localized_integrating_pid_loss: 1.2008302;  quantified_localized_integrating_reasoning_loss: 194.368;  
Time: 2024-10-25 20:38:34; Epoch: 17; pid_loss: 1.4753952;  quantified_localized_integrating_pid_loss: 1.2018628;  quantified_localized_integrating_reasoning_loss: 185.05331;  
Time: 2024-10-25 20:39:38; Epoch: 18; pid_loss: 1.46183;  quantified_localized_integrating_pid_loss: 1.1958514;  quantified_localized_integrating_reasoning_loss: 175.97595;  
Time: 2024-10-25 20:40:41; Epoch: 19; pid_loss: 1.4311048;  quantified_localized_integrating_pid_loss: 1.17928;  quantified_localized_integrating_reasoning_loss: 167.91074;  
Time: 2024-10-25 20:41:38; Test on Dataset: occluded_duke, 
mAP: 0.38767966089377087 
 Rank: [0.48823529 0.56877828 0.61040724 0.63936652 0.66244344 0.68325792
 0.70452489 0.71402715 0.72262443 0.73393665 0.74117647 0.74841629
 0.75520362 0.76153846 0.76606335 0.77104072 0.77556561 0.77918552
 0.78325792 0.78868778]
Time: 2024-10-25 20:42:42; Epoch: 20; pid_loss: 1.4296293;  quantified_localized_integrating_pid_loss: 1.1814108;  quantified_localized_integrating_reasoning_loss: 161.02953;  
Time: 2024-10-25 20:43:45; Epoch: 21; pid_loss: 1.4054369;  quantified_localized_integrating_pid_loss: 1.1745085;  quantified_localized_integrating_reasoning_loss: 154.43872;  
Time: 2024-10-25 20:44:49; Epoch: 22; pid_loss: 1.3847718;  quantified_localized_integrating_pid_loss: 1.1640884;  quantified_localized_integrating_reasoning_loss: 147.82924;  
Time: 2024-10-25 20:45:53; Epoch: 23; pid_loss: 1.3911506;  quantified_localized_integrating_pid_loss: 1.1633408;  quantified_localized_integrating_reasoning_loss: 142.94377;  
Time: 2024-10-25 20:46:57; Epoch: 24; pid_loss: 1.4022702;  quantified_localized_integrating_pid_loss: 1.1640109;  quantified_localized_integrating_reasoning_loss: 139.04196;  
Time: 2024-10-25 20:47:54; Test on Dataset: occluded_duke, 
mAP: 0.3925101142604347 
 Rank: [0.49638009 0.56923077 0.60995475 0.63529412 0.66153846 0.68280543
 0.70090498 0.71176471 0.72262443 0.73393665 0.74117647 0.75158371
 0.75746606 0.76289593 0.7678733  0.77330317 0.78190045 0.78733032
 0.79095023 0.79457014]
Time: 2024-10-25 20:48:58; Epoch: 25; pid_loss: 1.3691937;  quantified_localized_integrating_pid_loss: 1.1475576;  quantified_localized_integrating_reasoning_loss: 134.3201;  
Time: 2024-10-25 20:50:02; Epoch: 26; pid_loss: 1.3741696;  quantified_localized_integrating_pid_loss: 1.1507417;  quantified_localized_integrating_reasoning_loss: 130.56839;  
Time: 2024-10-25 20:51:06; Epoch: 27; pid_loss: 1.3463564;  quantified_localized_integrating_pid_loss: 1.1391908;  quantified_localized_integrating_reasoning_loss: 126.910515;  
Time: 2024-10-25 20:52:09; Epoch: 28; pid_loss: 1.3311934;  quantified_localized_integrating_pid_loss: 1.1363491;  quantified_localized_integrating_reasoning_loss: 123.20246;  
Time: 2024-10-25 20:53:13; Epoch: 29; pid_loss: 1.3387187;  quantified_localized_integrating_pid_loss: 1.1421396;  quantified_localized_integrating_reasoning_loss: 120.430855;  
Time: 2024-10-25 20:54:10; Test on Dataset: occluded_duke, 
mAP: 0.3579257308708696 
 Rank: [0.4520362  0.5321267  0.57737557 0.60497738 0.63303167 0.6520362
 0.66742081 0.67556561 0.68280543 0.69321267 0.70226244 0.70859729
 0.71357466 0.72126697 0.72669683 0.73348416 0.73891403 0.74434389
 0.74660633 0.74841629]
Time: 2024-10-25 20:55:13; Epoch: 30; pid_loss: 1.3284507;  quantified_localized_integrating_pid_loss: 1.1364044;  quantified_localized_integrating_reasoning_loss: 118.388596;  
Time: 2024-10-25 20:56:17; Epoch: 31; pid_loss: 1.3110043;  quantified_localized_integrating_pid_loss: 1.1288499;  quantified_localized_integrating_reasoning_loss: 115.121895;  
Time: 2024-10-25 20:57:21; Epoch: 32; pid_loss: 1.3139249;  quantified_localized_integrating_pid_loss: 1.1307821;  quantified_localized_integrating_reasoning_loss: 112.67951;  
Time: 2024-10-25 20:58:24; Epoch: 33; pid_loss: 1.3147876;  quantified_localized_integrating_pid_loss: 1.1294467;  quantified_localized_integrating_reasoning_loss: 111.17351;  
Time: 2024-10-25 20:59:27; Epoch: 34; pid_loss: 1.3110708;  quantified_localized_integrating_pid_loss: 1.1166868;  quantified_localized_integrating_reasoning_loss: 109.025986;  
Time: 2024-10-25 21:00:24; Test on Dataset: occluded_duke, 
mAP: 0.3988595140384709 
 Rank: [0.49864253 0.56832579 0.62036199 0.65294118 0.67330317 0.68959276
 0.70497738 0.71764706 0.72760181 0.73303167 0.74117647 0.74977376
 0.75746606 0.76334842 0.76877828 0.77285068 0.77647059 0.78235294
 0.78687783 0.79366516]
Time: 2024-10-25 21:01:27; Epoch: 35; pid_loss: 1.3022033;  quantified_localized_integrating_pid_loss: 1.1223027;  quantified_localized_integrating_reasoning_loss: 107.24629;  
Time: 2024-10-25 21:02:30; Epoch: 36; pid_loss: 1.2948323;  quantified_localized_integrating_pid_loss: 1.1213145;  quantified_localized_integrating_reasoning_loss: 105.47045;  
Time: 2024-10-25 21:03:34; Epoch: 37; pid_loss: 1.2913581;  quantified_localized_integrating_pid_loss: 1.1176751;  quantified_localized_integrating_reasoning_loss: 104.52976;  
Time: 2024-10-25 21:04:37; Epoch: 38; pid_loss: 1.2791942;  quantified_localized_integrating_pid_loss: 1.1134651;  quantified_localized_integrating_reasoning_loss: 102.58245;  
Time: 2024-10-25 21:05:41; Epoch: 39; pid_loss: 1.2803079;  quantified_localized_integrating_pid_loss: 1.1156733;  quantified_localized_integrating_reasoning_loss: 101.14015;  
Time: 2024-10-25 21:06:37; Test on Dataset: occluded_duke, 
mAP: 0.4169084106107661 
 Rank: [0.51674208 0.58959276 0.63257919 0.6638009  0.68597285 0.70180995
 0.71085973 0.72171946 0.73438914 0.74253394 0.74886878 0.7561086
 0.76470588 0.77285068 0.77918552 0.78597285 0.79049774 0.79366516
 0.79954751 0.80361991]
Time: 2024-10-25 21:07:40; Epoch: 40; pid_loss: 1.205429;  quantified_localized_integrating_pid_loss: 1.0906637;  quantified_localized_integrating_reasoning_loss: 99.712845;  
Time: 2024-10-25 21:08:43; Epoch: 41; pid_loss: 1.1603683;  quantified_localized_integrating_pid_loss: 1.0697632;  quantified_localized_integrating_reasoning_loss: 98.39366;  
Time: 2024-10-25 21:09:47; Epoch: 42; pid_loss: 1.1478304;  quantified_localized_integrating_pid_loss: 1.0634289;  quantified_localized_integrating_reasoning_loss: 97.29141;  
Time: 2024-10-25 21:10:51; Epoch: 43; pid_loss: 1.1391965;  quantified_localized_integrating_pid_loss: 1.0597346;  quantified_localized_integrating_reasoning_loss: 96.15808;  
Time: 2024-10-25 21:11:55; Epoch: 44; pid_loss: 1.1336644;  quantified_localized_integrating_pid_loss: 1.0547556;  quantified_localized_integrating_reasoning_loss: 95.17853;  
Time: 2024-10-25 21:12:52; Test on Dataset: occluded_duke, 
mAP: 0.4991633404657424 
 Rank: [0.59049774 0.66470588 0.70995475 0.74253394 0.76696833 0.78144796
 0.79095023 0.80361991 0.81176471 0.82126697 0.82850679 0.83529412
 0.83846154 0.84434389 0.84841629 0.8520362  0.85656109 0.86063348
 0.86515837 0.86877828]
Time: 2024-10-25 21:13:55; Epoch: 45; pid_loss: 1.1338707;  quantified_localized_integrating_pid_loss: 1.0540054;  quantified_localized_integrating_reasoning_loss: 94.26733;  
Time: 2024-10-25 21:14:58; Epoch: 46; pid_loss: 1.1294492;  quantified_localized_integrating_pid_loss: 1.0538707;  quantified_localized_integrating_reasoning_loss: 93.333405;  
Time: 2024-10-25 21:16:02; Epoch: 47; pid_loss: 1.1342775;  quantified_localized_integrating_pid_loss: 1.0538043;  quantified_localized_integrating_reasoning_loss: 92.51573;  
Time: 2024-10-25 21:17:06; Epoch: 48; pid_loss: 1.1297402;  quantified_localized_integrating_pid_loss: 1.0548813;  quantified_localized_integrating_reasoning_loss: 91.914085;  
Time: 2024-10-25 21:18:10; Epoch: 49; pid_loss: 1.1284754;  quantified_localized_integrating_pid_loss: 1.0546507;  quantified_localized_integrating_reasoning_loss: 91.08446;  
Time: 2024-10-25 21:19:07; Test on Dataset: occluded_duke, 
mAP: 0.5170899618451785 
 Rank: [0.60769231 0.69004525 0.73031674 0.75837104 0.77828054 0.79366516
 0.80588235 0.81538462 0.82669683 0.83438914 0.84117647 0.84615385
 0.85294118 0.85701357 0.86153846 0.86651584 0.8678733  0.87058824
 0.87420814 0.87692308]
Time: 2024-10-25 21:20:10; Epoch: 50; pid_loss: 1.1306213;  quantified_localized_integrating_pid_loss: 1.0529643;  quantified_localized_integrating_reasoning_loss: 90.45912;  
Time: 2024-10-25 21:21:13; Epoch: 51; pid_loss: 1.1254108;  quantified_localized_integrating_pid_loss: 1.049665;  quantified_localized_integrating_reasoning_loss: 89.84353;  
Time: 2024-10-25 21:22:16; Epoch: 52; pid_loss: 1.1246842;  quantified_localized_integrating_pid_loss: 1.0519862;  quantified_localized_integrating_reasoning_loss: 89.379166;  
Time: 2024-10-25 21:23:20; Epoch: 53; pid_loss: 1.1264833;  quantified_localized_integrating_pid_loss: 1.0521784;  quantified_localized_integrating_reasoning_loss: 88.92579;  
Time: 2024-10-25 21:24:24; Epoch: 54; pid_loss: 1.1252577;  quantified_localized_integrating_pid_loss: 1.052817;  quantified_localized_integrating_reasoning_loss: 88.52491;  
Time: 2024-10-25 21:25:21; Test on Dataset: occluded_duke, 
mAP: 0.5290100233074846 
 Rank: [0.62443439 0.70271493 0.74027149 0.76832579 0.78778281 0.80090498
 0.81538462 0.82624434 0.83529412 0.84117647 0.84570136 0.85384615
 0.85837104 0.86289593 0.86651584 0.87149321 0.87330317 0.87737557
 0.8800905  0.88190045]
Time: 2024-10-25 21:26:25; Epoch: 55; pid_loss: 1.1211584;  quantified_localized_integrating_pid_loss: 1.0503714;  quantified_localized_integrating_reasoning_loss: 88.10407;  
Time: 2024-10-25 21:27:29; Epoch: 56; pid_loss: 1.1241792;  quantified_localized_integrating_pid_loss: 1.052602;  quantified_localized_integrating_reasoning_loss: 87.73841;  
Time: 2024-10-25 21:28:32; Epoch: 57; pid_loss: 1.1269516;  quantified_localized_integrating_pid_loss: 1.0514942;  quantified_localized_integrating_reasoning_loss: 87.42611;  
Time: 2024-10-25 21:29:36; Epoch: 58; pid_loss: 1.1201799;  quantified_localized_integrating_pid_loss: 1.0498837;  quantified_localized_integrating_reasoning_loss: 87.126114;  
Time: 2024-10-25 21:30:40; Epoch: 59; pid_loss: 1.1164726;  quantified_localized_integrating_pid_loss: 1.0494214;  quantified_localized_integrating_reasoning_loss: 86.861;  
Time: 2024-10-25 21:31:37; Test on Dataset: occluded_duke, 
mAP: 0.5292184612320023 
 Rank: [0.62714932 0.69819005 0.74072398 0.76425339 0.7841629  0.80180995
 0.81538462 0.82488688 0.83303167 0.83936652 0.84479638 0.84932127
 0.85565611 0.86244344 0.8678733  0.86923077 0.87285068 0.87647059
 0.87782805 0.87828054]
Time: 2024-10-25 21:32:40; Epoch: 60; pid_loss: 1.1175852;  quantified_localized_integrating_pid_loss: 1.0490927;  quantified_localized_integrating_reasoning_loss: 86.48782;  
Time: 2024-10-25 21:33:43; Epoch: 61; pid_loss: 1.1204894;  quantified_localized_integrating_pid_loss: 1.0497005;  quantified_localized_integrating_reasoning_loss: 86.179085;  
Time: 2024-10-25 21:34:47; Epoch: 62; pid_loss: 1.1148121;  quantified_localized_integrating_pid_loss: 1.0479379;  quantified_localized_integrating_reasoning_loss: 85.90389;  
Time: 2024-10-25 21:35:50; Epoch: 63; pid_loss: 1.1171905;  quantified_localized_integrating_pid_loss: 1.0487506;  quantified_localized_integrating_reasoning_loss: 85.778854;  
Time: 2024-10-25 21:36:54; Epoch: 64; pid_loss: 1.1109899;  quantified_localized_integrating_pid_loss: 1.0483211;  quantified_localized_integrating_reasoning_loss: 85.4388;  
Time: 2024-10-25 21:37:50; Test on Dataset: occluded_duke, 
mAP: 0.5413641624652403 
 Rank: [0.64298643 0.72126697 0.75701357 0.77963801 0.79728507 0.81628959
 0.82352941 0.83393665 0.8438914  0.84977376 0.85475113 0.85972851
 0.86561086 0.86968326 0.8719457  0.87511312 0.87692308 0.8800905
 0.88190045 0.8841629 ]
Time: 2024-10-25 21:38:54; Epoch: 65; pid_loss: 1.1131229;  quantified_localized_integrating_pid_loss: 1.047858;  quantified_localized_integrating_reasoning_loss: 85.22288;  
Time: 2024-10-25 21:39:57; Epoch: 66; pid_loss: 1.1134695;  quantified_localized_integrating_pid_loss: 1.0466563;  quantified_localized_integrating_reasoning_loss: 84.88233;  
Time: 2024-10-25 21:41:00; Epoch: 67; pid_loss: 1.1132307;  quantified_localized_integrating_pid_loss: 1.0480541;  quantified_localized_integrating_reasoning_loss: 84.753716;  
Time: 2024-10-25 21:42:04; Epoch: 68; pid_loss: 1.1067274;  quantified_localized_integrating_pid_loss: 1.0446032;  quantified_localized_integrating_reasoning_loss: 84.56123;  
Time: 2024-10-25 21:43:07; Epoch: 69; pid_loss: 1.1079525;  quantified_localized_integrating_pid_loss: 1.0463685;  quantified_localized_integrating_reasoning_loss: 84.3168;  
Time: 2024-10-25 21:44:04; Test on Dataset: occluded_duke, 
mAP: 0.5387159154581274 
 Rank: [0.63529412 0.71131222 0.74479638 0.7678733  0.79004525 0.80588235
 0.81945701 0.82895928 0.839819   0.84660633 0.85384615 0.85791855
 0.86108597 0.86470588 0.86832579 0.8719457  0.8760181  0.87918552
 0.88099548 0.8841629 ]
Time: 2024-10-25 21:45:08; Epoch: 70; pid_loss: 1.1018022;  quantified_localized_integrating_pid_loss: 1.0422435;  quantified_localized_integrating_reasoning_loss: 83.97338;  
Time: 2024-10-25 21:46:12; Epoch: 71; pid_loss: 1.0985838;  quantified_localized_integrating_pid_loss: 1.042937;  quantified_localized_integrating_reasoning_loss: 83.9382;  
Time: 2024-10-25 21:47:15; Epoch: 72; pid_loss: 1.0960568;  quantified_localized_integrating_pid_loss: 1.040786;  quantified_localized_integrating_reasoning_loss: 83.895386;  
Time: 2024-10-25 21:48:19; Epoch: 73; pid_loss: 1.0968223;  quantified_localized_integrating_pid_loss: 1.0407393;  quantified_localized_integrating_reasoning_loss: 83.90862;  
Time: 2024-10-25 21:49:22; Epoch: 74; pid_loss: 1.0949467;  quantified_localized_integrating_pid_loss: 1.0393989;  quantified_localized_integrating_reasoning_loss: 83.819275;  
Time: 2024-10-25 21:50:19; Test on Dataset: occluded_duke, 
mAP: 0.544728226716868 
 Rank: [0.64072398 0.71312217 0.74977376 0.77104072 0.79457014 0.81221719
 0.82262443 0.83303167 0.84162896 0.85022624 0.8561086  0.86199095
 0.8678733  0.8719457  0.87737557 0.88099548 0.88461538 0.88733032
 0.89049774 0.89140271]
Time: 2024-10-25 21:51:22; Epoch: 75; pid_loss: 1.091853;  quantified_localized_integrating_pid_loss: 1.0385593;  quantified_localized_integrating_reasoning_loss: 83.733154;  
Time: 2024-10-25 21:52:26; Epoch: 76; pid_loss: 1.0923604;  quantified_localized_integrating_pid_loss: 1.039364;  quantified_localized_integrating_reasoning_loss: 83.64478;  
Time: 2024-10-25 21:53:29; Epoch: 77; pid_loss: 1.0924462;  quantified_localized_integrating_pid_loss: 1.0404165;  quantified_localized_integrating_reasoning_loss: 83.64067;  
Time: 2024-10-25 21:54:33; Epoch: 78; pid_loss: 1.0970817;  quantified_localized_integrating_pid_loss: 1.0394768;  quantified_localized_integrating_reasoning_loss: 83.59372;  
Time: 2024-10-25 21:55:37; Epoch: 79; pid_loss: 1.0911663;  quantified_localized_integrating_pid_loss: 1.0389259;  quantified_localized_integrating_reasoning_loss: 83.43559;  
Time: 2024-10-25 21:56:34; Test on Dataset: occluded_duke, 
mAP: 0.5473223916652605 
 Rank: [0.6438914  0.71764706 0.75158371 0.77873303 0.79909502 0.81312217
 0.82488688 0.83574661 0.84570136 0.85384615 0.86244344 0.86877828
 0.87285068 0.87828054 0.8800905  0.88190045 0.88687783 0.89004525
 0.8918552  0.89230769]
Time: 2024-10-25 21:57:37; Epoch: 80; pid_loss: 1.0938025;  quantified_localized_integrating_pid_loss: 1.03909;  quantified_localized_integrating_reasoning_loss: 83.4212;  
Time: 2024-10-25 21:58:41; Epoch: 81; pid_loss: 1.0921831;  quantified_localized_integrating_pid_loss: 1.0387441;  quantified_localized_integrating_reasoning_loss: 83.38993;  
Time: 2024-10-25 21:59:44; Epoch: 82; pid_loss: 1.0930862;  quantified_localized_integrating_pid_loss: 1.0393133;  quantified_localized_integrating_reasoning_loss: 83.34915;  
Time: 2024-10-25 22:00:48; Epoch: 83; pid_loss: 1.0934178;  quantified_localized_integrating_pid_loss: 1.0398282;  quantified_localized_integrating_reasoning_loss: 83.328354;  
Time: 2024-10-25 22:01:51; Epoch: 84; pid_loss: 1.0905203;  quantified_localized_integrating_pid_loss: 1.037819;  quantified_localized_integrating_reasoning_loss: 83.18254;  
Time: 2024-10-25 22:02:48; Test on Dataset: occluded_duke, 
mAP: 0.5474959187474744 
 Rank: [0.64253394 0.71538462 0.75429864 0.77782805 0.79819005 0.81266968
 0.8239819  0.8361991  0.8438914  0.85429864 0.85882353 0.86289593
 0.86968326 0.87511312 0.87782805 0.88235294 0.8841629  0.88687783
 0.88914027 0.8918552 ]
Time: 2024-10-25 22:03:52; Epoch: 85; pid_loss: 1.0890237;  quantified_localized_integrating_pid_loss: 1.0382602;  quantified_localized_integrating_reasoning_loss: 83.14441;  
Time: 2024-10-25 22:04:55; Epoch: 86; pid_loss: 1.0936209;  quantified_localized_integrating_pid_loss: 1.039748;  quantified_localized_integrating_reasoning_loss: 83.29426;  
Time: 2024-10-25 22:05:59; Epoch: 87; pid_loss: 1.0898988;  quantified_localized_integrating_pid_loss: 1.0380621;  quantified_localized_integrating_reasoning_loss: 83.08914;  
Time: 2024-10-25 22:07:02; Epoch: 88; pid_loss: 1.0909476;  quantified_localized_integrating_pid_loss: 1.0394843;  quantified_localized_integrating_reasoning_loss: 83.09554;  
Time: 2024-10-25 22:08:06; Epoch: 89; pid_loss: 1.0939333;  quantified_localized_integrating_pid_loss: 1.0401819;  quantified_localized_integrating_reasoning_loss: 82.91731;  
Time: 2024-10-25 22:09:03; Test on Dataset: occluded_duke, 
mAP: 0.5468279813464294 
 Rank: [0.64434389 0.7158371  0.75067873 0.77647059 0.79773756 0.81493213
 0.82895928 0.83800905 0.84479638 0.85294118 0.85882353 0.86470588
 0.8678733  0.87466063 0.87692308 0.88190045 0.88235294 0.88552036
 0.88868778 0.89095023]
Time: 2024-10-25 22:10:06; Epoch: 90; pid_loss: 1.0932301;  quantified_localized_integrating_pid_loss: 1.0395764;  quantified_localized_integrating_reasoning_loss: 82.917046;  
Time: 2024-10-25 22:11:09; Epoch: 91; pid_loss: 1.0939661;  quantified_localized_integrating_pid_loss: 1.0402693;  quantified_localized_integrating_reasoning_loss: 82.9727;  
Time: 2024-10-25 22:12:13; Epoch: 92; pid_loss: 1.0930461;  quantified_localized_integrating_pid_loss: 1.0390115;  quantified_localized_integrating_reasoning_loss: 82.95033;  
Time: 2024-10-25 22:13:16; Epoch: 93; pid_loss: 1.0915426;  quantified_localized_integrating_pid_loss: 1.0403306;  quantified_localized_integrating_reasoning_loss: 82.8408;  
Time: 2024-10-25 22:14:20; Epoch: 94; pid_loss: 1.0932481;  quantified_localized_integrating_pid_loss: 1.0394781;  quantified_localized_integrating_reasoning_loss: 82.80192;  
Time: 2024-10-25 22:15:17; Test on Dataset: occluded_duke, 
mAP: 0.5471183041214552 
 Rank: [0.64072398 0.71855204 0.75248869 0.77647059 0.7959276  0.81402715
 0.82669683 0.83710407 0.8479638  0.85520362 0.85972851 0.86696833
 0.87285068 0.8760181  0.87918552 0.88099548 0.88597285 0.88868778
 0.89004525 0.89321267]
Time: 2024-10-25 22:16:21; Epoch: 95; pid_loss: 1.0928004;  quantified_localized_integrating_pid_loss: 1.0381318;  quantified_localized_integrating_reasoning_loss: 82.72302;  
Time: 2024-10-25 22:17:24; Epoch: 96; pid_loss: 1.0897367;  quantified_localized_integrating_pid_loss: 1.0388077;  quantified_localized_integrating_reasoning_loss: 82.71481;  
Time: 2024-10-25 22:18:28; Epoch: 97; pid_loss: 1.0885255;  quantified_localized_integrating_pid_loss: 1.0382292;  quantified_localized_integrating_reasoning_loss: 82.69323;  
Time: 2024-10-25 22:19:32; Epoch: 98; pid_loss: 1.0877472;  quantified_localized_integrating_pid_loss: 1.0385442;  quantified_localized_integrating_reasoning_loss: 82.72998;  
Time: 2024-10-25 22:20:36; Epoch: 99; pid_loss: 1.0906885;  quantified_localized_integrating_pid_loss: 1.038587;  quantified_localized_integrating_reasoning_loss: 82.588905;  
Time: 2024-10-25 22:21:32; Test on Dataset: occluded_duke, 
mAP: 0.5482145033050896 
 Rank: [0.6438914  0.71945701 0.75158371 0.77737557 0.79728507 0.81447964
 0.82714932 0.83710407 0.84660633 0.85475113 0.86108597 0.86515837
 0.87149321 0.87647059 0.88054299 0.88190045 0.88687783 0.88914027
 0.89140271 0.8918552 ]
Time: 2024-10-25 22:22:36; Epoch: 100; pid_loss: 1.086756;  quantified_localized_integrating_pid_loss: 1.0368874;  quantified_localized_integrating_reasoning_loss: 82.5607;  
Time: 2024-10-25 22:23:40; Epoch: 101; pid_loss: 1.0888174;  quantified_localized_integrating_pid_loss: 1.0392362;  quantified_localized_integrating_reasoning_loss: 82.471085;  
Time: 2024-10-25 22:24:44; Epoch: 102; pid_loss: 1.0879774;  quantified_localized_integrating_pid_loss: 1.0372232;  quantified_localized_integrating_reasoning_loss: 82.461;  
Time: 2024-10-25 22:25:48; Epoch: 103; pid_loss: 1.0875813;  quantified_localized_integrating_pid_loss: 1.0378776;  quantified_localized_integrating_reasoning_loss: 82.416794;  
Time: 2024-10-25 22:26:51; Epoch: 104; pid_loss: 1.0909845;  quantified_localized_integrating_pid_loss: 1.03829;  quantified_localized_integrating_reasoning_loss: 82.33652;  
Time: 2024-10-25 22:27:48; Test on Dataset: occluded_duke, 
mAP: 0.5485934109619186 
 Rank: [0.65022624 0.71900452 0.75384615 0.77556561 0.8        0.81221719
 0.82579186 0.83891403 0.84615385 0.85475113 0.86063348 0.86470588
 0.86968326 0.87420814 0.87692308 0.88144796 0.88687783 0.88959276
 0.8918552  0.89366516]
Time: 2024-10-25 22:28:51; Epoch: 105; pid_loss: 1.0883893;  quantified_localized_integrating_pid_loss: 1.0380278;  quantified_localized_integrating_reasoning_loss: 82.34886;  
Time: 2024-10-25 22:29:55; Epoch: 106; pid_loss: 1.0896394;  quantified_localized_integrating_pid_loss: 1.0385909;  quantified_localized_integrating_reasoning_loss: 82.30222;  
Time: 2024-10-25 22:30:59; Epoch: 107; pid_loss: 1.0925059;  quantified_localized_integrating_pid_loss: 1.0400299;  quantified_localized_integrating_reasoning_loss: 82.36311;  




Namespace(cuda='cuda', mode='train', module='Lucky', backbone='resnet50', occluded_duke_path='/home/hy/project/data/Occluded_Duke', occluded_reid_path='/opt/data/private/data/Occluded_REID', partial_duke_path='/opt/data/private/data/P_Duke_OURS/new', partial_reid_path='/opt/data/private/data/Partial-REID_Dataset', partial_ilids_path='/opt/data/private/data/Partial_iLIDS', market_path='/opt/data/private/data//Market-1501-v15.09.15', duke_path='/opt/data/private/data/DukeMTMC-reID', msmt_path='/opt/data/private/data/MSMT17', train_dataset='occluded_duke', test_dataset='occluded_duke', image_size=[256, 128], use_rea=True, use_colorjitor=False, seed=1, batchsize=64, num_instances=8, pid_num=702, in_dim=2048, learning_rate=0.0003, lambda1=0.007, weight_decay=0.0005, milestones=[40, 70], output_path='results/occluded_duke', max_save_model_num=1, resume_train_epoch=-1, auto_resume_training_from_lastest_step=True, total_train_epoch=120, eval_epoch=5, resume_test_model=119, test_mode='inter-camera')
Time: 2024-10-25 23:01:57, automatically resume training from the latest step (model 104)




Namespace(cuda='cuda', mode='train', module='Lucky', backbone='resnet50', occluded_duke_path='/home/hy/project/data/Occluded_Duke', occluded_reid_path='/opt/data/private/data/Occluded_REID', partial_duke_path='/opt/data/private/data/P_Duke_OURS/new', partial_reid_path='/opt/data/private/data/Partial-REID_Dataset', partial_ilids_path='/opt/data/private/data/Partial_iLIDS', market_path='/opt/data/private/data//Market-1501-v15.09.15', duke_path='/opt/data/private/data/DukeMTMC-reID', msmt_path='/opt/data/private/data/MSMT17', train_dataset='occluded_duke', test_dataset='occluded_duke', image_size=[256, 128], use_rea=True, use_colorjitor=False, seed=1, batchsize=64, num_instances=8, pid_num=702, in_dim=2048, learning_rate=0.0003, lambda1=0.007, weight_decay=0.0005, milestones=[40, 70], output_path='results/occluded_duke', max_save_model_num=1, resume_train_epoch=-1, auto_resume_training_from_lastest_step=True, total_train_epoch=120, eval_epoch=5, resume_test_model=119, test_mode='inter-camera')
Time: 2024-10-26 01:39:46, automatically resume training from the latest step (model 104)
Time: 2024-10-26 01:40:50; Epoch: 104; pid_loss: 1.0888863;  quantified_localized_integrating_pid_loss: 1.038553;  quantified_localized_integrating_reasoning_loss: 82.32285;  
Time: 2024-10-26 01:41:47; Test on Dataset: occluded_duke, 
mAP: 0.5498748308569039 
 Rank: [0.6479638  0.71900452 0.75294118 0.77511312 0.79366516 0.81176471
 0.8239819  0.83393665 0.84208145 0.84932127 0.85837104 0.86651584
 0.8719457  0.87511312 0.87692308 0.88099548 0.88190045 0.88552036
 0.88868778 0.8918552 ]
Time: 2024-10-26 01:42:50; Epoch: 105; pid_loss: 1.0887957;  quantified_localized_integrating_pid_loss: 1.0391903;  quantified_localized_integrating_reasoning_loss: 82.24936;  
Time: 2024-10-26 01:43:54; Epoch: 106; pid_loss: 1.0879141;  quantified_localized_integrating_pid_loss: 1.0382926;  quantified_localized_integrating_reasoning_loss: 82.33895;  
Time: 2024-10-26 01:44:58; Epoch: 107; pid_loss: 1.091627;  quantified_localized_integrating_pid_loss: 1.0381382;  quantified_localized_integrating_reasoning_loss: 82.21821;  
Time: 2024-10-26 01:46:01; Epoch: 108; pid_loss: 1.0901244;  quantified_localized_integrating_pid_loss: 1.0386217;  quantified_localized_integrating_reasoning_loss: 82.210175;  
Time: 2024-10-26 01:47:04; Epoch: 109; pid_loss: 1.088076;  quantified_localized_integrating_pid_loss: 1.0383968;  quantified_localized_integrating_reasoning_loss: 82.173706;  
Time: 2024-10-26 01:48:01; Test on Dataset: occluded_duke, 
mAP: 0.5501457949259718 
 Rank: [0.64932127 0.72081448 0.75339367 0.77647059 0.79954751 0.81402715
 0.82307692 0.83438914 0.84208145 0.85384615 0.85746606 0.86289593
 0.87013575 0.87556561 0.87963801 0.88506787 0.88642534 0.89049774
 0.89321267 0.8959276 ]
Time: 2024-10-26 01:49:05; Epoch: 110; pid_loss: 1.0834162;  quantified_localized_integrating_pid_loss: 1.0370314;  quantified_localized_integrating_reasoning_loss: 82.050835;  
Time: 2024-10-26 01:50:08; Epoch: 111; pid_loss: 1.0855932;  quantified_localized_integrating_pid_loss: 1.0367486;  quantified_localized_integrating_reasoning_loss: 82.075195;  
Time: 2024-10-26 01:51:12; Epoch: 112; pid_loss: 1.0849766;  quantified_localized_integrating_pid_loss: 1.0370504;  quantified_localized_integrating_reasoning_loss: 81.91892;  
Time: 2024-10-26 01:52:16; Epoch: 113; pid_loss: 1.0839022;  quantified_localized_integrating_pid_loss: 1.0366288;  quantified_localized_integrating_reasoning_loss: 82.04753;  
Time: 2024-10-26 01:53:19; Epoch: 114; pid_loss: 1.0864781;  quantified_localized_integrating_pid_loss: 1.0380318;  quantified_localized_integrating_reasoning_loss: 82.04711;  
Time: 2024-10-26 01:54:16; Test on Dataset: occluded_duke, 
mAP: 0.5495216611609922 
 Rank: [0.64705882 0.72126697 0.75701357 0.77466063 0.79230769 0.81131222
 0.82307692 0.83529412 0.84434389 0.85429864 0.860181   0.86561086
 0.87013575 0.87375566 0.87647059 0.87918552 0.88190045 0.88552036
 0.88914027 0.8918552 ]
Time: 2024-10-26 01:55:19; Epoch: 115; pid_loss: 1.087804;  quantified_localized_integrating_pid_loss: 1.037933;  quantified_localized_integrating_reasoning_loss: 81.97427;  
Time: 2024-10-26 01:56:23; Epoch: 116; pid_loss: 1.0872927;  quantified_localized_integrating_pid_loss: 1.0376166;  quantified_localized_integrating_reasoning_loss: 81.93103;  
Time: 2024-10-26 01:57:26; Epoch: 117; pid_loss: 1.0863645;  quantified_localized_integrating_pid_loss: 1.0358348;  quantified_localized_integrating_reasoning_loss: 81.98897;  
Time: 2024-10-26 01:58:30; Epoch: 118; pid_loss: 1.0892373;  quantified_localized_integrating_pid_loss: 1.0365895;  quantified_localized_integrating_reasoning_loss: 81.95204;  
Time: 2024-10-26 01:59:34; Epoch: 119; pid_loss: 1.0851043;  quantified_localized_integrating_pid_loss: 1.0366951;  quantified_localized_integrating_reasoning_loss: 81.83992;  
Time: 2024-10-26 02:00:31; Test on Dataset: occluded_duke, 
mAP: 0.5479420890801344 
 Rank: [0.6479638  0.7199095  0.75656109 0.77737557 0.79502262 0.81357466
 0.82307692 0.83167421 0.84208145 0.85113122 0.85837104 0.86425339
 0.86968326 0.87330317 0.87737557 0.87918552 0.88280543 0.88687783
 0.88914027 0.89049774]
