



Namespace(cuda='cuda', mode='train', module='CIP', backbone='resnet50', occluded_duke_path='/home/hy/project/data/Occluded_Duke', occluded_reid_path='/opt/data/private/data/Occluded_REID', partial_duke_path='/opt/data/private/data/P_Duke_OURS/new', partial_reid_path='/opt/data/private/data/Partial-REID_Dataset', partial_ilids_path='/opt/data/private/data/Partial_iLIDS', market_path='/opt/data/private/data//Market-1501-v15.09.15', duke_path='/opt/data/private/data/DukeMTMC-reID', msmt_path='/opt/data/private/data/MSMT17', train_dataset='occluded_duke', test_dataset='occluded_duke', image_size=[256, 128], use_rea=True, use_colorjitor=False, seed=1, batchsize=64, num_instances=8, pid_num=702, in_dim=2048, learning_rate=0.0003, lambda1=0.007, weight_decay=0.0005, milestones=[40, 70], output_path='occluded_duke_CIP/base', max_save_model_num=1, resume_train_epoch=-1, auto_resume_training_from_lastest_step=True, total_train_epoch=120, eval_epoch=5, resume_test_model=119, test_mode='inter-camera')
Time: 2024-10-23 14:39:34; Epoch: 0; pid_loss: 6.5506244;  quantified_localized_integrating_pid_loss: 6.547088;  quantified_localized_integrating_reasoning_loss: 367.18698;  
Time: 2024-10-23 14:41:14; Epoch: 1; pid_loss: 6.3858232;  quantified_localized_integrating_pid_loss: 6.3096337;  quantified_localized_integrating_reasoning_loss: 351.752;  
Time: 2024-10-23 14:42:54; Epoch: 2; pid_loss: 5.7894206;  quantified_localized_integrating_pid_loss: 5.5880876;  quantified_localized_integrating_reasoning_loss: 339.0448;  
Time: 2024-10-23 14:44:35; Epoch: 3; pid_loss: 5.0187316;  quantified_localized_integrating_pid_loss: 4.7113175;  quantified_localized_integrating_reasoning_loss: 333.3917;  
Time: 2024-10-23 14:46:15; Epoch: 4; pid_loss: 4.270171;  quantified_localized_integrating_pid_loss: 3.8186944;  quantified_localized_integrating_reasoning_loss: 327.97882;  
Time: 2024-10-23 14:47:12; Test on Dataset: occluded_duke, 
mAP: 0.2557732686800057 
 Rank: [0.3760181  0.44208145 0.48868778 0.5199095  0.54117647 0.55656109
 0.57466063 0.58506787 0.59502262 0.60316742 0.61402715 0.62443439
 0.63303167 0.63846154 0.6438914  0.64841629 0.65339367 0.65837104
 0.66108597 0.66877828]
Time: 2024-10-23 14:48:52; Epoch: 5; pid_loss: 3.6025543;  quantified_localized_integrating_pid_loss: 3.00198;  quantified_localized_integrating_reasoning_loss: 322.63324;  
Time: 2024-10-23 14:50:31; Epoch: 6; pid_loss: 3.0421717;  quantified_localized_integrating_pid_loss: 2.3203495;  quantified_localized_integrating_reasoning_loss: 317.326;  
Time: 2024-10-23 14:52:10; Epoch: 7; pid_loss: 2.627426;  quantified_localized_integrating_pid_loss: 1.850491;  quantified_localized_integrating_reasoning_loss: 308.79504;  
Time: 2024-10-23 14:53:50; Epoch: 8; pid_loss: 2.2923899;  quantified_localized_integrating_pid_loss: 1.5659953;  quantified_localized_integrating_reasoning_loss: 299.60245;  
Time: 2024-10-23 14:55:30; Epoch: 9; pid_loss: 2.075699;  quantified_localized_integrating_pid_loss: 1.409338;  quantified_localized_integrating_reasoning_loss: 287.45337;  
Time: 2024-10-23 14:56:28; Test on Dataset: occluded_duke, 
mAP: 0.35218973546237287 
 Rank: [0.47013575 0.560181   0.6        0.63122172 0.65248869 0.67058824
 0.68506787 0.69773756 0.70769231 0.71900452 0.72624434 0.73438914
 0.74162896 0.74886878 0.75429864 0.76153846 0.7678733  0.77104072
 0.77466063 0.77828054]
Time: 2024-10-23 14:58:07; Epoch: 10; pid_loss: 1.9202594;  quantified_localized_integrating_pid_loss: 1.3292739;  quantified_localized_integrating_reasoning_loss: 273.82025;  
Time: 2024-10-23 14:59:47; Epoch: 11; pid_loss: 1.7857795;  quantified_localized_integrating_pid_loss: 1.2737842;  quantified_localized_integrating_reasoning_loss: 259.26318;  
Time: 2024-10-23 15:01:26; Epoch: 12; pid_loss: 1.65442;  quantified_localized_integrating_pid_loss: 1.2295847;  quantified_localized_integrating_reasoning_loss: 244.42342;  
Time: 2024-10-23 15:03:05; Epoch: 13; pid_loss: 1.5942453;  quantified_localized_integrating_pid_loss: 1.2127157;  quantified_localized_integrating_reasoning_loss: 230.29576;  
Time: 2024-10-23 15:04:46; Epoch: 14; pid_loss: 1.5500975;  quantified_localized_integrating_pid_loss: 1.2005718;  quantified_localized_integrating_reasoning_loss: 216.8979;  
Time: 2024-10-23 15:05:44; Test on Dataset: occluded_duke, 
mAP: 0.3728972162035926 
 Rank: [0.50090498 0.57285068 0.62171946 0.65429864 0.67285068 0.69095023
 0.70316742 0.71538462 0.72352941 0.73484163 0.74117647 0.74751131
 0.75656109 0.76515837 0.77239819 0.77466063 0.77692308 0.78144796
 0.78687783 0.79095023]
Time: 2024-10-23 15:07:23; Epoch: 15; pid_loss: 1.5086007;  quantified_localized_integrating_pid_loss: 1.1883122;  quantified_localized_integrating_reasoning_loss: 204.86845;  
Time: 2024-10-23 15:09:03; Epoch: 16; pid_loss: 1.4849323;  quantified_localized_integrating_pid_loss: 1.1792091;  quantified_localized_integrating_reasoning_loss: 193.23256;  
Time: 2024-10-23 15:10:42; Epoch: 17; pid_loss: 1.4892427;  quantified_localized_integrating_pid_loss: 1.1802642;  quantified_localized_integrating_reasoning_loss: 184.29405;  
Time: 2024-10-23 15:12:21; Epoch: 18; pid_loss: 1.4579337;  quantified_localized_integrating_pid_loss: 1.1692202;  quantified_localized_integrating_reasoning_loss: 175.13553;  
Time: 2024-10-23 15:14:01; Epoch: 19; pid_loss: 1.4379005;  quantified_localized_integrating_pid_loss: 1.1555902;  quantified_localized_integrating_reasoning_loss: 167.03574;  
Time: 2024-10-23 15:14:59; Test on Dataset: occluded_duke, 
mAP: 0.39493996824243 
 Rank: [0.52217195 0.58597285 0.62850679 0.6561086  0.67556561 0.69683258
 0.70950226 0.72036199 0.72714932 0.73529412 0.74162896 0.7479638
 0.75746606 0.76561086 0.77013575 0.77737557 0.78190045 0.78823529
 0.79230769 0.79909502]
Time: 2024-10-23 15:16:38; Epoch: 20; pid_loss: 1.4317535;  quantified_localized_integrating_pid_loss: 1.1630737;  quantified_localized_integrating_reasoning_loss: 159.63542;  
Time: 2024-10-23 15:18:18; Epoch: 21; pid_loss: 1.404769;  quantified_localized_integrating_pid_loss: 1.1523385;  quantified_localized_integrating_reasoning_loss: 153.07507;  
Time: 2024-10-23 15:19:58; Epoch: 22; pid_loss: 1.3884096;  quantified_localized_integrating_pid_loss: 1.141971;  quantified_localized_integrating_reasoning_loss: 146.47748;  
Time: 2024-10-23 15:21:37; Epoch: 23; pid_loss: 1.4065156;  quantified_localized_integrating_pid_loss: 1.1487386;  quantified_localized_integrating_reasoning_loss: 141.53297;  
Time: 2024-10-23 15:23:18; Epoch: 24; pid_loss: 1.3879489;  quantified_localized_integrating_pid_loss: 1.1425501;  quantified_localized_integrating_reasoning_loss: 137.81485;  
Time: 2024-10-23 15:24:16; Test on Dataset: occluded_duke, 
mAP: 0.4275164883021483 
 Rank: [0.55882353 0.62624434 0.65837104 0.68687783 0.70859729 0.72443439
 0.7438914  0.75791855 0.76968326 0.77782805 0.78642534 0.79140271
 0.79683258 0.80271493 0.80904977 0.81538462 0.81945701 0.82352941
 0.82760181 0.83076923]
Time: 2024-10-23 15:25:57; Epoch: 25; pid_loss: 1.3655336;  quantified_localized_integrating_pid_loss: 1.1330318;  quantified_localized_integrating_reasoning_loss: 132.9152;  
Time: 2024-10-23 15:27:37; Epoch: 26; pid_loss: 1.363073;  quantified_localized_integrating_pid_loss: 1.1311502;  quantified_localized_integrating_reasoning_loss: 129.08453;  
Time: 2024-10-23 15:29:17; Epoch: 27; pid_loss: 1.361227;  quantified_localized_integrating_pid_loss: 1.1284611;  quantified_localized_integrating_reasoning_loss: 125.715996;  
Time: 2024-10-23 15:30:56; Epoch: 28; pid_loss: 1.3424112;  quantified_localized_integrating_pid_loss: 1.1250656;  quantified_localized_integrating_reasoning_loss: 122.25374;  
Time: 2024-10-23 15:32:36; Epoch: 29; pid_loss: 1.3415284;  quantified_localized_integrating_pid_loss: 1.1231402;  quantified_localized_integrating_reasoning_loss: 119.165596;  
Time: 2024-10-23 15:33:34; Test on Dataset: occluded_duke, 
mAP: 0.37842586581691107 
 Rank: [0.49819005 0.57285068 0.60723982 0.63846154 0.66063348 0.68190045
 0.69909502 0.7081448  0.71719457 0.72714932 0.7361991  0.74253394
 0.74841629 0.7561086  0.75972851 0.76923077 0.77420814 0.77873303
 0.78552036 0.79004525]
Time: 2024-10-23 15:35:13; Epoch: 30; pid_loss: 1.3192544;  quantified_localized_integrating_pid_loss: 1.1191182;  quantified_localized_integrating_reasoning_loss: 116.54996;  
Time: 2024-10-23 15:36:54; Epoch: 31; pid_loss: 1.3367633;  quantified_localized_integrating_pid_loss: 1.1246681;  quantified_localized_integrating_reasoning_loss: 114.16873;  
Time: 2024-10-23 15:38:33; Epoch: 32; pid_loss: 1.323425;  quantified_localized_integrating_pid_loss: 1.1216232;  quantified_localized_integrating_reasoning_loss: 112.43798;  
Time: 2024-10-23 15:40:12; Epoch: 33; pid_loss: 1.3168639;  quantified_localized_integrating_pid_loss: 1.1127023;  quantified_localized_integrating_reasoning_loss: 110.126785;  
Time: 2024-10-23 15:41:51; Epoch: 34; pid_loss: 1.3091191;  quantified_localized_integrating_pid_loss: 1.1109917;  quantified_localized_integrating_reasoning_loss: 108.02776;  
Time: 2024-10-23 15:42:49; Test on Dataset: occluded_duke, 
mAP: 0.406649301825386 
 Rank: [0.51809955 0.5918552  0.63076923 0.65882353 0.68280543 0.7
 0.71357466 0.72352941 0.73529412 0.74343891 0.75294118 0.76063348
 0.76561086 0.77420814 0.77963801 0.78461538 0.78959276 0.79230769
 0.79547511 0.79954751]
Time: 2024-10-23 15:44:28; Epoch: 35; pid_loss: 1.298172;  quantified_localized_integrating_pid_loss: 1.1100575;  quantified_localized_integrating_reasoning_loss: 105.92204;  
Time: 2024-10-23 15:46:07; Epoch: 36; pid_loss: 1.2965472;  quantified_localized_integrating_pid_loss: 1.1105022;  quantified_localized_integrating_reasoning_loss: 104.205284;  
Time: 2024-10-23 15:47:47; Epoch: 37; pid_loss: 1.3018428;  quantified_localized_integrating_pid_loss: 1.1092789;  quantified_localized_integrating_reasoning_loss: 103.42792;  
Time: 2024-10-23 15:49:26; Epoch: 38; pid_loss: 1.2909952;  quantified_localized_integrating_pid_loss: 1.1022764;  quantified_localized_integrating_reasoning_loss: 101.78233;  
Time: 2024-10-23 15:51:05; Epoch: 39; pid_loss: 1.2786964;  quantified_localized_integrating_pid_loss: 1.1010478;  quantified_localized_integrating_reasoning_loss: 100.10825;  
Time: 2024-10-23 15:52:03; Test on Dataset: occluded_duke, 
mAP: 0.43413583375113285 
 Rank: [0.5438914  0.62533937 0.66651584 0.69819005 0.7199095  0.73438914
 0.75158371 0.76244344 0.77466063 0.78235294 0.79004525 0.79773756
 0.80135747 0.80769231 0.81357466 0.81945701 0.82126697 0.82443439
 0.82760181 0.83122172]
Time: 2024-10-23 15:53:41; Epoch: 40; pid_loss: 1.2033234;  quantified_localized_integrating_pid_loss: 1.0832092;  quantified_localized_integrating_reasoning_loss: 98.43762;  
Time: 2024-10-23 15:55:20; Epoch: 41; pid_loss: 1.1557277;  quantified_localized_integrating_pid_loss: 1.060751;  quantified_localized_integrating_reasoning_loss: 97.02899;  
Time: 2024-10-23 15:57:00; Epoch: 42; pid_loss: 1.1448371;  quantified_localized_integrating_pid_loss: 1.0554008;  quantified_localized_integrating_reasoning_loss: 95.99446;  
Time: 2024-10-23 15:58:40; Epoch: 43; pid_loss: 1.1394836;  quantified_localized_integrating_pid_loss: 1.0529324;  quantified_localized_integrating_reasoning_loss: 94.79303;  
Time: 2024-10-23 16:00:20; Epoch: 44; pid_loss: 1.1347256;  quantified_localized_integrating_pid_loss: 1.0507516;  quantified_localized_integrating_reasoning_loss: 93.80548;  
Time: 2024-10-23 16:01:18; Test on Dataset: occluded_duke, 
mAP: 0.5100861283957381 
 Rank: [0.63574661 0.70180995 0.74027149 0.76606335 0.78280543 0.79728507
 0.80904977 0.82126697 0.83257919 0.83891403 0.84570136 0.84977376
 0.85429864 0.85927602 0.8638009  0.86742081 0.87104072 0.87285068
 0.87466063 0.87828054]
Time: 2024-10-23 16:02:57; Epoch: 45; pid_loss: 1.1321123;  quantified_localized_integrating_pid_loss: 1.0513604;  quantified_localized_integrating_reasoning_loss: 93.054214;  
Time: 2024-10-23 16:04:36; Epoch: 46; pid_loss: 1.1317346;  quantified_localized_integrating_pid_loss: 1.0498422;  quantified_localized_integrating_reasoning_loss: 92.16693;  
Time: 2024-10-23 16:06:16; Epoch: 47; pid_loss: 1.127174;  quantified_localized_integrating_pid_loss: 1.0492119;  quantified_localized_integrating_reasoning_loss: 91.17117;  
Time: 2024-10-23 16:07:56; Epoch: 48; pid_loss: 1.1290956;  quantified_localized_integrating_pid_loss: 1.0488011;  quantified_localized_integrating_reasoning_loss: 90.692924;  
Time: 2024-10-23 16:09:36; Epoch: 49; pid_loss: 1.1283177;  quantified_localized_integrating_pid_loss: 1.0487647;  quantified_localized_integrating_reasoning_loss: 89.90562;  
Time: 2024-10-23 16:10:34; Test on Dataset: occluded_duke, 
mAP: 0.5245329285080927 
 Rank: [0.64615385 0.71040724 0.74705882 0.77013575 0.7918552  0.80950226
 0.81945701 0.83031674 0.83891403 0.84705882 0.85158371 0.85837104
 0.86199095 0.86515837 0.87104072 0.87330317 0.87647059 0.88054299
 0.88280543 0.88733032]
Time: 2024-10-23 16:12:13; Epoch: 50; pid_loss: 1.1289082;  quantified_localized_integrating_pid_loss: 1.0495951;  quantified_localized_integrating_reasoning_loss: 89.31405;  
Time: 2024-10-23 16:13:52; Epoch: 51; pid_loss: 1.1237718;  quantified_localized_integrating_pid_loss: 1.046683;  quantified_localized_integrating_reasoning_loss: 88.668;  
Time: 2024-10-23 16:15:31; Epoch: 52; pid_loss: 1.126041;  quantified_localized_integrating_pid_loss: 1.047797;  quantified_localized_integrating_reasoning_loss: 88.09492;  
Time: 2024-10-23 16:17:11; Epoch: 53; pid_loss: 1.1268146;  quantified_localized_integrating_pid_loss: 1.0473983;  quantified_localized_integrating_reasoning_loss: 87.754135;  
Time: 2024-10-23 16:18:51; Epoch: 54; pid_loss: 1.1213638;  quantified_localized_integrating_pid_loss: 1.0463116;  quantified_localized_integrating_reasoning_loss: 87.253944;  
Time: 2024-10-23 16:19:49; Test on Dataset: occluded_duke, 
mAP: 0.5245792149924491 
 Rank: [0.64434389 0.71221719 0.74751131 0.77149321 0.7918552  0.80904977
 0.82217195 0.8321267  0.84117647 0.84705882 0.85339367 0.85701357
 0.85972851 0.86244344 0.86651584 0.86968326 0.87285068 0.8760181
 0.88099548 0.88280543]
Time: 2024-10-23 16:21:29; Epoch: 55; pid_loss: 1.1212568;  quantified_localized_integrating_pid_loss: 1.0470194;  quantified_localized_integrating_reasoning_loss: 86.97813;  
Time: 2024-10-23 16:23:09; Epoch: 56; pid_loss: 1.1264856;  quantified_localized_integrating_pid_loss: 1.0464684;  quantified_localized_integrating_reasoning_loss: 86.6493;  
Time: 2024-10-23 16:24:49; Epoch: 57; pid_loss: 1.1205264;  quantified_localized_integrating_pid_loss: 1.0471576;  quantified_localized_integrating_reasoning_loss: 86.252785;  
Time: 2024-10-23 16:26:29; Epoch: 58; pid_loss: 1.1167719;  quantified_localized_integrating_pid_loss: 1.0464574;  quantified_localized_integrating_reasoning_loss: 86.008766;  
Time: 2024-10-23 16:28:09; Epoch: 59; pid_loss: 1.119228;  quantified_localized_integrating_pid_loss: 1.0449755;  quantified_localized_integrating_reasoning_loss: 85.70053;  
Time: 2024-10-23 16:29:07; Test on Dataset: occluded_duke, 
mAP: 0.537359615462594 
 Rank: [0.65656109 0.72036199 0.75384615 0.78099548 0.8        0.81312217
 0.82624434 0.84208145 0.85022624 0.8561086  0.860181   0.86742081
 0.87330317 0.87873303 0.88144796 0.88461538 0.88778281 0.88914027
 0.89004525 0.89411765]
Time: 2024-10-23 16:30:46; Epoch: 60; pid_loss: 1.1194382;  quantified_localized_integrating_pid_loss: 1.0458124;  quantified_localized_integrating_reasoning_loss: 85.391914;  
Time: 2024-10-23 16:32:25; Epoch: 61; pid_loss: 1.1137944;  quantified_localized_integrating_pid_loss: 1.0444546;  quantified_localized_integrating_reasoning_loss: 85.050316;  
Time: 2024-10-23 16:34:04; Epoch: 62; pid_loss: 1.1161193;  quantified_localized_integrating_pid_loss: 1.0433867;  quantified_localized_integrating_reasoning_loss: 84.8471;  
Time: 2024-10-23 16:35:43; Epoch: 63; pid_loss: 1.1163418;  quantified_localized_integrating_pid_loss: 1.0436965;  quantified_localized_integrating_reasoning_loss: 84.612175;  
Time: 2024-10-23 16:37:23; Epoch: 64; pid_loss: 1.1106474;  quantified_localized_integrating_pid_loss: 1.0437895;  quantified_localized_integrating_reasoning_loss: 84.25469;  
Time: 2024-10-23 16:38:21; Test on Dataset: occluded_duke, 
mAP: 0.5378922862387504 
 Rank: [0.65656109 0.72126697 0.75837104 0.78325792 0.79954751 0.81855204
 0.8280543  0.83891403 0.84660633 0.8520362  0.85972851 0.86515837
 0.86968326 0.87375566 0.87963801 0.88371041 0.88778281 0.89004525
 0.89321267 0.8959276 ]
Time: 2024-10-23 16:40:00; Epoch: 65; pid_loss: 1.1138647;  quantified_localized_integrating_pid_loss: 1.043798;  quantified_localized_integrating_reasoning_loss: 84.15817;  
Time: 2024-10-23 16:41:39; Epoch: 66; pid_loss: 1.1131561;  quantified_localized_integrating_pid_loss: 1.0430156;  quantified_localized_integrating_reasoning_loss: 83.86303;  
Time: 2024-10-23 16:43:18; Epoch: 67; pid_loss: 1.1104367;  quantified_localized_integrating_pid_loss: 1.0413692;  quantified_localized_integrating_reasoning_loss: 83.66946;  
Time: 2024-10-23 16:44:57; Epoch: 68; pid_loss: 1.1059211;  quantified_localized_integrating_pid_loss: 1.0406052;  quantified_localized_integrating_reasoning_loss: 83.359314;  
Time: 2024-10-23 16:46:37; Epoch: 69; pid_loss: 1.1092771;  quantified_localized_integrating_pid_loss: 1.0411463;  quantified_localized_integrating_reasoning_loss: 83.234406;  
Time: 2024-10-23 16:47:35; Test on Dataset: occluded_duke, 
mAP: 0.5336143227243706 
 Rank: [0.65339367 0.72217195 0.75701357 0.78144796 0.80045249 0.81221719
 0.82262443 0.83393665 0.84027149 0.84886878 0.85475113 0.86289593
 0.86968326 0.87420814 0.87873303 0.88325792 0.88552036 0.88868778
 0.8918552  0.89547511]
Time: 2024-10-23 16:49:15; Epoch: 70; pid_loss: 1.1011097;  quantified_localized_integrating_pid_loss: 1.0392808;  quantified_localized_integrating_reasoning_loss: 82.97911;  
Time: 2024-10-23 16:50:55; Epoch: 71; pid_loss: 1.1014433;  quantified_localized_integrating_pid_loss: 1.0374421;  quantified_localized_integrating_reasoning_loss: 82.937515;  
Time: 2024-10-23 16:52:34; Epoch: 72; pid_loss: 1.0902865;  quantified_localized_integrating_pid_loss: 1.0357969;  quantified_localized_integrating_reasoning_loss: 82.83978;  
Time: 2024-10-23 16:54:14; Epoch: 73; pid_loss: 1.0963353;  quantified_localized_integrating_pid_loss: 1.0368248;  quantified_localized_integrating_reasoning_loss: 82.88307;  
Time: 2024-10-23 16:55:54; Epoch: 74; pid_loss: 1.0931284;  quantified_localized_integrating_pid_loss: 1.036542;  quantified_localized_integrating_reasoning_loss: 82.68712;  
Time: 2024-10-23 16:56:51; Test on Dataset: occluded_duke, 
mAP: 0.5456741745963802 
 Rank: [0.65882353 0.72986425 0.76515837 0.78959276 0.80497738 0.81900452
 0.83122172 0.84027149 0.85022624 0.85656109 0.86199095 0.86832579
 0.87285068 0.87828054 0.88054299 0.88099548 0.88371041 0.88914027
 0.89411765 0.89638009]
Time: 2024-10-23 16:58:31; Epoch: 75; pid_loss: 1.0926048;  quantified_localized_integrating_pid_loss: 1.036639;  quantified_localized_integrating_reasoning_loss: 82.73415;  
Time: 2024-10-23 17:00:10; Epoch: 76; pid_loss: 1.0940554;  quantified_localized_integrating_pid_loss: 1.0356896;  quantified_localized_integrating_reasoning_loss: 82.588875;  
Time: 2024-10-23 17:01:50; Epoch: 77; pid_loss: 1.092719;  quantified_localized_integrating_pid_loss: 1.035914;  quantified_localized_integrating_reasoning_loss: 82.58842;  
Time: 2024-10-23 17:03:29; Epoch: 78; pid_loss: 1.0893879;  quantified_localized_integrating_pid_loss: 1.0356251;  quantified_localized_integrating_reasoning_loss: 82.54957;  
Time: 2024-10-23 17:05:09; Epoch: 79; pid_loss: 1.0953768;  quantified_localized_integrating_pid_loss: 1.0353394;  quantified_localized_integrating_reasoning_loss: 82.44255;  
Time: 2024-10-23 17:06:07; Test on Dataset: occluded_duke, 
mAP: 0.545568226091081 
 Rank: [0.65972851 0.72986425 0.76832579 0.79321267 0.80859729 0.82126697
 0.8361991  0.84479638 0.85067873 0.8561086  0.86199095 0.86696833
 0.87239819 0.87556561 0.87873303 0.88461538 0.88733032 0.89004525
 0.89411765 0.89502262]
Time: 2024-10-23 17:07:46; Epoch: 80; pid_loss: 1.0885999;  quantified_localized_integrating_pid_loss: 1.0358801;  quantified_localized_integrating_reasoning_loss: 82.37621;  
Time: 2024-10-23 17:09:26; Epoch: 81; pid_loss: 1.0915064;  quantified_localized_integrating_pid_loss: 1.0357933;  quantified_localized_integrating_reasoning_loss: 82.32029;  
Time: 2024-10-23 17:11:05; Epoch: 82; pid_loss: 1.0942633;  quantified_localized_integrating_pid_loss: 1.0361755;  quantified_localized_integrating_reasoning_loss: 82.32211;  
Time: 2024-10-23 17:12:44; Epoch: 83; pid_loss: 1.0923204;  quantified_localized_integrating_pid_loss: 1.0351187;  quantified_localized_integrating_reasoning_loss: 82.1904;  
Time: 2024-10-23 17:14:24; Epoch: 84; pid_loss: 1.0914075;  quantified_localized_integrating_pid_loss: 1.0353959;  quantified_localized_integrating_reasoning_loss: 82.141495;  
Time: 2024-10-23 17:15:21; Test on Dataset: occluded_duke, 
mAP: 0.5485104994959995 
 Rank: [0.66651584 0.73076923 0.76651584 0.79366516 0.81085973 0.82217195
 0.83529412 0.84298643 0.85294118 0.85746606 0.86153846 0.86742081
 0.87330317 0.87782805 0.88144796 0.88371041 0.88506787 0.89004525
 0.89321267 0.89502262]
Time: 2024-10-23 17:17:01; Epoch: 85; pid_loss: 1.0870669;  quantified_localized_integrating_pid_loss: 1.0339457;  quantified_localized_integrating_reasoning_loss: 82.1271;  
Time: 2024-10-23 17:18:40; Epoch: 86; pid_loss: 1.0925387;  quantified_localized_integrating_pid_loss: 1.0360324;  quantified_localized_integrating_reasoning_loss: 82.207756;  
Time: 2024-10-23 17:20:20; Epoch: 87; pid_loss: 1.0873864;  quantified_localized_integrating_pid_loss: 1.0348508;  quantified_localized_integrating_reasoning_loss: 81.99397;  
Time: 2024-10-23 17:21:59; Epoch: 88; pid_loss: 1.0927846;  quantified_localized_integrating_pid_loss: 1.0356276;  quantified_localized_integrating_reasoning_loss: 82.07963;  
Time: 2024-10-23 17:23:39; Epoch: 89; pid_loss: 1.0914301;  quantified_localized_integrating_pid_loss: 1.0355545;  quantified_localized_integrating_reasoning_loss: 81.88045;  
Time: 2024-10-23 17:24:37; Test on Dataset: occluded_duke, 
mAP: 0.5482945679196102 
 Rank: [0.66696833 0.73710407 0.77104072 0.79366516 0.81312217 0.82760181
 0.83936652 0.84886878 0.85475113 0.860181   0.86696833 0.87149321
 0.87375566 0.87873303 0.88325792 0.88597285 0.88914027 0.89321267
 0.89638009 0.89864253]
Time: 2024-10-23 17:26:16; Epoch: 90; pid_loss: 1.0863724;  quantified_localized_integrating_pid_loss: 1.0344236;  quantified_localized_integrating_reasoning_loss: 81.806595;  
Time: 2024-10-23 17:27:55; Epoch: 91; pid_loss: 1.0885271;  quantified_localized_integrating_pid_loss: 1.0348421;  quantified_localized_integrating_reasoning_loss: 81.862434;  
Time: 2024-10-23 17:29:34; Epoch: 92; pid_loss: 1.0899532;  quantified_localized_integrating_pid_loss: 1.0352138;  quantified_localized_integrating_reasoning_loss: 81.88926;  
Time: 2024-10-23 17:31:13; Epoch: 93; pid_loss: 1.09261;  quantified_localized_integrating_pid_loss: 1.0361547;  quantified_localized_integrating_reasoning_loss: 81.82437;  
Time: 2024-10-23 17:32:53; Epoch: 94; pid_loss: 1.0880027;  quantified_localized_integrating_pid_loss: 1.034587;  quantified_localized_integrating_reasoning_loss: 81.71932;  
Time: 2024-10-23 17:33:51; Test on Dataset: occluded_duke, 
mAP: 0.5445103208416695 
 Rank: [0.66561086 0.7280543  0.76425339 0.79049774 0.80859729 0.81945701
 0.83076923 0.83936652 0.84932127 0.8561086  0.86108597 0.86832579
 0.8719457  0.87782805 0.88235294 0.88371041 0.88552036 0.89004525
 0.89230769 0.89366516]
Time: 2024-10-23 17:35:31; Epoch: 95; pid_loss: 1.0902753;  quantified_localized_integrating_pid_loss: 1.0348537;  quantified_localized_integrating_reasoning_loss: 81.66013;  
Time: 2024-10-23 17:37:10; Epoch: 96; pid_loss: 1.0906459;  quantified_localized_integrating_pid_loss: 1.0355351;  quantified_localized_integrating_reasoning_loss: 81.70703;  
Time: 2024-10-23 17:38:49; Epoch: 97; pid_loss: 1.0897818;  quantified_localized_integrating_pid_loss: 1.0349777;  quantified_localized_integrating_reasoning_loss: 81.62224;  
Time: 2024-10-23 17:40:29; Epoch: 98; pid_loss: 1.0882357;  quantified_localized_integrating_pid_loss: 1.0345204;  quantified_localized_integrating_reasoning_loss: 81.66455;  
Time: 2024-10-23 17:42:09; Epoch: 99; pid_loss: 1.0865781;  quantified_localized_integrating_pid_loss: 1.035088;  quantified_localized_integrating_reasoning_loss: 81.44896;  
Time: 2024-10-23 17:43:07; Test on Dataset: occluded_duke, 
mAP: 0.5463879249524661 
 Rank: [0.67058824 0.72850679 0.76651584 0.79049774 0.80859729 0.82171946
 0.83484163 0.84072398 0.84705882 0.85475113 0.86108597 0.86923077
 0.8760181  0.87918552 0.88144796 0.88552036 0.88914027 0.89140271
 0.89411765 0.89638009]
Time: 2024-10-23 17:44:46; Epoch: 100; pid_loss: 1.0882033;  quantified_localized_integrating_pid_loss: 1.0341555;  quantified_localized_integrating_reasoning_loss: 81.501755;  
Time: 2024-10-23 17:46:26; Epoch: 101; pid_loss: 1.0903558;  quantified_localized_integrating_pid_loss: 1.035121;  quantified_localized_integrating_reasoning_loss: 81.44732;  
Time: 2024-10-23 17:48:06; Epoch: 102; pid_loss: 1.0911822;  quantified_localized_integrating_pid_loss: 1.0345486;  quantified_localized_integrating_reasoning_loss: 81.53345;  
Time: 2024-10-23 17:49:46; Epoch: 103; pid_loss: 1.0881916;  quantified_localized_integrating_pid_loss: 1.0355179;  quantified_localized_integrating_reasoning_loss: 81.41572;  
Time: 2024-10-23 17:51:25; Epoch: 104; pid_loss: 1.0838555;  quantified_localized_integrating_pid_loss: 1.0345489;  quantified_localized_integrating_reasoning_loss: 81.31074;  
Time: 2024-10-23 17:52:23; Test on Dataset: occluded_duke, 
mAP: 0.5492624065658448 
 Rank: [0.67239819 0.7361991  0.77104072 0.79411765 0.81266968 0.82941176
 0.84162896 0.85158371 0.85746606 0.86108597 0.86561086 0.87239819
 0.87556561 0.87918552 0.88371041 0.88552036 0.88868778 0.89095023
 0.89638009 0.89819005]
Time: 2024-10-23 17:54:02; Epoch: 105; pid_loss: 1.0885509;  quantified_localized_integrating_pid_loss: 1.0341707;  quantified_localized_integrating_reasoning_loss: 81.379005;  
Time: 2024-10-23 17:55:42; Epoch: 106; pid_loss: 1.0871481;  quantified_localized_integrating_pid_loss: 1.034727;  quantified_localized_integrating_reasoning_loss: 81.32161;  
Time: 2024-10-23 17:57:22; Epoch: 107; pid_loss: 1.087244;  quantified_localized_integrating_pid_loss: 1.0346577;  quantified_localized_integrating_reasoning_loss: 81.24261;  
Time: 2024-10-23 17:59:01; Epoch: 108; pid_loss: 1.0877773;  quantified_localized_integrating_pid_loss: 1.033115;  quantified_localized_integrating_reasoning_loss: 81.22248;  
Time: 2024-10-23 18:00:42; Epoch: 109; pid_loss: 1.0904454;  quantified_localized_integrating_pid_loss: 1.0343058;  quantified_localized_integrating_reasoning_loss: 81.24689;  
Time: 2024-10-23 18:01:40; Test on Dataset: occluded_duke, 
mAP: 0.5478686481834607 
 Rank: [0.66651584 0.73348416 0.76742081 0.79140271 0.81040724 0.82307692
 0.83348416 0.84298643 0.85022624 0.85656109 0.86244344 0.86968326
 0.87466063 0.87737557 0.88099548 0.88506787 0.88778281 0.89095023
 0.89321267 0.89547511]
Time: 2024-10-23 18:03:19; Epoch: 110; pid_loss: 1.0870793;  quantified_localized_integrating_pid_loss: 1.0342499;  quantified_localized_integrating_reasoning_loss: 81.274956;  
Time: 2024-10-23 18:04:59; Epoch: 111; pid_loss: 1.0868402;  quantified_localized_integrating_pid_loss: 1.0348989;  quantified_localized_integrating_reasoning_loss: 81.02068;  
Time: 2024-10-23 18:06:38; Epoch: 112; pid_loss: 1.0859852;  quantified_localized_integrating_pid_loss: 1.0334723;  quantified_localized_integrating_reasoning_loss: 81.00923;  
Time: 2024-10-23 18:08:18; Epoch: 113; pid_loss: 1.0851693;  quantified_localized_integrating_pid_loss: 1.0338315;  quantified_localized_integrating_reasoning_loss: 81.1086;  
Time: 2024-10-23 18:09:57; Epoch: 114; pid_loss: 1.0836865;  quantified_localized_integrating_pid_loss: 1.0344808;  quantified_localized_integrating_reasoning_loss: 80.98922;  
Time: 2024-10-23 18:10:55; Test on Dataset: occluded_duke, 
mAP: 0.5427559615419277 
 Rank: [0.66561086 0.73438914 0.76742081 0.79140271 0.80859729 0.82443439
 0.83484163 0.84253394 0.85067873 0.85701357 0.86153846 0.86696833
 0.87285068 0.87647059 0.87918552 0.88552036 0.88823529 0.89049774
 0.89230769 0.89502262]
Time: 2024-10-23 18:12:34; Epoch: 115; pid_loss: 1.0842097;  quantified_localized_integrating_pid_loss: 1.0339094;  quantified_localized_integrating_reasoning_loss: 81.09275;  
Time: 2024-10-23 18:14:14; Epoch: 116; pid_loss: 1.0875807;  quantified_localized_integrating_pid_loss: 1.0346471;  quantified_localized_integrating_reasoning_loss: 80.93846;  
Time: 2024-10-23 18:15:53; Epoch: 117; pid_loss: 1.0876018;  quantified_localized_integrating_pid_loss: 1.0334958;  quantified_localized_integrating_reasoning_loss: 80.87882;  
Time: 2024-10-23 18:17:32; Epoch: 118; pid_loss: 1.0872346;  quantified_localized_integrating_pid_loss: 1.0346005;  quantified_localized_integrating_reasoning_loss: 80.910324;  
Time: 2024-10-23 18:19:12; Epoch: 119; pid_loss: 1.0875573;  quantified_localized_integrating_pid_loss: 1.0340583;  quantified_localized_integrating_reasoning_loss: 80.863716;  
Time: 2024-10-23 18:20:10; Test on Dataset: occluded_duke, 
mAP: 0.5432588366744225 
 Rank: [0.66334842 0.72895928 0.76606335 0.78687783 0.80497738 0.8158371
 0.82669683 0.83484163 0.84343891 0.85113122 0.85701357 0.86108597
 0.86877828 0.87330317 0.87647059 0.87963801 0.88280543 0.88687783
 0.88959276 0.89276018]
