



Namespace(cuda='cuda', mode='train', module='Lucky', backbone='resnet50', occluded_duke_path='/home/hy/project/data/Occluded_Duke', occluded_reid_path='/opt/data/private/data/Occluded_REID', partial_duke_path='/opt/data/private/data/P_Duke_OURS/new', partial_reid_path='/opt/data/private/data/Partial-REID_Dataset', partial_ilids_path='/opt/data/private/data/Partial_iLIDS', market_path='/opt/data/private/data//Market-1501-v15.09.15', duke_path='/opt/data/private/data/DukeMTMC-reID', msmt_path='/opt/data/private/data/MSMT17', train_dataset='occluded_duke', test_dataset='occluded_duke', image_size=[256, 128], use_rea=True, use_colorjitor=False, seed=1, batchsize=64, num_instances=8, pid_num=702, in_dim=2048, learning_rate=0.0003, lambda1=0.007, weight_decay=0.0005, milestones=[40, 70], output_path='results/occluded_duke', max_save_model_num=1, resume_train_epoch=-1, auto_resume_training_from_lastest_step=True, total_train_epoch=120, eval_epoch=5, resume_test_model=119, test_mode='inter-camera')
Time: 2024-10-26 14:54:21; Epoch: 0; pid_loss: 6.551102;  quantified_localized_integrating_pid_loss: 6.5477176;  quantified_localized_integrating_reasoning_loss: 367.8309;  
Time: 2024-10-26 14:55:23; Epoch: 1; pid_loss: 6.419161;  quantified_localized_integrating_pid_loss: 6.3089375;  quantified_localized_integrating_reasoning_loss: 361.8971;  
Time: 2024-10-26 14:56:24; Epoch: 2; pid_loss: 5.7733865;  quantified_localized_integrating_pid_loss: 5.4970665;  quantified_localized_integrating_reasoning_loss: 347.9143;  
Time: 2024-10-26 14:57:26; Epoch: 3; pid_loss: 4.8335924;  quantified_localized_integrating_pid_loss: 4.4550586;  quantified_localized_integrating_reasoning_loss: 342.4947;  
Time: 2024-10-26 14:58:28; Epoch: 4; pid_loss: 3.9153523;  quantified_localized_integrating_pid_loss: 3.4049704;  quantified_localized_integrating_reasoning_loss: 343.2631;  
Time: 2024-10-26 14:59:25; Test on Dataset: occluded_duke, 
mAP: 0.24982157404073332 
 Rank: [0.33936652 0.40723982 0.45248869 0.48280543 0.51131222 0.53665158
 0.55701357 0.57285068 0.5841629  0.59547511 0.60361991 0.6081448
 0.61855204 0.62443439 0.6321267  0.64027149 0.64615385 0.64932127
 0.65429864 0.65972851]
Time: 2024-10-26 15:00:27; Epoch: 5; pid_loss: 3.145883;  quantified_localized_integrating_pid_loss: 2.5160005;  quantified_localized_integrating_reasoning_loss: 346.47598;  
Time: 2024-10-26 15:01:29; Epoch: 6; pid_loss: 2.5594356;  quantified_localized_integrating_pid_loss: 1.8962127;  quantified_localized_integrating_reasoning_loss: 350.67508;  
Time: 2024-10-26 15:02:30; Epoch: 7; pid_loss: 2.1861954;  quantified_localized_integrating_pid_loss: 1.5353276;  quantified_localized_integrating_reasoning_loss: 350.8367;  
Time: 2024-10-26 15:03:33; Epoch: 8; pid_loss: 1.922154;  quantified_localized_integrating_pid_loss: 1.3525372;  quantified_localized_integrating_reasoning_loss: 349.7805;  
Time: 2024-10-26 15:04:35; Epoch: 9; pid_loss: 1.7615834;  quantified_localized_integrating_pid_loss: 1.2671522;  quantified_localized_integrating_reasoning_loss: 344.63956;  
Time: 2024-10-26 15:05:32; Test on Dataset: occluded_duke, 
mAP: 0.28012801063169795 
 Rank: [0.37918552 0.45022624 0.49819005 0.53574661 0.56289593 0.58823529
 0.60361991 0.61764706 0.63303167 0.64660633 0.65837104 0.66832579
 0.67873303 0.68868778 0.69728507 0.70316742 0.70904977 0.71312217
 0.7158371  0.72171946]
Time: 2024-10-26 15:06:34; Epoch: 10; pid_loss: 1.6746588;  quantified_localized_integrating_pid_loss: 1.2401246;  quantified_localized_integrating_reasoning_loss: 337.23343;  
Time: 2024-10-26 15:07:36; Epoch: 11; pid_loss: 1.5885998;  quantified_localized_integrating_pid_loss: 1.2136273;  quantified_localized_integrating_reasoning_loss: 328.66446;  
Time: 2024-10-26 15:08:38; Epoch: 12; pid_loss: 1.4961272;  quantified_localized_integrating_pid_loss: 1.1899549;  quantified_localized_integrating_reasoning_loss: 319.4051;  
Time: 2024-10-26 15:09:40; Epoch: 13; pid_loss: 1.4409932;  quantified_localized_integrating_pid_loss: 1.1684203;  quantified_localized_integrating_reasoning_loss: 309.90735;  
Time: 2024-10-26 15:10:42; Epoch: 14; pid_loss: 1.3970076;  quantified_localized_integrating_pid_loss: 1.1588678;  quantified_localized_integrating_reasoning_loss: 300.45273;  
Time: 2024-10-26 15:11:39; Test on Dataset: occluded_duke, 
mAP: 0.2776133086645513 
 Rank: [0.37013575 0.4479638  0.49457014 0.53167421 0.55882353 0.58099548
 0.6081448  0.62307692 0.63846154 0.65248869 0.66561086 0.67285068
 0.68280543 0.69004525 0.69502262 0.69909502 0.70452489 0.71040724
 0.71538462 0.71764706]
Time: 2024-10-26 15:12:41; Epoch: 15; pid_loss: 1.3746265;  quantified_localized_integrating_pid_loss: 1.1478134;  quantified_localized_integrating_reasoning_loss: 291.60886;  
Time: 2024-10-26 15:13:43; Epoch: 16; pid_loss: 1.354119;  quantified_localized_integrating_pid_loss: 1.145705;  quantified_localized_integrating_reasoning_loss: 282.91467;  
Time: 2024-10-26 15:14:45; Epoch: 17; pid_loss: 1.3459077;  quantified_localized_integrating_pid_loss: 1.1438707;  quantified_localized_integrating_reasoning_loss: 276.0324;  
Time: 2024-10-26 15:15:47; Epoch: 18; pid_loss: 1.336667;  quantified_localized_integrating_pid_loss: 1.1378543;  quantified_localized_integrating_reasoning_loss: 268.95538;  
Time: 2024-10-26 15:16:49; Epoch: 19; pid_loss: 1.3227297;  quantified_localized_integrating_pid_loss: 1.133968;  quantified_localized_integrating_reasoning_loss: 262.66653;  
Time: 2024-10-26 15:17:46; Test on Dataset: occluded_duke, 
mAP: 0.3291115338480821 
 Rank: [0.42217195 0.50180995 0.54162896 0.58371041 0.6081448  0.62895928
 0.64570136 0.66199095 0.6760181  0.68823529 0.69773756 0.70588235
 0.71538462 0.7199095  0.72488688 0.73076923 0.73574661 0.73936652
 0.74253394 0.74751131]
Time: 2024-10-26 15:18:48; Epoch: 20; pid_loss: 1.3161728;  quantified_localized_integrating_pid_loss: 1.130621;  quantified_localized_integrating_reasoning_loss: 256.2606;  
Time: 2024-10-26 15:19:50; Epoch: 21; pid_loss: 1.3106056;  quantified_localized_integrating_pid_loss: 1.126848;  quantified_localized_integrating_reasoning_loss: 250.32915;  
Time: 2024-10-26 15:20:52; Epoch: 22; pid_loss: 1.2913513;  quantified_localized_integrating_pid_loss: 1.1153833;  quantified_localized_integrating_reasoning_loss: 244.49689;  
Time: 2024-10-26 15:21:54; Epoch: 23; pid_loss: 1.3040036;  quantified_localized_integrating_pid_loss: 1.1222622;  quantified_localized_integrating_reasoning_loss: 239.23753;  
Time: 2024-10-26 15:22:57; Epoch: 24; pid_loss: 1.286274;  quantified_localized_integrating_pid_loss: 1.1151208;  quantified_localized_integrating_reasoning_loss: 235.10786;  
Time: 2024-10-26 15:23:54; Test on Dataset: occluded_duke, 
mAP: 0.3017461755253177 
 Rank: [0.39095023 0.45972851 0.50542986 0.53936652 0.56832579 0.59140271
 0.60950226 0.61809955 0.62895928 0.63800905 0.65022624 0.65520362
 0.66470588 0.66968326 0.67737557 0.68687783 0.69638009 0.70271493
 0.70678733 0.70904977]
Time: 2024-10-26 15:24:57; Epoch: 25; pid_loss: 1.274179;  quantified_localized_integrating_pid_loss: 1.1076591;  quantified_localized_integrating_reasoning_loss: 230.32251;  
Time: 2024-10-26 15:25:59; Epoch: 26; pid_loss: 1.2740545;  quantified_localized_integrating_pid_loss: 1.1097549;  quantified_localized_integrating_reasoning_loss: 226.24095;  
Time: 2024-10-26 15:27:01; Epoch: 27; pid_loss: 1.2680842;  quantified_localized_integrating_pid_loss: 1.1063135;  quantified_localized_integrating_reasoning_loss: 222.43529;  
Time: 2024-10-26 15:28:04; Epoch: 28; pid_loss: 1.2566983;  quantified_localized_integrating_pid_loss: 1.1030487;  quantified_localized_integrating_reasoning_loss: 218.69029;  
Time: 2024-10-26 15:29:06; Epoch: 29; pid_loss: 1.2501352;  quantified_localized_integrating_pid_loss: 1.1032466;  quantified_localized_integrating_reasoning_loss: 215.23148;  
Time: 2024-10-26 15:30:03; Test on Dataset: occluded_duke, 
mAP: 0.29521277773591503 
 Rank: [0.38823529 0.46606335 0.51357466 0.54615385 0.57556561 0.59683258
 0.61674208 0.63031674 0.64253394 0.65294118 0.66515837 0.67330317
 0.68371041 0.69095023 0.69638009 0.70452489 0.71085973 0.71402715
 0.72036199 0.72533937]
Time: 2024-10-26 15:31:05; Epoch: 30; pid_loss: 1.2427438;  quantified_localized_integrating_pid_loss: 1.100253;  quantified_localized_integrating_reasoning_loss: 212.08061;  
Time: 2024-10-26 15:32:07; Epoch: 31; pid_loss: 1.2516108;  quantified_localized_integrating_pid_loss: 1.0984474;  quantified_localized_integrating_reasoning_loss: 209.16687;  
Time: 2024-10-26 15:33:09; Epoch: 32; pid_loss: 1.2356405;  quantified_localized_integrating_pid_loss: 1.097339;  quantified_localized_integrating_reasoning_loss: 206.1291;  
Time: 2024-10-26 15:34:11; Epoch: 33; pid_loss: 1.2340972;  quantified_localized_integrating_pid_loss: 1.0921681;  quantified_localized_integrating_reasoning_loss: 203.95273;  
Time: 2024-10-26 15:35:13; Epoch: 34; pid_loss: 1.2227592;  quantified_localized_integrating_pid_loss: 1.0917727;  quantified_localized_integrating_reasoning_loss: 201.1707;  
Time: 2024-10-26 15:36:10; Test on Dataset: occluded_duke, 
mAP: 0.28070618807020975 
 Rank: [0.36334842 0.43438914 0.48371041 0.50904977 0.53846154 0.55701357
 0.57013575 0.58371041 0.59004525 0.59909502 0.60904977 0.61900452
 0.62941176 0.63710407 0.64343891 0.65022624 0.65565611 0.65927602
 0.66289593 0.66877828]
Time: 2024-10-26 15:37:11; Epoch: 35; pid_loss: 1.2247368;  quantified_localized_integrating_pid_loss: 1.0927136;  quantified_localized_integrating_reasoning_loss: 198.77527;  
Time: 2024-10-26 15:38:13; Epoch: 36; pid_loss: 1.2204565;  quantified_localized_integrating_pid_loss: 1.0879465;  quantified_localized_integrating_reasoning_loss: 196.60434;  
Time: 2024-10-26 15:39:15; Epoch: 37; pid_loss: 1.220998;  quantified_localized_integrating_pid_loss: 1.0857334;  quantified_localized_integrating_reasoning_loss: 195.0588;  
Time: 2024-10-26 15:40:17; Epoch: 38; pid_loss: 1.2198209;  quantified_localized_integrating_pid_loss: 1.086636;  quantified_localized_integrating_reasoning_loss: 192.96875;  
Time: 2024-10-26 15:41:19; Epoch: 39; pid_loss: 1.208824;  quantified_localized_integrating_pid_loss: 1.0871301;  quantified_localized_integrating_reasoning_loss: 191.02301;  
Time: 2024-10-26 15:42:16; Test on Dataset: occluded_duke, 
mAP: 0.29830287535242483 
 Rank: [0.3800905  0.44343891 0.48190045 0.51176471 0.53710407 0.55791855
 0.57149321 0.58778281 0.60135747 0.61266968 0.6239819  0.63303167
 0.64117647 0.65022624 0.65791855 0.66334842 0.66923077 0.6719457
 0.67782805 0.68552036]
Time: 2024-10-26 15:43:17; Epoch: 40; pid_loss: 1.1659219;  quantified_localized_integrating_pid_loss: 1.0702039;  quantified_localized_integrating_reasoning_loss: 189.87592;  
Time: 2024-10-26 15:44:19; Epoch: 41; pid_loss: 1.1247169;  quantified_localized_integrating_pid_loss: 1.0515461;  quantified_localized_integrating_reasoning_loss: 188.94572;  
Time: 2024-10-26 15:45:21; Epoch: 42; pid_loss: 1.1124836;  quantified_localized_integrating_pid_loss: 1.045005;  quantified_localized_integrating_reasoning_loss: 188.14316;  
Time: 2024-10-26 15:46:23; Epoch: 43; pid_loss: 1.1050913;  quantified_localized_integrating_pid_loss: 1.043193;  quantified_localized_integrating_reasoning_loss: 187.25383;  
Time: 2024-10-26 15:47:26; Epoch: 44; pid_loss: 1.0989629;  quantified_localized_integrating_pid_loss: 1.0405635;  quantified_localized_integrating_reasoning_loss: 186.32088;  
Time: 2024-10-26 15:48:22; Test on Dataset: occluded_duke, 
mAP: 0.3682549376284536 
 Rank: [0.46877828 0.54298643 0.5959276  0.62669683 0.65022624 0.66968326
 0.68823529 0.70180995 0.71312217 0.72307692 0.7280543  0.73348416
 0.74298643 0.74705882 0.75294118 0.75746606 0.76153846 0.76289593
 0.76606335 0.76877828]
Time: 2024-10-26 15:49:24; Epoch: 45; pid_loss: 1.0931671;  quantified_localized_integrating_pid_loss: 1.0393063;  quantified_localized_integrating_reasoning_loss: 185.60411;  
Time: 2024-10-26 15:50:26; Epoch: 46; pid_loss: 1.0927643;  quantified_localized_integrating_pid_loss: 1.0386318;  quantified_localized_integrating_reasoning_loss: 184.79839;  
Time: 2024-10-26 15:51:29; Epoch: 47; pid_loss: 1.0858817;  quantified_localized_integrating_pid_loss: 1.0380925;  quantified_localized_integrating_reasoning_loss: 183.66806;  
Time: 2024-10-26 15:52:31; Epoch: 48; pid_loss: 1.0860914;  quantified_localized_integrating_pid_loss: 1.036519;  quantified_localized_integrating_reasoning_loss: 182.86261;  
Time: 2024-10-26 15:53:33; Epoch: 49; pid_loss: 1.0816884;  quantified_localized_integrating_pid_loss: 1.0363041;  quantified_localized_integrating_reasoning_loss: 181.7677;  
Time: 2024-10-26 15:54:30; Test on Dataset: occluded_duke, 
mAP: 0.386914518306554 
 Rank: [0.49366516 0.56923077 0.61945701 0.64932127 0.6719457  0.68959276
 0.70271493 0.71402715 0.72579186 0.7361991  0.74570136 0.75294118
 0.75972851 0.76561086 0.76968326 0.77466063 0.7800905  0.78325792
 0.78778281 0.79140271]
Time: 2024-10-26 15:55:31; Epoch: 50; pid_loss: 1.0814499;  quantified_localized_integrating_pid_loss: 1.03587;  quantified_localized_integrating_reasoning_loss: 181.11194;  
Time: 2024-10-26 15:56:34; Epoch: 51; pid_loss: 1.0779421;  quantified_localized_integrating_pid_loss: 1.033521;  quantified_localized_integrating_reasoning_loss: 180.11781;  
Time: 2024-10-26 15:57:35; Epoch: 52; pid_loss: 1.0784104;  quantified_localized_integrating_pid_loss: 1.034824;  quantified_localized_integrating_reasoning_loss: 179.22197;  
Time: 2024-10-26 15:58:38; Epoch: 53; pid_loss: 1.0785677;  quantified_localized_integrating_pid_loss: 1.033858;  quantified_localized_integrating_reasoning_loss: 178.38016;  
Time: 2024-10-26 15:59:40; Epoch: 54; pid_loss: 1.075373;  quantified_localized_integrating_pid_loss: 1.0340637;  quantified_localized_integrating_reasoning_loss: 177.63509;  
Time: 2024-10-26 16:00:37; Test on Dataset: occluded_duke, 
mAP: 0.4068139688532166 
 Rank: [0.51040724 0.58778281 0.63393665 0.66606335 0.69140271 0.7081448
 0.72352941 0.73348416 0.74162896 0.75022624 0.75565611 0.76334842
 0.77239819 0.78054299 0.7841629  0.78868778 0.79411765 0.79864253
 0.80271493 0.80588235]
Time: 2024-10-26 16:01:39; Epoch: 55; pid_loss: 1.0747305;  quantified_localized_integrating_pid_loss: 1.0338635;  quantified_localized_integrating_reasoning_loss: 176.77766;  
Time: 2024-10-26 16:02:42; Epoch: 56; pid_loss: 1.0773273;  quantified_localized_integrating_pid_loss: 1.0340645;  quantified_localized_integrating_reasoning_loss: 176.15686;  
Time: 2024-10-26 16:03:44; Epoch: 57; pid_loss: 1.074664;  quantified_localized_integrating_pid_loss: 1.033435;  quantified_localized_integrating_reasoning_loss: 175.35002;  
Time: 2024-10-26 16:04:47; Epoch: 58; pid_loss: 1.0714198;  quantified_localized_integrating_pid_loss: 1.0322914;  quantified_localized_integrating_reasoning_loss: 174.72089;  
Time: 2024-10-26 16:05:49; Epoch: 59; pid_loss: 1.0725895;  quantified_localized_integrating_pid_loss: 1.0328137;  quantified_localized_integrating_reasoning_loss: 174.06937;  
Time: 2024-10-26 16:06:46; Test on Dataset: occluded_duke, 
mAP: 0.410128743074317 
 Rank: [0.51357466 0.59638009 0.63529412 0.66244344 0.68597285 0.70090498
 0.71764706 0.72714932 0.73665158 0.74298643 0.74886878 0.75791855
 0.76696833 0.77511312 0.78280543 0.78914027 0.79547511 0.79909502
 0.80316742 0.80769231]
Time: 2024-10-26 16:07:48; Epoch: 60; pid_loss: 1.07155;  quantified_localized_integrating_pid_loss: 1.0323085;  quantified_localized_integrating_reasoning_loss: 173.51358;  
Time: 2024-10-26 16:08:50; Epoch: 61; pid_loss: 1.0693709;  quantified_localized_integrating_pid_loss: 1.0328366;  quantified_localized_integrating_reasoning_loss: 172.78847;  
Time: 2024-10-26 16:09:52; Epoch: 62; pid_loss: 1.0708511;  quantified_localized_integrating_pid_loss: 1.0315636;  quantified_localized_integrating_reasoning_loss: 172.3559;  
Time: 2024-10-26 16:10:54; Epoch: 63; pid_loss: 1.070119;  quantified_localized_integrating_pid_loss: 1.0306826;  quantified_localized_integrating_reasoning_loss: 171.82277;  
Time: 2024-10-26 16:11:56; Epoch: 64; pid_loss: 1.067355;  quantified_localized_integrating_pid_loss: 1.0320858;  quantified_localized_integrating_reasoning_loss: 171.24902;  
Time: 2024-10-26 16:12:53; Test on Dataset: occluded_duke, 
mAP: 0.4285990853661661 
 Rank: [0.53076923 0.60859729 0.65248869 0.68325792 0.70769231 0.72352941
 0.73800905 0.75248869 0.76832579 0.77330317 0.7841629  0.79004525
 0.79457014 0.80316742 0.80950226 0.81447964 0.81719457 0.82307692
 0.82669683 0.83031674]
Time: 2024-10-26 16:13:55; Epoch: 65; pid_loss: 1.0688515;  quantified_localized_integrating_pid_loss: 1.0313679;  quantified_localized_integrating_reasoning_loss: 170.79129;  
Time: 2024-10-26 16:14:57; Epoch: 66; pid_loss: 1.0703807;  quantified_localized_integrating_pid_loss: 1.0297139;  quantified_localized_integrating_reasoning_loss: 170.46877;  
Time: 2024-10-26 16:15:58; Epoch: 67; pid_loss: 1.0678667;  quantified_localized_integrating_pid_loss: 1.0303018;  quantified_localized_integrating_reasoning_loss: 170.07506;  
Time: 2024-10-26 16:17:01; Epoch: 68; pid_loss: 1.0653352;  quantified_localized_integrating_pid_loss: 1.0295861;  quantified_localized_integrating_reasoning_loss: 169.52193;  
Time: 2024-10-26 16:18:03; Epoch: 69; pid_loss: 1.0661734;  quantified_localized_integrating_pid_loss: 1.0294485;  quantified_localized_integrating_reasoning_loss: 169.18248;  
Time: 2024-10-26 16:19:00; Test on Dataset: occluded_duke, 
mAP: 0.4479785703743 
 Rank: [0.56425339 0.6321267  0.66968326 0.69819005 0.72307692 0.73936652
 0.75791855 0.76923077 0.78099548 0.78778281 0.79683258 0.80226244
 0.80995475 0.81628959 0.82262443 0.82714932 0.83122172 0.83529412
 0.839819   0.84615385]
Time: 2024-10-26 16:20:03; Epoch: 70; pid_loss: 1.0611993;  quantified_localized_integrating_pid_loss: 1.0278164;  quantified_localized_integrating_reasoning_loss: 168.88441;  
Time: 2024-10-26 16:21:05; Epoch: 71; pid_loss: 1.0619591;  quantified_localized_integrating_pid_loss: 1.0269558;  quantified_localized_integrating_reasoning_loss: 168.86871;  
Time: 2024-10-26 16:22:07; Epoch: 72; pid_loss: 1.0561512;  quantified_localized_integrating_pid_loss: 1.0255758;  quantified_localized_integrating_reasoning_loss: 168.6905;  
Time: 2024-10-26 16:23:09; Epoch: 73; pid_loss: 1.0581242;  quantified_localized_integrating_pid_loss: 1.0268396;  quantified_localized_integrating_reasoning_loss: 168.84766;  
Time: 2024-10-26 16:24:11; Epoch: 74; pid_loss: 1.0564008;  quantified_localized_integrating_pid_loss: 1.026761;  quantified_localized_integrating_reasoning_loss: 168.61647;  
Time: 2024-10-26 16:25:08; Test on Dataset: occluded_duke, 
mAP: 0.4468343569110326 
 Rank: [0.55429864 0.62760181 0.66651584 0.69773756 0.7199095  0.73665158
 0.75248869 0.76334842 0.77420814 0.78552036 0.79276018 0.79864253
 0.8040724  0.80769231 0.81447964 0.82036199 0.8239819  0.82895928
 0.83257919 0.83665158]
Time: 2024-10-26 16:26:10; Epoch: 75; pid_loss: 1.0556748;  quantified_localized_integrating_pid_loss: 1.0255141;  quantified_localized_integrating_reasoning_loss: 168.61191;  
Time: 2024-10-26 16:27:12; Epoch: 76; pid_loss: 1.056058;  quantified_localized_integrating_pid_loss: 1.026105;  quantified_localized_integrating_reasoning_loss: 168.45079;  
Time: 2024-10-26 16:28:15; Epoch: 77; pid_loss: 1.057221;  quantified_localized_integrating_pid_loss: 1.025506;  quantified_localized_integrating_reasoning_loss: 168.31677;  
Time: 2024-10-26 16:29:17; Epoch: 78; pid_loss: 1.054389;  quantified_localized_integrating_pid_loss: 1.0251251;  quantified_localized_integrating_reasoning_loss: 168.35684;  
Time: 2024-10-26 16:30:19; Epoch: 79; pid_loss: 1.0563018;  quantified_localized_integrating_pid_loss: 1.0250238;  quantified_localized_integrating_reasoning_loss: 168.15373;  
Time: 2024-10-26 16:31:16; Test on Dataset: occluded_duke, 
mAP: 0.4494638732650414 
 Rank: [0.560181   0.6361991  0.67420814 0.7        0.72714932 0.74705882
 0.76108597 0.76968326 0.78054299 0.78687783 0.79547511 0.80497738
 0.81040724 0.81674208 0.82081448 0.82760181 0.83257919 0.83846154
 0.84343891 0.84615385]
Time: 2024-10-26 16:32:18; Epoch: 80; pid_loss: 1.0549479;  quantified_localized_integrating_pid_loss: 1.0253966;  quantified_localized_integrating_reasoning_loss: 168.17354;  
Time: 2024-10-26 16:33:21; Epoch: 81; pid_loss: 1.0545032;  quantified_localized_integrating_pid_loss: 1.0251957;  quantified_localized_integrating_reasoning_loss: 168.11133;  
Time: 2024-10-26 16:34:22; Epoch: 82; pid_loss: 1.0549358;  quantified_localized_integrating_pid_loss: 1.0259309;  quantified_localized_integrating_reasoning_loss: 168.05801;  
Time: 2024-10-26 16:35:24; Epoch: 83; pid_loss: 1.0550785;  quantified_localized_integrating_pid_loss: 1.0241514;  quantified_localized_integrating_reasoning_loss: 167.97177;  
Time: 2024-10-26 16:36:26; Epoch: 84; pid_loss: 1.0553126;  quantified_localized_integrating_pid_loss: 1.0248494;  quantified_localized_integrating_reasoning_loss: 167.92549;  
Time: 2024-10-26 16:37:23; Test on Dataset: occluded_duke, 
mAP: 0.44599577824423164 
 Rank: [0.5561086  0.6280543  0.67058824 0.69773756 0.71900452 0.73529412
 0.7520362  0.76515837 0.77285068 0.78280543 0.79366516 0.80045249
 0.80859729 0.81493213 0.81809955 0.82352941 0.82895928 0.83031674
 0.83348416 0.83710407]
Time: 2024-10-26 16:38:25; Epoch: 85; pid_loss: 1.0513734;  quantified_localized_integrating_pid_loss: 1.0238098;  quantified_localized_integrating_reasoning_loss: 167.88536;  
Time: 2024-10-26 16:39:27; Epoch: 86; pid_loss: 1.0549133;  quantified_localized_integrating_pid_loss: 1.0249445;  quantified_localized_integrating_reasoning_loss: 167.82564;  
Time: 2024-10-26 16:40:29; Epoch: 87; pid_loss: 1.0521553;  quantified_localized_integrating_pid_loss: 1.0241303;  quantified_localized_integrating_reasoning_loss: 167.80925;  
Time: 2024-10-26 16:41:32; Epoch: 88; pid_loss: 1.0551828;  quantified_localized_integrating_pid_loss: 1.0240963;  quantified_localized_integrating_reasoning_loss: 167.78635;  
Time: 2024-10-26 16:42:34; Epoch: 89; pid_loss: 1.0552622;  quantified_localized_integrating_pid_loss: 1.0250412;  quantified_localized_integrating_reasoning_loss: 167.53175;  
Time: 2024-10-26 16:43:31; Test on Dataset: occluded_duke, 
mAP: 0.4490360638866042 
 Rank: [0.55927602 0.63393665 0.67737557 0.70045249 0.72488688 0.74072398
 0.75656109 0.77149321 0.7800905  0.79049774 0.80045249 0.80542986
 0.81221719 0.81674208 0.82352941 0.8280543  0.83167421 0.83484163
 0.839819   0.84434389]
Time: 2024-10-26 16:44:32; Epoch: 90; pid_loss: 1.0515264;  quantified_localized_integrating_pid_loss: 1.0240992;  quantified_localized_integrating_reasoning_loss: 167.38611;  
Time: 2024-10-26 16:45:34; Epoch: 91; pid_loss: 1.0518793;  quantified_localized_integrating_pid_loss: 1.0249747;  quantified_localized_integrating_reasoning_loss: 167.52422;  
Time: 2024-10-26 16:46:36; Epoch: 92; pid_loss: 1.0535839;  quantified_localized_integrating_pid_loss: 1.0240893;  quantified_localized_integrating_reasoning_loss: 167.38518;  
Time: 2024-10-26 16:47:38; Epoch: 93; pid_loss: 1.054089;  quantified_localized_integrating_pid_loss: 1.0266217;  quantified_localized_integrating_reasoning_loss: 167.44096;  
Time: 2024-10-26 16:48:41; Epoch: 94; pid_loss: 1.0522782;  quantified_localized_integrating_pid_loss: 1.0242753;  quantified_localized_integrating_reasoning_loss: 167.18954;  
Time: 2024-10-26 16:49:37; Test on Dataset: occluded_duke, 
mAP: 0.4525358443061062 
 Rank: [0.56334842 0.63846154 0.68371041 0.70769231 0.73031674 0.74841629
 0.76063348 0.77330317 0.78190045 0.79276018 0.80135747 0.81085973
 0.81764706 0.82352941 0.82941176 0.83303167 0.83800905 0.84072398
 0.84615385 0.85022624]
Time: 2024-10-26 16:50:40; Epoch: 95; pid_loss: 1.0524241;  quantified_localized_integrating_pid_loss: 1.0238358;  quantified_localized_integrating_reasoning_loss: 167.22409;  
Time: 2024-10-26 16:51:41; Epoch: 96; pid_loss: 1.0538373;  quantified_localized_integrating_pid_loss: 1.0250978;  quantified_localized_integrating_reasoning_loss: 167.05986;  
Time: 2024-10-26 16:52:44; Epoch: 97; pid_loss: 1.0524799;  quantified_localized_integrating_pid_loss: 1.024527;  quantified_localized_integrating_reasoning_loss: 167.1622;  
Time: 2024-10-26 16:53:46; Epoch: 98; pid_loss: 1.0520697;  quantified_localized_integrating_pid_loss: 1.0245438;  quantified_localized_integrating_reasoning_loss: 166.9913;  
Time: 2024-10-26 16:54:49; Epoch: 99; pid_loss: 1.0503597;  quantified_localized_integrating_pid_loss: 1.0240982;  quantified_localized_integrating_reasoning_loss: 166.78098;  
Time: 2024-10-26 16:55:46; Test on Dataset: occluded_duke, 
mAP: 0.4543189496493327 
 Rank: [0.56877828 0.63936652 0.68235294 0.70859729 0.72941176 0.74841629
 0.76606335 0.7760181  0.78642534 0.79366516 0.80135747 0.80859729
 0.81538462 0.82307692 0.82760181 0.83122172 0.83574661 0.84027149
 0.84479638 0.85067873]
Time: 2024-10-26 16:56:48; Epoch: 100; pid_loss: 1.0522901;  quantified_localized_integrating_pid_loss: 1.0236617;  quantified_localized_integrating_reasoning_loss: 166.9705;  
Time: 2024-10-26 16:57:50; Epoch: 101; pid_loss: 1.053058;  quantified_localized_integrating_pid_loss: 1.0245562;  quantified_localized_integrating_reasoning_loss: 166.79068;  
Time: 2024-10-26 16:58:52; Epoch: 102; pid_loss: 1.0528986;  quantified_localized_integrating_pid_loss: 1.0236906;  quantified_localized_integrating_reasoning_loss: 166.74364;  
Time: 2024-10-26 16:59:55; Epoch: 103; pid_loss: 1.0520419;  quantified_localized_integrating_pid_loss: 1.0253403;  quantified_localized_integrating_reasoning_loss: 166.69229;  
Time: 2024-10-26 17:00:57; Epoch: 104; pid_loss: 1.0502065;  quantified_localized_integrating_pid_loss: 1.0243373;  quantified_localized_integrating_reasoning_loss: 166.589;  
Time: 2024-10-26 17:01:54; Test on Dataset: occluded_duke, 
mAP: 0.45676489586790725 
 Rank: [0.56832579 0.64162896 0.67963801 0.70995475 0.73438914 0.75067873
 0.76832579 0.77782805 0.78597285 0.79457014 0.8040724  0.81312217
 0.81945701 0.82443439 0.82941176 0.83303167 0.83710407 0.84298643
 0.84705882 0.85022624]
Time: 2024-10-26 17:02:55; Epoch: 105; pid_loss: 1.050651;  quantified_localized_integrating_pid_loss: 1.0238098;  quantified_localized_integrating_reasoning_loss: 166.62328;  
Time: 2024-10-26 17:03:58; Epoch: 106; pid_loss: 1.0503675;  quantified_localized_integrating_pid_loss: 1.0238713;  quantified_localized_integrating_reasoning_loss: 166.52824;  
Time: 2024-10-26 17:05:00; Epoch: 107; pid_loss: 1.0519962;  quantified_localized_integrating_pid_loss: 1.0239613;  quantified_localized_integrating_reasoning_loss: 166.52383;  
Time: 2024-10-26 17:06:02; Epoch: 108; pid_loss: 1.0505818;  quantified_localized_integrating_pid_loss: 1.0232049;  quantified_localized_integrating_reasoning_loss: 166.35626;  
Time: 2024-10-26 17:07:05; Epoch: 109; pid_loss: 1.05273;  quantified_localized_integrating_pid_loss: 1.0243239;  quantified_localized_integrating_reasoning_loss: 166.44902;  
Time: 2024-10-26 17:08:02; Test on Dataset: occluded_duke, 
mAP: 0.45757179517138885 
 Rank: [0.5678733  0.64570136 0.68461538 0.71131222 0.73167421 0.74660633
 0.7638009  0.77963801 0.79095023 0.80135747 0.80904977 0.81809955
 0.82126697 0.82488688 0.82986425 0.83529412 0.84027149 0.84434389
 0.84751131 0.8520362 ]
Time: 2024-10-26 17:09:04; Epoch: 110; pid_loss: 1.051561;  quantified_localized_integrating_pid_loss: 1.0234241;  quantified_localized_integrating_reasoning_loss: 166.32169;  
Time: 2024-10-26 17:10:06; Epoch: 111; pid_loss: 1.0505341;  quantified_localized_integrating_pid_loss: 1.0238004;  quantified_localized_integrating_reasoning_loss: 166.14525;  
Time: 2024-10-26 17:11:08; Epoch: 112; pid_loss: 1.0506225;  quantified_localized_integrating_pid_loss: 1.0235608;  quantified_localized_integrating_reasoning_loss: 166.13979;  
Time: 2024-10-26 17:12:10; Epoch: 113; pid_loss: 1.0497637;  quantified_localized_integrating_pid_loss: 1.0238874;  quantified_localized_integrating_reasoning_loss: 166.12874;  
Time: 2024-10-26 17:13:12; Epoch: 114; pid_loss: 1.0484765;  quantified_localized_integrating_pid_loss: 1.0240368;  quantified_localized_integrating_reasoning_loss: 166.04854;  
Time: 2024-10-26 17:14:09; Test on Dataset: occluded_duke, 
mAP: 0.4641770808471099 
 Rank: [0.57647059 0.65339367 0.6918552  0.71674208 0.73936652 0.75429864
 0.77104072 0.78461538 0.79547511 0.80588235 0.81357466 0.81809955
 0.82307692 0.82941176 0.83665158 0.84298643 0.84660633 0.85113122
 0.85339367 0.8561086 ]
Time: 2024-10-26 17:15:11; Epoch: 115; pid_loss: 1.0491982;  quantified_localized_integrating_pid_loss: 1.0233303;  quantified_localized_integrating_reasoning_loss: 165.96222;  
Time: 2024-10-26 17:16:13; Epoch: 116; pid_loss: 1.0511158;  quantified_localized_integrating_pid_loss: 1.0243311;  quantified_localized_integrating_reasoning_loss: 165.885;  
Time: 2024-10-26 17:17:16; Epoch: 117; pid_loss: 1.0508573;  quantified_localized_integrating_pid_loss: 1.0234354;  quantified_localized_integrating_reasoning_loss: 165.912;  
Time: 2024-10-26 17:18:17; Epoch: 118; pid_loss: 1.0509112;  quantified_localized_integrating_pid_loss: 1.0238638;  quantified_localized_integrating_reasoning_loss: 165.73976;  
Time: 2024-10-26 17:19:20; Epoch: 119; pid_loss: 1.0505538;  quantified_localized_integrating_pid_loss: 1.0240575;  quantified_localized_integrating_reasoning_loss: 165.81769;  
Time: 2024-10-26 17:20:17; Test on Dataset: occluded_duke, 
mAP: 0.456589223451926 
 Rank: [0.56923077 0.64253394 0.68687783 0.71040724 0.73167421 0.7479638
 0.76425339 0.77556561 0.78733032 0.79683258 0.80588235 0.81040724
 0.8158371  0.82217195 0.82760181 0.8321267  0.83665158 0.84162896
 0.84751131 0.85022624]
